INFO-FLOW: Workspace /home/benjamin/Repositories/PynqNet/Hardware/ip_repo/FilterBS300/solution1 opened at Thu Apr 30 13:08:29 CEST 2020
Execute     config_clock -quiet -name default -period 10 -default=false 
INFO: [SYN 201-201] Setting up clock 'default' with a period of 10ns.
Execute     open_platform DefaultPlatform 
Execute     import_lib /tools/Xilinx/Vivado/2019.1/common/technology/xilinx/zynq/zynq 
Execute       source /tools/Xilinx/Vivado/2019.1/common/technology/xilinx/common/xilinx.lib 
Execute         source /tools/Xilinx/Vivado/2019.1/common/technology/xilinx/interface/xilinx_interface.lib 
Execute           source /tools/Xilinx/Vivado/2019.1/common/technology/xilinx/interface/plb46.lib 
Execute           source /tools/Xilinx/Vivado/2019.1/common/technology/xilinx/interface/fsl.lib 
Execute           source /tools/Xilinx/Vivado/2019.1/common/technology/xilinx/interface/axi4.lib 
Execute           source /tools/Xilinx/Vivado/2019.1/common/technology/xilinx/interface/maxi.lib 
Execute           source /tools/Xilinx/Vivado/2019.1/common/technology/xilinx/interface/saxilite.lib 
Execute         source /tools/Xilinx/Vivado/2019.1/common/technology/xilinx/common/dsp48.lib 
Execute         source /tools/Xilinx/Vivado/2019.1/common/technology/xilinx/ip/xfir.lib 
Execute         source /tools/Xilinx/Vivado/2019.1/common/technology/xilinx/ip/xfft.lib 
Execute         source /tools/Xilinx/Vivado/2019.1/common/technology/xilinx/ip/dds_compiler.lib 
Execute       source /tools/Xilinx/Vivado/2019.1/common/technology/xilinx/common/xilinx.hlp 
Execute         source /tools/Xilinx/Vivado/2019.1/common/technology/xilinx/common/target_info.tcl 
Execute         source /tools/Xilinx/Vivado/2019.1/common/technology/xilinx/interface/xilinx_interface.hlp 
Execute           source /tools/Xilinx/Vivado/2019.1/common/technology/xilinx/interface/maxi.hlp 
Execute           source /tools/Xilinx/Vivado/2019.1/common/technology/xilinx/interface/saxilite.hlp 
Execute         source /tools/Xilinx/Vivado/2019.1/common/technology/xilinx/common/dsp48.hlp 
Execute       source /tools/Xilinx/Vivado/2019.1/common/technology/xilinx/zynq/dsp48e1.hlp 
Execute       source /tools/Xilinx/Vivado/2019.1/common/technology/xilinx/common/xilinx.hlp 
Execute         source /tools/Xilinx/Vivado/2019.1/common/technology/xilinx/common/target_info.tcl 
Execute         source /tools/Xilinx/Vivado/2019.1/common/technology/xilinx/interface/xilinx_interface.hlp 
Execute           source /tools/Xilinx/Vivado/2019.1/common/technology/xilinx/interface/maxi.hlp 
Execute           source /tools/Xilinx/Vivado/2019.1/common/technology/xilinx/interface/saxilite.hlp 
Execute         source /tools/Xilinx/Vivado/2019.1/common/technology/xilinx/common/dsp48.hlp 
Execute     source /tools/Xilinx/Vivado/2019.1/common/technology/xilinx/zynq/zynq.gen 
Execute       source /tools/Xilinx/Vivado/2019.1/common/technology/xilinx/common/xilinx.gen 
Execute         source /tools/Xilinx/Vivado/2019.1/common/technology/xilinx/interface/plb46.gen 
Execute         source /tools/Xilinx/Vivado/2019.1/common/technology/xilinx/interface/fsl.gen 
Execute         source /tools/Xilinx/Vivado/2019.1/common/technology/xilinx/interface/axi4.gen 
Execute         source /tools/Xilinx/Vivado/2019.1/common/technology/xilinx/interface/nativeAXI4.gen 
Execute           source /tools/Xilinx/Vivado/2019.1/common/technology/xilinx/interface/saxilite.gen 
Execute           source /tools/Xilinx/Vivado/2019.1/common/technology/xilinx/interface/maxi.gen 
Execute         source /tools/Xilinx/Vivado/2019.1/common/technology/xilinx/scripts/xilinxcoregen.gen 
Execute         source /tools/Xilinx/Vivado/2019.1/common/technology/xilinx/interface/XilEDKCoreGen.gen 
Execute         source /tools/Xilinx/Vivado/2019.1/common/technology/xilinx/ip/dds_compiler.gen 
Execute         source /tools/Xilinx/Vivado/2019.1/common/technology/xilinx/ip/util.gen 
Execute         source /tools/Xilinx/Vivado/2019.1/common/technology/xilinx/ip/xfft.gen 
Execute         source /tools/Xilinx/Vivado/2019.1/common/technology/xilinx/ip/xfir.gen 
Execute         source /tools/Xilinx/Vivado/2019.1/common/technology/xilinx/common/dsp48.gen 
Command       ap_source done; 0.11 sec.
Command     ap_source done; 0.11 sec.
Execute     open_platform DefaultPlatform 
Execute     import_lib /tools/Xilinx/Vivado/2019.1/common/technology/xilinx/zynq/zynq_fpv6 
Execute       source /tools/Xilinx/Vivado/2019.1/common/technology/xilinx/common/xilinx_fp.lib 
Execute       source /tools/Xilinx/Vivado/2019.1/common/technology/xilinx/common/xilinx_fp.hlp 
Execute         source /tools/Xilinx/Vivado/2019.1/common/technology/xilinx/common/xilinx.hlp 
Execute           source /tools/Xilinx/Vivado/2019.1/common/technology/xilinx/common/target_info.tcl 
Execute           source /tools/Xilinx/Vivado/2019.1/common/technology/xilinx/interface/xilinx_interface.hlp 
Execute             source /tools/Xilinx/Vivado/2019.1/common/technology/xilinx/interface/maxi.hlp 
Execute             source /tools/Xilinx/Vivado/2019.1/common/technology/xilinx/interface/saxilite.hlp 
Execute           source /tools/Xilinx/Vivado/2019.1/common/technology/xilinx/common/dsp48.hlp 
Execute     source /tools/Xilinx/Vivado/2019.1/common/technology/xilinx/zynq/zynq_fpv6.gen 
Execute       source /tools/Xilinx/Vivado/2019.1/common/technology/xilinx/common/xilinx_fp.gen 
Execute     set_part xc7z020-clg400-1 
Execute       ap_part_info -name xc7z020-clg400-1 -data single -quiet 
Command       ap_part_info done; 0.41 sec.
Execute       ap_part_info -name xc7z020-clg400-1 -data info 
Execute       add_library xilinx/zynq/zynq:xc7z020:-clg400:-1 
Execute         get_default_platform 
Execute         license_isbetapart xc7z020 
Command         license_isbetapart done; error code: 1; 
Execute         ap_part_info -data single -name xc7z020-clg400-1 
Execute         ap_part_info -name xc7z020-clg400-1 -data resources 
Execute         ap_part_info -name xc7z020-clg400-1 -data info 
Execute         ap_part_info -name xc7z020-clg400-1 -data info 
Execute         config_chip_info -quiet -resource {SLICE 13300} {LUT 53200} {FF 106400} {DSP48E 220} {BRAM 280} {URAM 0} 
Execute         ap_part_info -name xc7z020-clg400-1 -data info 
Execute         config_chip_info -quiet -speed slow 
Execute       add_library xilinx/zynq/zynq_fpv6 
Execute         get_default_platform 
Execute         open_platform DefaultPlatform 
Execute         import_lib /tools/Xilinx/Vivado/2019.1/common/technology/xilinx/zynq/zynq_fpv6 
Execute           source /tools/Xilinx/Vivado/2019.1/common/technology/xilinx/common/xilinx_fp.lib 
Execute           source /tools/Xilinx/Vivado/2019.1/common/technology/xilinx/common/xilinx_fp.hlp 
Execute             source /tools/Xilinx/Vivado/2019.1/common/technology/xilinx/common/xilinx.hlp 
Execute               source /tools/Xilinx/Vivado/2019.1/common/technology/xilinx/common/target_info.tcl 
Execute               source /tools/Xilinx/Vivado/2019.1/common/technology/xilinx/interface/xilinx_interface.hlp 
Execute                 source /tools/Xilinx/Vivado/2019.1/common/technology/xilinx/interface/maxi.hlp 
Execute                 source /tools/Xilinx/Vivado/2019.1/common/technology/xilinx/interface/saxilite.hlp 
Execute               source /tools/Xilinx/Vivado/2019.1/common/technology/xilinx/common/dsp48.hlp 
Execute         source /tools/Xilinx/Vivado/2019.1/common/technology/xilinx/zynq/zynq_fpv6.gen 
Execute           source /tools/Xilinx/Vivado/2019.1/common/technology/xilinx/common/xilinx_fp.gen 
INFO: [HLS 200-10] Setting target device to 'xc7z020-clg400-1'
Execute       ap_part_info -name xc7z020-clg400-1 -data info 
Execute       get_default_platform 
Command     set_part done; 0.5 sec.
Execute     ap_part_info -data single -name xc7z020-clg400-1 
Execute     ap_part_info -name xc7z020-clg400-1 -data resources 
Execute     ap_part_info -name xc7z020-clg400-1 -data info 
Execute     ap_part_info -name xc7z020-clg400-1 -data info 
Execute     config_chip_info -quiet -resource {SLICE 13300} {LUT 53200} {FF 106400} {DSP48E 220} {BRAM 280} {URAM 0} 
Execute     ap_part_info -name xc7z020-clg400-1 -data info 
Execute     config_chip_info -quiet -speed slow 
Command   open_solution done; 0.64 sec.
Execute   set_part xc7z020-clg400-1 -tool vivado 
Execute     ap_part_info -name xc7z020-clg400-1 -data single -quiet 
Execute     ap_part_info -name xc7z020-clg400-1 -data info 
Execute     add_library xilinx/zynq/zynq:xc7z020:-clg400:-1 
Execute       get_default_platform 
Execute       license_isbetapart xc7z020 
Command       license_isbetapart done; error code: 1; 
Execute       ap_part_info -data single -name xc7z020-clg400-1 
Execute       ap_part_info -name xc7z020-clg400-1 -data resources 
Execute       ap_part_info -name xc7z020-clg400-1 -data info 
Execute       ap_part_info -name xc7z020-clg400-1 -data info 
Execute       config_chip_info -quiet -resource {SLICE 13300} {LUT 53200} {FF 106400} {DSP48E 220} {BRAM 280} {URAM 0} 
Execute       ap_part_info -name xc7z020-clg400-1 -data info 
Execute       config_chip_info -quiet -speed slow 
Execute     add_library xilinx/zynq/zynq_fpv6 
Execute       get_default_platform 
Execute       open_platform DefaultPlatform 
Execute       import_lib /tools/Xilinx/Vivado/2019.1/common/technology/xilinx/zynq/zynq_fpv6 
Execute         source /tools/Xilinx/Vivado/2019.1/common/technology/xilinx/common/xilinx_fp.lib 
Execute         source /tools/Xilinx/Vivado/2019.1/common/technology/xilinx/common/xilinx_fp.hlp 
Execute           source /tools/Xilinx/Vivado/2019.1/common/technology/xilinx/common/xilinx.hlp 
Execute             source /tools/Xilinx/Vivado/2019.1/common/technology/xilinx/common/target_info.tcl 
Execute             source /tools/Xilinx/Vivado/2019.1/common/technology/xilinx/interface/xilinx_interface.hlp 
Execute               source /tools/Xilinx/Vivado/2019.1/common/technology/xilinx/interface/maxi.hlp 
Execute               source /tools/Xilinx/Vivado/2019.1/common/technology/xilinx/interface/saxilite.hlp 
Execute             source /tools/Xilinx/Vivado/2019.1/common/technology/xilinx/common/dsp48.hlp 
Execute       source /tools/Xilinx/Vivado/2019.1/common/technology/xilinx/zynq/zynq_fpv6.gen 
Execute         source /tools/Xilinx/Vivado/2019.1/common/technology/xilinx/common/xilinx_fp.gen 
Execute     ap_part_info -name xc7z020-clg400-1 -data info 
Execute     get_default_platform 
Execute   create_clock -period 10 -name default 
Execute   csynth_design 
Execute     get_config_compile -dump_cfg 
Execute     get_config_compile -effort 
Execute     get_config_compile -enable_clang39 
Execute     get_config_compile -g 
Execute     get_config_compile -ng 
Execute     get_config_compile -opt_fp 
Execute     get_config_compile -skip_cdt 
Execute     get_config_compile -skip_syncheck 
Execute     get_config_compile -skip_transform 
Execute     get_config_compile -keep_printf 
Execute     elaborate -effort=medium -skip_syncheck=0 -keep_printf=0 -skip_cdt=0 -skip_transform=0 -ng=0 -g=0 -opt_fp=0 -from_csynth_design=1 
Execute       get_config_schedule -relax_ii_for_timing 
INFO: [SCHED 204-61] Option 'relax_ii_for_timing' is enabled, will increase II to preserve clock frequency constraints.
Execute       get_config_schedule -suppress_dependence_error_break 
INFO: [HLS 200-10] Analyzing design file 'FilterBS300/src/TopLevel.cpp' ... 
INFO-FLOW: Compiling one TU...
Execute       is_m_axi_addr64 
INFO-FLOW: Handling FilterBS300/src/TopLevel.cpp as C++
Execute       ap_part_info -name xc7z020-clg400-1 -data info 
Execute       is_encrypted FilterBS300/src/TopLevel.cpp 
Execute       ap_part_info -name xc7z020-clg400-1 -data info 
INFO-FLOW: Running: GCC PP
INFO-FLOW: Source preprocessing
Execute       clang  -fno-limit-debug-info -gcc-toolchain "/tools/Xilinx/Vivado/2019.1/lnx64/tools/gcc" -hls  -fno-exceptions  -D__llvm__  -E "FilterBS300/src/TopLevel.cpp"     -fno-math-errno -c -emit-llvm -O0  -mllvm -disable-llvm-optzns -fno-threadsafe-statics  -fno-use-cxa-atexit  -fno-threadsafe-statics -fno-use-cxa-atexit -D__CLANG_3_1__ -DAESL_SYN -D__SYNTHESIS__ -D__HLS_SYN__ -I "/tools/Xilinx/Vivado/2019.1/common/technology/autopilot" -I "/tools/Xilinx/Vivado/2019.1/common/technology/autopilot/ap_sysc" -include etc/autopilot_ssdm_op.h -D__DSP48E1__  -o "/home/benjamin/Repositories/PynqNet/Hardware/ip_repo/FilterBS300/solution1/.autopilot/db/TopLevel.pp.0.cpp" 
INFO-FLOW: exec /tools/Xilinx/Vivado/2019.1/lnx64/tools/clang/bin/clang -fno-limit-debug-info -gcc-toolchain /tools/Xilinx/Vivado/2019.1/lnx64/tools/gcc -hls -fno-exceptions -D__llvm__ -E FilterBS300/src/TopLevel.cpp -fno-math-errno -c -emit-llvm -O0 -mllvm -disable-llvm-optzns -fno-threadsafe-statics -fno-use-cxa-atexit -fno-threadsafe-statics -fno-use-cxa-atexit -D__CLANG_3_1__ -DAESL_SYN -D__SYNTHESIS__ -D__HLS_SYN__ -I /tools/Xilinx/Vivado/2019.1/common/technology/autopilot -I /tools/Xilinx/Vivado/2019.1/common/technology/autopilot/ap_sysc -include etc/autopilot_ssdm_op.h -D__DSP48E1__ -o /home/benjamin/Repositories/PynqNet/Hardware/ip_repo/FilterBS300/solution1/.autopilot/db/TopLevel.pp.0.cpp
Command       clang done; 1.56 sec.
Execute       tidy_31 xilinx-xfmat-array-geometry /home/benjamin/Repositories/PynqNet/Hardware/ip_repo/FilterBS300/solution1/.autopilot/db/TopLevel.pp.0.cpp std=gnu++98 
INFO-FLOW: exec /tools/Xilinx/Vivado/2019.1/lnx64/tools/clang-3.9-csynth/bin/tidy-3.1 -header-filter=.* -checks=-*,xilinx-xfmat-array-geometry -quiet -fix /home/benjamin/Repositories/PynqNet/Hardware/ip_repo/FilterBS300/solution1/.autopilot/db/TopLevel.pp.0.cpp -- -std=gnu++98 -fhls -ferror-limit=0
Command       tidy_31 done; 0.16 sec.
INFO-FLOW: Syntax Checking before pre-processing...
Execute       clang -syntaxcheck -src /home/benjamin/Repositories/PynqNet/Hardware/ip_repo/FilterBS300/solution1/.autopilot/db/TopLevel.pp.0.cpp  -fno-limit-debug-info -gcc-toolchain "/tools/Xilinx/Vivado/2019.1/lnx64/tools/gcc" -hls    -fno-math-errno -c -emit-llvm -O0  -mllvm -disable-llvm-optzns -fno-threadsafe-statics  -fno-use-cxa-atexit  -fno-threadsafe-statics -fno-use-cxa-atexit -D__CLANG_3_1__ -DAESL_SYN -D__SYNTHESIS__ -D__HLS_SYN__ -I "/tools/Xilinx/Vivado/2019.1/common/technology/autopilot" -I "/tools/Xilinx/Vivado/2019.1/common/technology/autopilot/ap_sysc" -include etc/autopilot_ssdm_op.h -D__DSP48E1__  "/home/benjamin/Repositories/PynqNet/Hardware/ip_repo/FilterBS300/solution1/.autopilot/db/TopLevel.pp.0.cpp"  -o "/home/benjamin/Repositories/PynqNet/Hardware/ip_repo/FilterBS300/solution1/.autopilot/db/useless.bc"  
INFO-FLOW: exec /tools/Xilinx/Vivado/2019.1/lnx64/tools/clang/bin/clang -fno-limit-debug-info -gcc-toolchain /tools/Xilinx/Vivado/2019.1/lnx64/tools/gcc -hls -fno-math-errno -c -emit-llvm -O0 -mllvm -disable-llvm-optzns -fno-threadsafe-statics -fno-use-cxa-atexit -fno-threadsafe-statics -fno-use-cxa-atexit -D__CLANG_3_1__ -DAESL_SYN -D__SYNTHESIS__ -D__HLS_SYN__ -I /tools/Xilinx/Vivado/2019.1/common/technology/autopilot -I /tools/Xilinx/Vivado/2019.1/common/technology/autopilot/ap_sysc -include etc/autopilot_ssdm_op.h -D__DSP48E1__ /home/benjamin/Repositories/PynqNet/Hardware/ip_repo/FilterBS300/solution1/.autopilot/db/TopLevel.pp.0.cpp -o /home/benjamin/Repositories/PynqNet/Hardware/ip_repo/FilterBS300/solution1/.autopilot/db/useless.bc
ERROR: [HLS 200-70] Compilation errors found: In file included from FilterBS300/src/TopLevel.cpp:1:
In file included from FilterBS300/src/TopLevel.cpp:3:
FilterBS300/src/TopLevelFunctions.h:20:35: error: no member named 'stof' in namespace 'std'
            coeffs.push_back(std::stof(line));
                             ~~~~~^
1 error generated.
Command       clang done; error code: 2; 1.63 sec.
Command     elaborate done; error code: 2; 3.35 sec.
Command   csynth_design done; error code: 2; 3.36 sec.
Command ap_source done; error code: 1; 4.08 sec.
Execute cleanup_all 
