#-----------------------------------------------------------
# Vivado v2019.1 (64-bit)
# SW Build 2552052 on Fri May 24 14:47:09 MDT 2019
# IP Build 2548770 on Fri May 24 18:01:18 MDT 2019
# Start of session at: Sun Feb  9 16:46:07 2020
# Process ID: 28276
# Current directory: /home/benjamin/Repositories/PynqNet
# Command line: vivado
# Log file: /home/benjamin/Repositories/PynqNet/vivado.log
# Journal file: /home/benjamin/Repositories/PynqNet/vivado.jou
#-----------------------------------------------------------
start_gui
open_project /home/benjamin/Repositories/PynqNet/Hardware/Pynq_Echo_Server/Pynq_Echo_Server.xpr
Scanning sources...
Finished scanning sources
INFO: [IP_Flow 19-234] Refreshing IP repositories
INFO: [IP_Flow 19-1700] Loaded user IP repository '/home/benjamin/Repositories/PynqNet/Hardware/IpRepository'.
INFO: [IP_Flow 19-2313] Loaded Vivado IP repository '/tools/Xilinx/Vivado/2019.1/data/ip'.
open_project: Time (s): cpu = 00:00:18 ; elapsed = 00:00:06 . Memory (MB): peak = 6503.004 ; gain = 108.754 ; free physical = 1538 ; free virtual = 7298
update_compile_order -fileset sources_1
file mkdir /home/benjamin/Repositories/PynqNet/Hardware/Pynq_Echo_Server/Pynq_Echo_Server.sdk
file copy -force /home/benjamin/Repositories/PynqNet/Hardware/Pynq_Echo_Server/Pynq_Echo_Server.runs/impl_1/Echo_Server_wrapper.sysdef /home/benjamin/Repositories/PynqNet/Hardware/Pynq_Echo_Server/Pynq_Echo_Server.sdk/Echo_Server_wrapper.hdf

launch_sdk -workspace /home/benjamin/Repositories/PynqNet/Hardware/Pynq_Echo_Server/Pynq_Echo_Server.sdk -hwspec /home/benjamin/Repositories/PynqNet/Hardware/Pynq_Echo_Server/Pynq_Echo_Server.sdk/Echo_Server_wrapper.hdf
INFO: [Vivado 12-393] Launching SDK...
INFO: [Vivado 12-417] Running xsdk -workspace /home/benjamin/Repositories/PynqNet/Hardware/Pynq_Echo_Server/Pynq_Echo_Server.sdk -hwspec /home/benjamin/Repositories/PynqNet/Hardware/Pynq_Echo_Server/Pynq_Echo_Server.sdk/Echo_Server_wrapper.hdf
INFO: [Vivado 12-3157] SDK launch initiated. Please check console for any further messages.
exit
INFO: [Common 17-206] Exiting Vivado at Sun Feb  9 19:56:32 2020...
