#-----------------------------------------------------------
# Webtalk v2019.1 (64-bit)
# SW Build 2552052 on Fri May 24 14:47:09 MDT 2019
# 
# Start of session at: Mon Nov  4 14:52:10 2019
# Process ID: 16087
# Current directory: /home/benjamin/PynqNet/ZyboEthernet/ZyboEthernet.sdk/webtalk
# Command line: wbtcv -mode batch -source sdk_webtalk.tcl
# Log file: /home/benjamin/PynqNet/ZyboEthernet/ZyboEthernet.sdk/webtalk/webtalk.log
# Journal file: /home/benjamin/PynqNet/ZyboEthernet/ZyboEthernet.sdk/webtalk/webtalk.jou
#-----------------------------------------------------------
source sdk_webtalk.tcl
# webtalk_init -webtalk_dir /home/benjamin/PynqNet/ZyboEthernet/ZyboEthernet.sdk/webtalk
# webtalk_register_client -client project
# webtalk_add_data -client project -key date_generated -value "2019-11-04 14:52:08" -context "software_version_and_target_device"
# webtalk_add_data -client project -key product_version -value "SDK v2019.1" -context "software_version_and_target_device"
# webtalk_add_data -client project -key build_version -value "2019.1" -context "software_version_and_target_device"
# webtalk_add_data -client project -key os_platform -value "amd64" -context "software_version_and_target_device"
# webtalk_add_data -client project -key registration_id -value "" -context "software_version_and_target_device"
# webtalk_add_data -client project -key tool_flow -value "SDK" -context "software_version_and_target_device"
# webtalk_add_data -client project -key beta -value "false" -context "software_version_and_target_device"
# webtalk_add_data -client project -key route_design -value "NA" -context "software_version_and_target_device"
# webtalk_add_data -client project -key target_family -value "NA" -context "software_version_and_target_device"
# webtalk_add_data -client project -key target_device -value "NA" -context "software_version_and_target_device"
# webtalk_add_data -client project -key target_package -value "NA" -context "software_version_and_target_device"
# webtalk_add_data -client project -key target_speed -value "NA" -context "software_version_and_target_device"
# webtalk_add_data -client project -key random_id -value "lafhi6nagstol3hujncl52e30n" -context "software_version_and_target_device"
# webtalk_add_data -client project -key project_id -value "2019.1_5" -context "software_version_and_target_device"
# webtalk_add_data -client project -key project_iteration -value "5" -context "software_version_and_target_device"
# webtalk_add_data -client project -key os_name -value "Ubuntu" -context "user_environment"
# webtalk_add_data -client project -key os_release -value "Ubuntu 18.04.3 LTS" -context "user_environment"
# webtalk_add_data -client project -key cpu_name -value "Intel(R) Core(TM) i5-8250U CPU @ 1.60GHz" -context "user_environment"
# webtalk_add_data -client project -key cpu_speed -value "1531.872 MHz" -context "user_environment"
# webtalk_add_data -client project -key total_processors -value "1" -context "user_environment"
# webtalk_add_data -client project -key system_ram -value "8,272 GB" -context "user_environment"
# webtalk_register_client -client sdk
# webtalk_add_data -client sdk -key uid -value "1572871851000" -context "sdk\\\\hardware/1572871851000"
# webtalk_add_data -client sdk -key isZynq -value "true" -context "sdk\\\\hardware/1572871851000"
# webtalk_add_data -client sdk -key isZynqMP -value "false" -context "sdk\\\\hardware/1572871851000"
# webtalk_add_data -client sdk -key Processors -value "2" -context "sdk\\\\hardware/1572871851000"
# webtalk_add_data -client sdk -key VivadoVersion -value "2019.1" -context "sdk\\\\hardware/1572871851000"
# webtalk_add_data -client sdk -key Arch -value "zynq" -context "sdk\\\\hardware/1572871851000"
# webtalk_add_data -client sdk -key Device -value "7z010" -context "sdk\\\\hardware/1572871851000"
# webtalk_add_data -client sdk -key IsHandoff -value "true" -context "sdk\\\\hardware/1572871851000"
# webtalk_add_data -client sdk -key os -value "NA" -context "sdk\\\\hardware/1572871851000"
# webtalk_add_data -client sdk -key apptemplate -value "NA" -context "sdk\\\\hardware/1572871851000"
# webtalk_add_data -client sdk -key RecordType -value "HWCreation" -context "sdk\\\\hardware/1572871851000"
# webtalk_add_data -client sdk -key uid -value "1572871882000" -context "sdk\\\\bsp/1572871882000"
# webtalk_add_data -client sdk -key hwid -value "1572871851000" -context "sdk\\\\bsp/1572871882000"
# webtalk_add_data -client sdk -key os -value "standalone" -context "sdk\\\\bsp/1572871882000"
# webtalk_add_data -client sdk -key apptemplate -value "null" -context "sdk\\\\bsp/1572871882000"
# webtalk_add_data -client sdk -key RecordType -value "BSPCreation" -context "sdk\\\\bsp/1572871882000"
# webtalk_add_data -client sdk -key uid -value "NA" -context "sdk\\\\bsp/1572875528785"
# webtalk_add_data -client sdk -key RecordType -value "ToolUsage" -context "sdk\\\\bsp/1572875528785"
# webtalk_add_data -client sdk -key BootgenCount -value "0" -context "sdk\\\\bsp/1572875528785"
# webtalk_add_data -client sdk -key DebugCount -value "3" -context "sdk\\\\bsp/1572875528785"
# webtalk_add_data -client sdk -key PerfCount -value "0" -context "sdk\\\\bsp/1572875528785"
# webtalk_add_data -client sdk -key FlashCount -value "0" -context "sdk\\\\bsp/1572875528785"
# webtalk_add_data -client sdk -key CrossTriggCount -value "0" -context "sdk\\\\bsp/1572875528785"
# webtalk_add_data -client sdk -key QemuDebugCount -value "0" -context "sdk\\\\bsp/1572875528785"
# webtalk_transmit -clientid 1640376854 -regid "" -xml /home/benjamin/PynqNet/ZyboEthernet/ZyboEthernet.sdk/webtalk/usage_statistics_ext_sdk.xml -html /home/benjamin/PynqNet/ZyboEthernet/ZyboEthernet.sdk/webtalk/usage_statistics_ext_sdk.html -wdm /home/benjamin/PynqNet/ZyboEthernet/ZyboEthernet.sdk/webtalk/sdk_webtalk.wdm -intro "<H3>SDK Usage Report</H3><BR>"
INFO: [Common 17-186] '/home/benjamin/PynqNet/ZyboEthernet/ZyboEthernet.sdk/webtalk/usage_statistics_ext_sdk.xml' has been successfully sent to Xilinx on Mon Nov  4 14:52:14 2019. For additional details about this file, please refer to the WebTalk help file at /tools/Xilinx/SDK/2019.1/doc/webtalk_introduction.html.
# webtalk_terminate
INFO: [Common 17-206] Exiting Webtalk at Mon Nov  4 14:52:14 2019...
