Copyright 1986-2019 Xilinx, Inc. All Rights Reserved.
------------------------------------------------------------------------------------------------
| Tool Version : Vivado v.2019.1 (lin64) Build 2552052 Fri May 24 14:47:09 MDT 2019
| Date         : Mon Feb 10 13:48:56 2020
| Host         : Laptop running 64-bit Ubuntu 18.04.3 LTS
| Command      : report_control_sets -verbose -file Echo_Server_wrapper_control_sets_placed.rpt
| Design       : Echo_Server_wrapper
| Device       : xc7z020
------------------------------------------------------------------------------------------------

Control Set Information

Table of Contents
-----------------
1. Summary
2. Histogram
3. Flip-Flop Distribution
4. Detailed Control Set Information

1. Summary
----------

+----------------------------------------------------------+-------+
|                          Status                          | Count |
+----------------------------------------------------------+-------+
| Total control sets                                       |    92 |
|    Minimum number of control sets                        |    92 |
|    Addition due to synthesis replication                 |     0 |
|    Addition due to physical synthesis replication        |     0 |
| Unused register locations in slices containing registers |   119 |
+----------------------------------------------------------+-------+
* Control sets can be merged at opt_design using control_set_merge or merge_equivalent_drivers
** Run report_qor_suggestions for automated merging and remapping suggestions


2. Histogram
------------

+--------------------+-------+
|       Fanout       | Count |
+--------------------+-------+
| Total control sets |    92 |
| >= 0 to < 4        |     1 |
| >= 4 to < 6        |    13 |
| >= 6 to < 8        |     1 |
| >= 8 to < 10       |    46 |
| >= 10 to < 12      |     2 |
| >= 12 to < 14      |     7 |
| >= 14 to < 16      |     5 |
| >= 16              |    17 |
+--------------------+-------+
* Control sets can be remapped at either synth_design or opt_design


3. Flip-Flop Distribution
-------------------------

+--------------+-----------------------+------------------------+-----------------+--------------+
| Clock Enable | Synchronous Set/Reset | Asynchronous Set/Reset | Total Registers | Total Slices |
+--------------+-----------------------+------------------------+-----------------+--------------+
| No           | No                    | No                     |             178 |           54 |
| No           | No                    | Yes                    |               0 |            0 |
| No           | Yes                   | No                     |             118 |           41 |
| Yes          | No                    | No                     |             454 |          105 |
| Yes          | No                    | Yes                    |               0 |            0 |
| Yes          | Yes                   | No                     |             515 |          136 |
+--------------+-----------------------+------------------------+-----------------+--------------+


4. Detailed Control Set Information
-----------------------------------

+---------------------------------------------------------------------------+-------------------------------------------------------------------------------------------------------------------------------------------------------------------+----------------------------------------------------------------------------------------------------------------------------------------------------------+------------------+----------------+
|                                Clock Signal                               |                                                                           Enable Signal                                                                           |                                                                     Set/Reset Signal                                                                     | Slice Load Count | Bel Load Count |
+---------------------------------------------------------------------------+-------------------------------------------------------------------------------------------------------------------------------------------------------------------+----------------------------------------------------------------------------------------------------------------------------------------------------------+------------------+----------------+
|  Echo_Server_i/processing_system7_0/inst/FCLK_CLK0                        | Echo_Server_i/ps7_0_axi_periph/s00_couplers/auto_pc/inst/gen_axilite.gen_b2s_conv.axilite_b2s/WR.b_channel_0/bid_fifo_0/bresp_push                                |                                                                                                                                                          |                1 |              2 |
|  Echo_Server_i/processing_system7_0/inst/FCLK_CLK0                        |                                                                                                                                                                   | Echo_Server_i/axi_gpio_0/U0/AXI_LITE_IPIF_I/I_SLAVE_ATTACHMENT/clear                                                                                     |                1 |              4 |
|  Echo_Server_i/processing_system7_0/inst/FCLK_CLK0                        | Echo_Server_i/axi_gpio_0/U0/AXI_LITE_IPIF_I/I_SLAVE_ATTACHMENT/start2                                                                                             | Echo_Server_i/axi_gpio_0/U0/AXI_LITE_IPIF_I/I_SLAVE_ATTACHMENT/I_DECODER/cs_ce_clr                                                                       |                1 |              4 |
|  Echo_Server_i/processing_system7_0/inst/FCLK_CLK0                        | Echo_Server_i/axi_gpio_0/U0/AXI_LITE_IPIF_I/I_SLAVE_ATTACHMENT/I_DECODER/bus2ip_rnw_i_reg[0]                                                                      | Echo_Server_i/axi_gpio_0/U0/AXI_LITE_IPIF_I/I_SLAVE_ATTACHMENT/SR[0]                                                                                     |                1 |              4 |
|  Echo_Server_i/processing_system7_0/inst/FCLK_CLK0                        | Echo_Server_i/axi_gpio_0/U0/AXI_LITE_IPIF_I/I_SLAVE_ATTACHMENT/bus2ip_addr_i[8]_i_1_n_0                                                                           | Echo_Server_i/axi_gpio_0/U0/AXI_LITE_IPIF_I/I_SLAVE_ATTACHMENT/SR[0]                                                                                     |                1 |              4 |
|  Echo_Server_i/processing_system7_0/inst/FCLK_CLK0                        |                                                                                                                                                                   | Echo_Server_i/ps7_0_axi_periph/s00_couplers/auto_pc/inst/gen_axilite.gen_b2s_conv.axilite_b2s/SI_REG/aw.aw_pipe/aresetn_d_reg[0]_0                       |                2 |              4 |
|  Echo_Server_i/processing_system7_0/inst/FCLK_CLK0                        |                                                                                                                                                                   | Echo_Server_i/ps7_0_axi_periph/s00_couplers/auto_pc/inst/gen_axilite.gen_b2s_conv.axilite_b2s/SI_REG/ar.ar_pipe/aresetn_d_reg[1]_inv_0                   |                2 |              4 |
|  Echo_Server_i/processing_system7_0/inst/FCLK_CLK0                        | Echo_Server_i/axi_gpio_0/U0/AXI_LITE_IPIF_I/I_SLAVE_ATTACHMENT/I_DECODER/E[0]                                                                                     | Echo_Server_i/axi_gpio_0/U0/AXI_LITE_IPIF_I/I_SLAVE_ATTACHMENT/SR[0]                                                                                     |                1 |              4 |
|  Echo_Server_i/processing_system7_0/inst/FCLK_CLK0                        |                                                                                                                                                                   | Echo_Server_i/rst_ps7_0_100M/U0/EXT_LPF/lpf_int                                                                                                          |                3 |              4 |
|  Echo_Server_i/processing_system7_0/inst/FCLK_CLK0                        | Echo_Server_i/ps7_0_axi_periph/s00_couplers/auto_pc/inst/gen_axilite.gen_b2s_conv.axilite_b2s/RD.ar_channel_0/ar_cmd_fsm_0/m_axi_arready_0                        | Echo_Server_i/ps7_0_axi_periph/s00_couplers/auto_pc/inst/gen_axilite.gen_b2s_conv.axilite_b2s/RD.ar_channel_0/ar_cmd_fsm_0/FSM_sequential_state_reg[1]_0 |                4 |              5 |
|  Echo_Server_i/processing_system7_0/inst/FCLK_CLK0                        | Echo_Server_i/axi_gpio_0/U0/AXI_LITE_IPIF_I/I_SLAVE_ATTACHMENT/s_axi_rresp_i                                                                                      | Echo_Server_i/axi_gpio_0/U0/AXI_LITE_IPIF_I/I_SLAVE_ATTACHMENT/SR[0]                                                                                     |                1 |              5 |
|  Echo_Server_i/processing_system7_0/inst/FCLK_CLK0                        | Echo_Server_i/ps7_0_axi_periph/s00_couplers/auto_pc/inst/gen_axilite.gen_b2s_conv.axilite_b2s/RD.r_channel_0/transaction_fifo_0/cnt_read[4]_i_1__0_n_0            | Echo_Server_i/ps7_0_axi_periph/s00_couplers/auto_pc/inst/gen_axilite.gen_b2s_conv.axilite_b2s/areset_d1                                                  |                2 |              5 |
|  Echo_Server_i/processing_system7_0/inst/FCLK_CLK0                        | Echo_Server_i/ps7_0_axi_periph/s00_couplers/auto_pc/inst/gen_axilite.gen_b2s_conv.axilite_b2s/RD.r_channel_0/transaction_fifo_0/E[0]                              | Echo_Server_i/ps7_0_axi_periph/s00_couplers/auto_pc/inst/gen_axilite.gen_b2s_conv.axilite_b2s/areset_d1                                                  |                2 |              5 |
|  Echo_Server_i/processing_system7_0/inst/FCLK_CLK0                        | Echo_Server_i/ps7_0_axi_periph/s00_couplers/auto_pc/inst/gen_axilite.gen_b2s_conv.axilite_b2s/WR.aw_channel_0/aw_cmd_fsm_0/m_valid_i_reg_0                        | Echo_Server_i/ps7_0_axi_periph/s00_couplers/auto_pc/inst/gen_axilite.gen_b2s_conv.axilite_b2s/WR.aw_channel_0/aw_cmd_fsm_0/m_valid_i_reg                 |                2 |              5 |
|  Echo_Server_i/processing_system7_0/inst/FCLK_CLK0                        | Echo_Server_i/rst_ps7_0_100M/U0/SEQ/seq_cnt_en                                                                                                                    | Echo_Server_i/rst_ps7_0_100M/U0/SEQ/SEQ_COUNTER/clear                                                                                                    |                1 |              6 |
|  Echo_Server_i/processing_system7_0/inst/FCLK_CLK0                        | Echo_Server_i/SixDigitHexDisplay_0/U0/SixDigitHexDisplay_v1_0_S00_AXI_inst/slv_reg2[31]_i_1_n_0                                                                   | Echo_Server_i/SixDigitHexDisplay_0/U0/SixDigitHexDisplay_v1_0_S00_AXI_inst/axi_awready_i_1_n_0                                                           |                2 |              8 |
|  Echo_Server_i/ManInput_0/U0/ManInput_v1_0_S00_AXI_inst/IO/ButDeb_reg_n_0 |                                                                                                                                                                   |                                                                                                                                                          |                2 |              8 |
|  Echo_Server_i/processing_system7_0/inst/FCLK_CLK0                        | Echo_Server_i/SixDigitHexDisplay_0/U0/SixDigitHexDisplay_v1_0_S00_AXI_inst/slv_reg4[23]_i_1_n_0                                                                   | Echo_Server_i/SixDigitHexDisplay_0/U0/SixDigitHexDisplay_v1_0_S00_AXI_inst/axi_awready_i_1_n_0                                                           |                2 |              8 |
|  Echo_Server_i/processing_system7_0/inst/FCLK_CLK0                        | Echo_Server_i/SixDigitHexDisplay_0/U0/SixDigitHexDisplay_v1_0_S00_AXI_inst/slv_reg5[23]_i_1_n_0                                                                   | Echo_Server_i/SixDigitHexDisplay_0/U0/SixDigitHexDisplay_v1_0_S00_AXI_inst/axi_awready_i_1_n_0                                                           |                1 |              8 |
|  Echo_Server_i/processing_system7_0/inst/FCLK_CLK0                        | Echo_Server_i/SixDigitHexDisplay_0/U0/SixDigitHexDisplay_v1_0_S00_AXI_inst/slv_reg6[15]_i_1_n_0                                                                   | Echo_Server_i/SixDigitHexDisplay_0/U0/SixDigitHexDisplay_v1_0_S00_AXI_inst/axi_awready_i_1_n_0                                                           |                2 |              8 |
|  Echo_Server_i/processing_system7_0/inst/FCLK_CLK0                        | Echo_Server_i/SixDigitHexDisplay_0/U0/SixDigitHexDisplay_v1_0_S00_AXI_inst/slv_reg2[23]_i_1_n_0                                                                   | Echo_Server_i/SixDigitHexDisplay_0/U0/SixDigitHexDisplay_v1_0_S00_AXI_inst/axi_awready_i_1_n_0                                                           |                4 |              8 |
|  Echo_Server_i/processing_system7_0/inst/FCLK_CLK0                        | Echo_Server_i/SixDigitHexDisplay_0/U0/SixDigitHexDisplay_v1_0_S00_AXI_inst/slv_reg5[7]_i_1_n_0                                                                    | Echo_Server_i/SixDigitHexDisplay_0/U0/SixDigitHexDisplay_v1_0_S00_AXI_inst/axi_awready_i_1_n_0                                                           |                1 |              8 |
|  Echo_Server_i/processing_system7_0/inst/FCLK_CLK0                        | Echo_Server_i/SixDigitHexDisplay_0/U0/SixDigitHexDisplay_v1_0_S00_AXI_inst/slv_reg5[15]_i_1_n_0                                                                   | Echo_Server_i/SixDigitHexDisplay_0/U0/SixDigitHexDisplay_v1_0_S00_AXI_inst/axi_awready_i_1_n_0                                                           |                1 |              8 |
|  Echo_Server_i/processing_system7_0/inst/FCLK_CLK0                        | Echo_Server_i/SixDigitHexDisplay_0/U0/SixDigitHexDisplay_v1_0_S00_AXI_inst/slv_reg0[31]_i_1_n_0                                                                   | Echo_Server_i/SixDigitHexDisplay_0/U0/SixDigitHexDisplay_v1_0_S00_AXI_inst/axi_awready_i_1_n_0                                                           |                1 |              8 |
|  Echo_Server_i/processing_system7_0/inst/FCLK_CLK0                        | Echo_Server_i/SixDigitHexDisplay_0/U0/SixDigitHexDisplay_v1_0_S00_AXI_inst/slv_reg4[31]_i_1_n_0                                                                   | Echo_Server_i/SixDigitHexDisplay_0/U0/SixDigitHexDisplay_v1_0_S00_AXI_inst/axi_awready_i_1_n_0                                                           |                2 |              8 |
|  Echo_Server_i/processing_system7_0/inst/FCLK_CLK0                        | Echo_Server_i/SixDigitHexDisplay_0/U0/SixDigitHexDisplay_v1_0_S00_AXI_inst/slv_reg5[31]_i_1_n_0                                                                   | Echo_Server_i/SixDigitHexDisplay_0/U0/SixDigitHexDisplay_v1_0_S00_AXI_inst/axi_awready_i_1_n_0                                                           |                2 |              8 |
|  Echo_Server_i/processing_system7_0/inst/FCLK_CLK0                        | Echo_Server_i/ManInput_0/U0/ManInput_v1_0_S00_AXI_inst/slv_reg2[15]_i_1_n_0                                                                                       | Echo_Server_i/ManInput_0/U0/ManInput_v1_0_S00_AXI_inst/IO/SR[0]                                                                                          |                1 |              8 |
|  Echo_Server_i/processing_system7_0/inst/FCLK_CLK0                        | Echo_Server_i/SixDigitHexDisplay_0/U0/SixDigitHexDisplay_v1_0_S00_AXI_inst/slv_reg6[23]_i_1_n_0                                                                   | Echo_Server_i/SixDigitHexDisplay_0/U0/SixDigitHexDisplay_v1_0_S00_AXI_inst/axi_awready_i_1_n_0                                                           |                2 |              8 |
|  Echo_Server_i/processing_system7_0/inst/FCLK_CLK0                        | Echo_Server_i/SixDigitHexDisplay_0/U0/SixDigitHexDisplay_v1_0_S00_AXI_inst/slv_reg2[15]_i_1_n_0                                                                   | Echo_Server_i/SixDigitHexDisplay_0/U0/SixDigitHexDisplay_v1_0_S00_AXI_inst/axi_awready_i_1_n_0                                                           |                3 |              8 |
|  Echo_Server_i/processing_system7_0/inst/FCLK_CLK0                        | Echo_Server_i/SixDigitHexDisplay_0/U0/SixDigitHexDisplay_v1_0_S00_AXI_inst/slv_reg1[23]_i_1_n_0                                                                   | Echo_Server_i/SixDigitHexDisplay_0/U0/SixDigitHexDisplay_v1_0_S00_AXI_inst/axi_awready_i_1_n_0                                                           |                1 |              8 |
|  Echo_Server_i/processing_system7_0/inst/FCLK_CLK0                        | Echo_Server_i/SixDigitHexDisplay_0/U0/SixDigitHexDisplay_v1_0_S00_AXI_inst/slv_reg0[23]_i_1_n_0                                                                   | Echo_Server_i/SixDigitHexDisplay_0/U0/SixDigitHexDisplay_v1_0_S00_AXI_inst/axi_awready_i_1_n_0                                                           |                2 |              8 |
|  Echo_Server_i/processing_system7_0/inst/FCLK_CLK0                        | Echo_Server_i/SixDigitHexDisplay_0/U0/SixDigitHexDisplay_v1_0_S00_AXI_inst/slv_reg1[15]_i_1_n_0                                                                   | Echo_Server_i/SixDigitHexDisplay_0/U0/SixDigitHexDisplay_v1_0_S00_AXI_inst/axi_awready_i_1_n_0                                                           |                1 |              8 |
|  Echo_Server_i/processing_system7_0/inst/FCLK_CLK0                        | Echo_Server_i/SixDigitHexDisplay_0/U0/SixDigitHexDisplay_v1_0_S00_AXI_inst/slv_reg4[7]_i_1_n_0                                                                    | Echo_Server_i/SixDigitHexDisplay_0/U0/SixDigitHexDisplay_v1_0_S00_AXI_inst/axi_awready_i_1_n_0                                                           |                2 |              8 |
|  Echo_Server_i/processing_system7_0/inst/FCLK_CLK0                        | Echo_Server_i/SixDigitHexDisplay_0/U0/SixDigitHexDisplay_v1_0_S00_AXI_inst/slv_reg0[7]_i_1_n_0                                                                    | Echo_Server_i/SixDigitHexDisplay_0/U0/SixDigitHexDisplay_v1_0_S00_AXI_inst/axi_awready_i_1_n_0                                                           |                4 |              8 |
|  Echo_Server_i/processing_system7_0/inst/FCLK_CLK0                        | Echo_Server_i/ManInput_0/U0/ManInput_v1_0_S00_AXI_inst/slv_reg2[31]_i_1_n_0                                                                                       | Echo_Server_i/ManInput_0/U0/ManInput_v1_0_S00_AXI_inst/IO/SR[0]                                                                                          |                1 |              8 |
|  Echo_Server_i/processing_system7_0/inst/FCLK_CLK0                        | Echo_Server_i/SixDigitHexDisplay_0/U0/SixDigitHexDisplay_v1_0_S00_AXI_inst/slv_reg4[15]_i_1_n_0                                                                   | Echo_Server_i/SixDigitHexDisplay_0/U0/SixDigitHexDisplay_v1_0_S00_AXI_inst/axi_awready_i_1_n_0                                                           |                1 |              8 |
|  Echo_Server_i/processing_system7_0/inst/FCLK_CLK0                        | Echo_Server_i/ManInput_0/U0/ManInput_v1_0_S00_AXI_inst/p_1_in[15]                                                                                                 | Echo_Server_i/ManInput_0/U0/ManInput_v1_0_S00_AXI_inst/IO/SR[0]                                                                                          |                1 |              8 |
|  Echo_Server_i/processing_system7_0/inst/FCLK_CLK0                        | Echo_Server_i/SixDigitHexDisplay_0/U0/SixDigitHexDisplay_v1_0_S00_AXI_inst/slv_reg0[15]_i_1_n_0                                                                   | Echo_Server_i/SixDigitHexDisplay_0/U0/SixDigitHexDisplay_v1_0_S00_AXI_inst/axi_awready_i_1_n_0                                                           |                1 |              8 |
|  Echo_Server_i/processing_system7_0/inst/FCLK_CLK0                        | Echo_Server_i/SixDigitHexDisplay_0/U0/SixDigitHexDisplay_v1_0_S00_AXI_inst/slv_reg2[7]_i_1_n_0                                                                    | Echo_Server_i/SixDigitHexDisplay_0/U0/SixDigitHexDisplay_v1_0_S00_AXI_inst/axi_awready_i_1_n_0                                                           |                1 |              8 |
|  Echo_Server_i/processing_system7_0/inst/FCLK_CLK0                        | Echo_Server_i/SixDigitHexDisplay_0/U0/SixDigitHexDisplay_v1_0_S00_AXI_inst/slv_reg3[7]_i_1_n_0                                                                    | Echo_Server_i/SixDigitHexDisplay_0/U0/SixDigitHexDisplay_v1_0_S00_AXI_inst/axi_awready_i_1_n_0                                                           |                1 |              8 |
|  Echo_Server_i/processing_system7_0/inst/FCLK_CLK0                        | Echo_Server_i/SixDigitHexDisplay_0/U0/SixDigitHexDisplay_v1_0_S00_AXI_inst/slv_reg3[15]_i_1_n_0                                                                   | Echo_Server_i/SixDigitHexDisplay_0/U0/SixDigitHexDisplay_v1_0_S00_AXI_inst/axi_awready_i_1_n_0                                                           |                2 |              8 |
|  Echo_Server_i/processing_system7_0/inst/FCLK_CLK0                        | Echo_Server_i/ps7_0_axi_periph/s00_couplers/auto_pc/inst/gen_axilite.gen_b2s_conv.axilite_b2s/WR.b_channel_0/mhandshake_r                                         | Echo_Server_i/ps7_0_axi_periph/s00_couplers/auto_pc/inst/gen_axilite.gen_b2s_conv.axilite_b2s/WR.b_channel_0/bid_fifo_0/SR[0]                            |                4 |              8 |
|  Echo_Server_i/processing_system7_0/inst/FCLK_CLK0                        | Echo_Server_i/ManInput_0/U0/ManInput_v1_0_S00_AXI_inst/slv_reg0[23]_i_1_n_0                                                                                       | Echo_Server_i/ManInput_0/U0/ManInput_v1_0_S00_AXI_inst/IO/SR[0]                                                                                          |                1 |              8 |
|  Echo_Server_i/processing_system7_0/inst/FCLK_CLK0                        | Echo_Server_i/ManInput_0/U0/ManInput_v1_0_S00_AXI_inst/slv_reg1[23]_i_1_n_0                                                                                       | Echo_Server_i/ManInput_0/U0/ManInput_v1_0_S00_AXI_inst/IO/SR[0]                                                                                          |                1 |              8 |
|  Echo_Server_i/processing_system7_0/inst/FCLK_CLK0                        | Echo_Server_i/SixDigitHexDisplay_0/U0/SixDigitHexDisplay_v1_0_S00_AXI_inst/slv_reg1[7]_i_1_n_0                                                                    | Echo_Server_i/SixDigitHexDisplay_0/U0/SixDigitHexDisplay_v1_0_S00_AXI_inst/axi_awready_i_1_n_0                                                           |                1 |              8 |
|  Echo_Server_i/processing_system7_0/inst/FCLK_CLK0                        | Echo_Server_i/SixDigitHexDisplay_0/U0/SixDigitHexDisplay_v1_0_S00_AXI_inst/slv_reg6[7]_i_1_n_0                                                                    | Echo_Server_i/SixDigitHexDisplay_0/U0/SixDigitHexDisplay_v1_0_S00_AXI_inst/axi_awready_i_1_n_0                                                           |                4 |              8 |
|  Echo_Server_i/processing_system7_0/inst/FCLK_CLK0                        | Echo_Server_i/SixDigitHexDisplay_0/U0/SixDigitHexDisplay_v1_0_S00_AXI_inst/slv_reg6[31]_i_1_n_0                                                                   | Echo_Server_i/SixDigitHexDisplay_0/U0/SixDigitHexDisplay_v1_0_S00_AXI_inst/axi_awready_i_1_n_0                                                           |                1 |              8 |
|  Echo_Server_i/processing_system7_0/inst/FCLK_CLK0                        | Echo_Server_i/SixDigitHexDisplay_0/U0/SixDigitHexDisplay_v1_0_S00_AXI_inst/slv_reg3[31]_i_1_n_0                                                                   | Echo_Server_i/SixDigitHexDisplay_0/U0/SixDigitHexDisplay_v1_0_S00_AXI_inst/axi_awready_i_1_n_0                                                           |                3 |              8 |
|  Echo_Server_i/processing_system7_0/inst/FCLK_CLK0                        | Echo_Server_i/SixDigitHexDisplay_0/U0/SixDigitHexDisplay_v1_0_S00_AXI_inst/slv_reg3[23]_i_1_n_0                                                                   | Echo_Server_i/SixDigitHexDisplay_0/U0/SixDigitHexDisplay_v1_0_S00_AXI_inst/axi_awready_i_1_n_0                                                           |                2 |              8 |
|  Echo_Server_i/processing_system7_0/inst/FCLK_CLK0                        | Echo_Server_i/ManInput_0/U0/ManInput_v1_0_S00_AXI_inst/slv_reg2[7]_i_1_n_0                                                                                        | Echo_Server_i/ManInput_0/U0/ManInput_v1_0_S00_AXI_inst/IO/SR[0]                                                                                          |                1 |              8 |
|  Echo_Server_i/processing_system7_0/inst/FCLK_CLK0                        | Echo_Server_i/ManInput_0/U0/ManInput_v1_0_S00_AXI_inst/slv_reg0[31]_i_1_n_0                                                                                       | Echo_Server_i/ManInput_0/U0/ManInput_v1_0_S00_AXI_inst/IO/SR[0]                                                                                          |                1 |              8 |
|  Echo_Server_i/processing_system7_0/inst/FCLK_CLK0                        | Echo_Server_i/ManInput_0/U0/ManInput_v1_0_S00_AXI_inst/slv_reg1[31]_i_1_n_0                                                                                       | Echo_Server_i/ManInput_0/U0/ManInput_v1_0_S00_AXI_inst/IO/SR[0]                                                                                          |                1 |              8 |
|  Echo_Server_i/processing_system7_0/inst/FCLK_CLK0                        | Echo_Server_i/ManInput_0/U0/ManInput_v1_0_S00_AXI_inst/slv_reg2[23]_i_1_n_0                                                                                       | Echo_Server_i/ManInput_0/U0/ManInput_v1_0_S00_AXI_inst/IO/SR[0]                                                                                          |                1 |              8 |
|  Echo_Server_i/processing_system7_0/inst/FCLK_CLK0                        |                                                                                                                                                                   | Echo_Server_i/axi_gpio_0/U0/gpio_core_1/Read_Reg_Rst                                                                                                     |                2 |              8 |
|  Echo_Server_i/processing_system7_0/inst/FCLK_CLK0                        | Echo_Server_i/ManInput_0/U0/ManInput_v1_0_S00_AXI_inst/slv_reg0[15]_i_1_n_0                                                                                       | Echo_Server_i/ManInput_0/U0/ManInput_v1_0_S00_AXI_inst/IO/SR[0]                                                                                          |                1 |              8 |
|  Echo_Server_i/processing_system7_0/inst/FCLK_CLK0                        | Echo_Server_i/ManInput_0/U0/ManInput_v1_0_S00_AXI_inst/slv_reg1[15]_i_1_n_0                                                                                       | Echo_Server_i/ManInput_0/U0/ManInput_v1_0_S00_AXI_inst/IO/SR[0]                                                                                          |                1 |              8 |
|  Echo_Server_i/processing_system7_0/inst/FCLK_CLK0                        | Echo_Server_i/ManInput_0/U0/ManInput_v1_0_S00_AXI_inst/slv_reg1[7]_i_1_n_0                                                                                        | Echo_Server_i/ManInput_0/U0/ManInput_v1_0_S00_AXI_inst/IO/SR[0]                                                                                          |                1 |              8 |
|  Echo_Server_i/processing_system7_0/inst/FCLK_CLK0                        | Echo_Server_i/SixDigitHexDisplay_0/U0/SixDigitHexDisplay_v1_0_S00_AXI_inst/slv_reg1[31]_i_1_n_0                                                                   | Echo_Server_i/SixDigitHexDisplay_0/U0/SixDigitHexDisplay_v1_0_S00_AXI_inst/axi_awready_i_1_n_0                                                           |                1 |              8 |
|  Echo_Server_i/processing_system7_0/inst/FCLK_CLK0                        | Echo_Server_i/ManInput_0/U0/ManInput_v1_0_S00_AXI_inst/p_1_in[31]                                                                                                 | Echo_Server_i/ManInput_0/U0/ManInput_v1_0_S00_AXI_inst/IO/SR[0]                                                                                          |                1 |              8 |
|  Echo_Server_i/processing_system7_0/inst/FCLK_CLK0                        | Echo_Server_i/ManInput_0/U0/ManInput_v1_0_S00_AXI_inst/p_1_in[7]                                                                                                  | Echo_Server_i/ManInput_0/U0/ManInput_v1_0_S00_AXI_inst/IO/SR[0]                                                                                          |                1 |              8 |
|  Echo_Server_i/processing_system7_0/inst/FCLK_CLK0                        | Echo_Server_i/ManInput_0/U0/ManInput_v1_0_S00_AXI_inst/p_1_in[23]                                                                                                 | Echo_Server_i/ManInput_0/U0/ManInput_v1_0_S00_AXI_inst/IO/SR[0]                                                                                          |                1 |              8 |
|  Echo_Server_i/processing_system7_0/inst/FCLK_CLK0                        |                                                                                                                                                                   | Echo_Server_i/ps7_0_axi_periph/s00_couplers/auto_pc/inst/gen_axilite.gen_b2s_conv.axilite_b2s/areset_d1                                                  |                4 |             10 |
|  Echo_Server_i/processing_system7_0/inst/FCLK_CLK0                        |                                                                                                                                                                   | Echo_Server_i/ManInput_0/U0/ManInput_v1_0_S00_AXI_inst/IO/SR[0]                                                                                          |                4 |             10 |
|  Echo_Server_i/processing_system7_0/inst/FCLK_CLK0                        | Echo_Server_i/ps7_0_axi_periph/s00_couplers/auto_pc/inst/gen_axilite.gen_b2s_conv.axilite_b2s/WR.aw_channel_0/aw_cmd_fsm_0/E[0]                                   |                                                                                                                                                          |                3 |             12 |
|  Echo_Server_i/processing_system7_0/inst/FCLK_CLK0                        | Echo_Server_i/ps7_0_axi_periph/s00_couplers/auto_pc/inst/gen_axilite.gen_b2s_conv.axilite_b2s/WR.aw_channel_0/cmd_translator_0/incr_cmd_0/axaddr_incr[11]_i_1_n_0 |                                                                                                                                                          |                2 |             12 |
|  Echo_Server_i/processing_system7_0/inst/FCLK_CLK0                        | Echo_Server_i/ps7_0_axi_periph/s00_couplers/auto_pc/inst/gen_axilite.gen_b2s_conv.axilite_b2s/RD.ar_channel_0/ar_cmd_fsm_0/sel_first_reg[0]                       |                                                                                                                                                          |                3 |             12 |
|  Echo_Server_i/processing_system7_0/inst/FCLK_CLK0                        | Echo_Server_i/ps7_0_axi_periph/s00_couplers/auto_pc/inst/gen_axilite.gen_b2s_conv.axilite_b2s/RD.ar_channel_0/ar_cmd_fsm_0/E[0]                                   |                                                                                                                                                          |                5 |             12 |
|  Echo_Server_i/processing_system7_0/inst/FCLK_CLK0                        |                                                                                                                                                                   | Echo_Server_i/SixDigitHexDisplay_0/U0/SixDigitHexDisplay_v1_0_S00_AXI_inst/axi_awready_i_1_n_0                                                           |                5 |             12 |
|  Echo_Server_i/processing_system7_0/inst/FCLK_CLK0                        |                                                                                                                                                                   | Echo_Server_i/ps7_0_axi_periph/xbar/inst/gen_sasd.crossbar_sasd_0/addr_arbiter_inst/SR[0]                                                                |                4 |             13 |
|  Echo_Server_i/processing_system7_0/inst/FCLK_CLK0                        | Echo_Server_i/ps7_0_axi_periph/s00_couplers/auto_pc/inst/gen_axilite.gen_b2s_conv.axilite_b2s/RD.r_channel_0/r_push_r                                             |                                                                                                                                                          |                4 |             13 |
|  Echo_Server_i/processing_system7_0/inst/FCLK_CLK0                        | Echo_Server_i/ps7_0_axi_periph/s00_couplers/auto_pc/inst/gen_axilite.gen_b2s_conv.axilite_b2s/SI_REG/b.b_pipe/s_ready_i_reg_0                                     |                                                                                                                                                          |                4 |             14 |
|  Echo_Server_i/processing_system7_0/inst/FCLK_CLK0                        | Echo_Server_i/ps7_0_axi_periph/s00_couplers/auto_pc/inst/gen_axilite.gen_b2s_conv.axilite_b2s/SI_REG/b.b_pipe/p_1_in                                              |                                                                                                                                                          |                4 |             14 |
|  Echo_Server_i/processing_system7_0/inst/FCLK_CLK0                        |                                                                                                                                                                   | Echo_Server_i/SixDigitHexDisplay_0/U0/SixDigitHexDisplay_v1_0_S00_AXI_inst/DispController/counter[0]_i_1_n_0                                             |                4 |             14 |
|  Echo_Server_i/processing_system7_0/inst/FCLK_CLK0                        |                                                                                                                                                                   | Echo_Server_i/ManInput_0/U0/ManInput_v1_0_S00_AXI_inst/IO/delay[0]_i_1_n_0                                                                               |                4 |             15 |
|  Echo_Server_i/processing_system7_0/inst/FCLK_CLK0                        | Echo_Server_i/ps7_0_axi_periph/xbar/inst/gen_sasd.crossbar_sasd_0/reg_slice_r/aa_rready                                                                           |                                                                                                                                                          |                5 |             15 |
|  Echo_Server_i/processing_system7_0/inst/FCLK_CLK0                        | Echo_Server_i/ps7_0_axi_periph/s00_couplers/auto_pc/inst/gen_axilite.gen_b2s_conv.axilite_b2s/WR.aw_channel_0/aw_cmd_fsm_0/b_push                                 |                                                                                                                                                          |                3 |             16 |
|  Echo_Server_i/processing_system7_0/inst/FCLK_CLK0                        |                                                                                                                                                                   | Echo_Server_i/axi_gpio_0/U0/AXI_LITE_IPIF_I/I_SLAVE_ATTACHMENT/SR[0]                                                                                     |                6 |             20 |
|  Echo_Server_i/processing_system7_0/inst/FCLK_CLK0                        | Echo_Server_i/ps7_0_axi_periph/xbar/inst/gen_sasd.crossbar_sasd_0/addr_arbiter_inst/p_0_in1_in                                                                    | Echo_Server_i/ps7_0_axi_periph/xbar/inst/gen_sasd.crossbar_sasd_0/addr_arbiter_inst/SR[0]                                                                |                6 |             20 |
|  Echo_Server_i/processing_system7_0/inst/FCLK_CLK0                        | Echo_Server_i/ps7_0_axi_periph/s00_couplers/auto_pc/inst/gen_axilite.gen_b2s_conv.axilite_b2s/RD.ar_channel_0/ar_cmd_fsm_0/m_axi_arready_0                        |                                                                                                                                                          |                9 |             21 |
|  Echo_Server_i/processing_system7_0/inst/FCLK_CLK0                        | Echo_Server_i/ps7_0_axi_periph/s00_couplers/auto_pc/inst/gen_axilite.gen_b2s_conv.axilite_b2s/WR.aw_channel_0/aw_cmd_fsm_0/m_valid_i_reg_0                        |                                                                                                                                                          |                9 |             21 |
|  Echo_Server_i/processing_system7_0/inst/FCLK_CLK0                        | Echo_Server_i/ManInput_0/U0/ManInput_v1_0_S00_AXI_inst/slv_reg_rden                                                                                               | Echo_Server_i/ManInput_0/U0/ManInput_v1_0_S00_AXI_inst/IO/SR[0]                                                                                          |               12 |             32 |
|  Echo_Server_i/processing_system7_0/inst/FCLK_CLK0                        | Echo_Server_i/SixDigitHexDisplay_0/U0/SixDigitHexDisplay_v1_0_S00_AXI_inst/slv_reg_rden                                                                           | Echo_Server_i/SixDigitHexDisplay_0/U0/SixDigitHexDisplay_v1_0_S00_AXI_inst/axi_awready_i_1_n_0                                                           |               24 |             32 |
|  Echo_Server_i/processing_system7_0/inst/FCLK_CLK0                        | Echo_Server_i/ManInput_0/U0/ManInput_v1_0_S00_AXI_inst/IO/p_0_in                                                                                                  | Echo_Server_i/ManInput_0/U0/ManInput_v1_0_S00_AXI_inst/IO/SR[0]                                                                                          |                8 |             32 |
|  Echo_Server_i/processing_system7_0/inst/FCLK_CLK0                        | Echo_Server_i/ps7_0_axi_periph/s00_couplers/auto_pc/inst/gen_axilite.gen_b2s_conv.axilite_b2s/RD.r_channel_0/rd_data_fifo_0/wr_en0                                |                                                                                                                                                          |                9 |             34 |
|  Echo_Server_i/processing_system7_0/inst/FCLK_CLK0                        | Echo_Server_i/ps7_0_axi_periph/xbar/inst/gen_sasd.crossbar_sasd_0/addr_arbiter_inst/E[0]                                                                          |                                                                                                                                                          |                7 |             35 |
|  Echo_Server_i/processing_system7_0/inst/FCLK_CLK0                        | Echo_Server_i/ps7_0_axi_periph/s00_couplers/auto_pc/inst/gen_axilite.gen_b2s_conv.axilite_b2s/SI_REG/r.r_pipe/p_1_in                                              |                                                                                                                                                          |                7 |             47 |
|  Echo_Server_i/processing_system7_0/inst/FCLK_CLK0                        | Echo_Server_i/ps7_0_axi_periph/s00_couplers/auto_pc/inst/gen_axilite.gen_b2s_conv.axilite_b2s/SI_REG/r.r_pipe/s_ready_i_reg_0                                     |                                                                                                                                                          |                9 |             47 |
|  Echo_Server_i/processing_system7_0/inst/FCLK_CLK0                        | Echo_Server_i/ps7_0_axi_periph/s00_couplers/auto_pc/inst/gen_axilite.gen_b2s_conv.axilite_b2s/SI_REG/ar.ar_pipe/s_ready_i_reg_0                                   |                                                                                                                                                          |               11 |             48 |
|  Echo_Server_i/processing_system7_0/inst/FCLK_CLK0                        | Echo_Server_i/ps7_0_axi_periph/s00_couplers/auto_pc/inst/gen_axilite.gen_b2s_conv.axilite_b2s/SI_REG/aw.aw_pipe/s_ready_i_reg_0                                   |                                                                                                                                                          |                9 |             48 |
|  Echo_Server_i/processing_system7_0/inst/FCLK_CLK0                        | Echo_Server_i/ps7_0_axi_periph/s00_couplers/auto_pc/inst/gen_axilite.gen_b2s_conv.axilite_b2s/RD.ar_channel_0/ar_cmd_fsm_0/FSM_sequential_state_reg[1]_1[0]       |                                                                                                                                                          |                9 |             48 |
|  Echo_Server_i/processing_system7_0/inst/FCLK_CLK0                        | Echo_Server_i/ps7_0_axi_periph/s00_couplers/auto_pc/inst/gen_axilite.gen_b2s_conv.axilite_b2s/WR.aw_channel_0/aw_cmd_fsm_0/m_valid_i_reg_1[0]                     |                                                                                                                                                          |                9 |             48 |
|  Echo_Server_i/processing_system7_0/inst/FCLK_CLK0                        |                                                                                                                                                                   |                                                                                                                                                          |               53 |            171 |
+---------------------------------------------------------------------------+-------------------------------------------------------------------------------------------------------------------------------------------------------------------+----------------------------------------------------------------------------------------------------------------------------------------------------------+------------------+----------------+


