#-----------------------------------------------------------
# Vivado v2019.1 (64-bit)
# SW Build 2552052 on Fri May 24 14:49:42 MDT 2019
# IP Build 2548770 on Fri May 24 18:01:18 MDT 2019
# Start of session at: Tue Dec  3 11:35:29 2019
# Process ID: 5224
# Current directory: Z:/Repositories/PynqNet/IpRepository/CRC-Generator
# Command line: vivado.exe -gui_launcher_event rodinguilauncherevent5208 Z:\Repositories\PynqNet\IpRepository\CRC-Generator\CRC-Generator.xpr
# Log file: Z:/Repositories/PynqNet/IpRepository/CRC-Generator/vivado.log
# Journal file: Z:/Repositories/PynqNet/IpRepository/CRC-Generator\vivado.jou
#-----------------------------------------------------------
start_gui
open_project Z:/Repositories/PynqNet/IpRepository/CRC-Generator/CRC-Generator.xpr
Scanning sources...
Finished scanning sources
INFO: [IP_Flow 19-234] Refreshing IP repositories
INFO: [IP_Flow 19-1704] No user IP repositories specified
INFO: [IP_Flow 19-2313] Loaded Vivado IP repository 'C:/Xilinx/Vivado/2019.1/data/ip'.
open_project: Time (s): cpu = 00:00:14 ; elapsed = 00:00:05 . Memory (MB): peak = 786.258 ; gain = 102.434
update_compile_order -fileset sources_1
exit
INFO: [Common 17-206] Exiting Vivado at Tue Dec  3 12:08:41 2019...
