20:32:30 INFO  : Registering command handlers for SDK TCF services
20:32:32 INFO  : Launching XSCT server: xsct -n -interactive /home/benjamin/Pynq_Echo_Server/Pynq_Echo_Server.sdk/temp_xsdb_launch_script.tcl
20:32:36 INFO  : XSCT server has started successfully.
20:32:36 INFO  : Successfully done setting XSCT server connection channel  
20:32:36 INFO  : Successfully done setting SDK workspace  
20:32:36 INFO  : Processing command line option -hwspec /home/benjamin/Pynq_Echo_Server/Pynq_Echo_Server.sdk/Echo_Server_wrapper.hdf.
20:40:43 INFO  : Refreshed build settings on project Echo_Server
20:46:00 INFO  : Connected to target on host '127.0.0.1' and port '3121'.
20:46:01 INFO  : 'targets -set -filter {jtag_cable_name =~ "Xilinx PYNQ-Z1 003017A6E103A" && level==0} -index 1' command is executed.
20:46:03 INFO  : FPGA configured successfully with bitstream "/home/benjamin/Pynq_Echo_Server/Pynq_Echo_Server.sdk/Echo_Server_wrapper_hw_platform_0/Echo_Server_wrapper.bit"
20:47:41 INFO  : 'targets -set -filter {jtag_cable_name =~ "Xilinx PYNQ-Z1 003017A6E103A" && level==0} -index 1' command is executed.
20:47:41 INFO  : 'fpga -state' command is executed.
20:47:41 INFO  : Connected to target on host '127.0.0.1' and port '3121'.
20:47:41 INFO  : Jtag cable 'Xilinx PYNQ-Z1 003017A6E103A' is selected.
20:47:41 INFO  : 'jtag frequency' command is executed.
20:47:41 INFO  : Sourcing of '/home/benjamin/Pynq_Echo_Server/Pynq_Echo_Server.sdk/Echo_Server_wrapper_hw_platform_0/ps7_init.tcl' is done.
20:47:41 INFO  : Context for 'APU' is selected.
20:47:41 INFO  : Hardware design information is loaded from '/home/benjamin/Pynq_Echo_Server/Pynq_Echo_Server.sdk/Echo_Server_wrapper_hw_platform_0/system.hdf'.
20:47:41 INFO  : 'configparams force-mem-access 1' command is executed.
20:47:41 INFO  : Context for 'APU' is selected.
20:47:41 INFO  : 'stop' command is executed.
20:47:42 INFO  : 'ps7_init' command is executed.
20:47:42 INFO  : 'ps7_post_config' command is executed.
20:47:42 INFO  : Context for processor 'ps7_cortexa9_0' is selected.
20:47:42 INFO  : Processor reset is completed for 'ps7_cortexa9_0'.
20:47:42 INFO  : Context for processor 'ps7_cortexa9_0' is selected.
20:47:42 INFO  : The application '/home/benjamin/Pynq_Echo_Server/Pynq_Echo_Server.sdk/Echo_Server/Debug/Echo_Server.elf' is downloaded to processor 'ps7_cortexa9_0'.
20:47:42 INFO  : 'configparams force-mem-access 0' command is executed.
20:47:42 INFO  : ----------------XSDB Script----------------
connect -url tcp:127.0.0.1:3121
source /home/benjamin/Pynq_Echo_Server/Pynq_Echo_Server.sdk/Echo_Server_wrapper_hw_platform_0/ps7_init.tcl
targets -set -nocase -filter {name =~"APU*" && jtag_cable_name =~ "Xilinx PYNQ-Z1 003017A6E103A"} -index 0
loadhw -hw /home/benjamin/Pynq_Echo_Server/Pynq_Echo_Server.sdk/Echo_Server_wrapper_hw_platform_0/system.hdf -mem-ranges [list {0x40000000 0xbfffffff}]
configparams force-mem-access 1
targets -set -nocase -filter {name =~"APU*" && jtag_cable_name =~ "Xilinx PYNQ-Z1 003017A6E103A"} -index 0
stop
ps7_init
ps7_post_config
targets -set -nocase -filter {name =~ "ARM*#0" && jtag_cable_name =~ "Xilinx PYNQ-Z1 003017A6E103A"} -index 0
rst -processor
targets -set -nocase -filter {name =~ "ARM*#0" && jtag_cable_name =~ "Xilinx PYNQ-Z1 003017A6E103A"} -index 0
dow /home/benjamin/Pynq_Echo_Server/Pynq_Echo_Server.sdk/Echo_Server/Debug/Echo_Server.elf
configparams force-mem-access 0
----------------End of Script----------------

20:47:42 INFO  : Context for processor 'ps7_cortexa9_0' is selected.
20:47:42 INFO  : 'con' command is executed.
20:47:42 INFO  : ----------------XSDB Script (After Launch)----------------
targets -set -nocase -filter {name =~ "ARM*#0" && jtag_cable_name =~ "Xilinx PYNQ-Z1 003017A6E103A"} -index 0
con
----------------End of Script----------------

20:47:42 INFO  : Disconnected from the channel tcfchan#1.
20:48:39 INFO  : Refreshed build settings on project Echo_Server
20:48:51 INFO  : Connected to target on host '127.0.0.1' and port '3121'.
20:48:51 INFO  : 'targets -set -filter {jtag_cable_name =~ "Xilinx PYNQ-Z1 003017A6E103A" && level==0} -index 1' command is executed.
20:48:53 INFO  : FPGA configured successfully with bitstream "/home/benjamin/Pynq_Echo_Server/Pynq_Echo_Server.sdk/Echo_Server_wrapper_hw_platform_0/Echo_Server_wrapper.bit"
20:49:03 INFO  : 'targets -set -filter {jtag_cable_name =~ "Xilinx PYNQ-Z1 003017A6E103A" && level==0} -index 1' command is executed.
20:49:03 INFO  : 'fpga -state' command is executed.
20:49:03 INFO  : Connected to target on host '127.0.0.1' and port '3121'.
20:49:03 INFO  : Jtag cable 'Xilinx PYNQ-Z1 003017A6E103A' is selected.
20:49:03 INFO  : 'jtag frequency' command is executed.
20:49:03 INFO  : Sourcing of '/home/benjamin/Pynq_Echo_Server/Pynq_Echo_Server.sdk/Echo_Server_wrapper_hw_platform_0/ps7_init.tcl' is done.
20:49:03 INFO  : Context for 'APU' is selected.
20:49:03 INFO  : Hardware design information is loaded from '/home/benjamin/Pynq_Echo_Server/Pynq_Echo_Server.sdk/Echo_Server_wrapper_hw_platform_0/system.hdf'.
20:49:03 INFO  : 'configparams force-mem-access 1' command is executed.
20:49:03 INFO  : Context for 'APU' is selected.
20:49:03 INFO  : 'stop' command is executed.
20:49:03 INFO  : 'ps7_init' command is executed.
20:49:03 INFO  : 'ps7_post_config' command is executed.
20:49:03 INFO  : Context for processor 'ps7_cortexa9_0' is selected.
20:49:04 INFO  : Processor reset is completed for 'ps7_cortexa9_0'.
20:49:04 INFO  : Context for processor 'ps7_cortexa9_0' is selected.
20:49:04 INFO  : The application '/home/benjamin/Pynq_Echo_Server/Pynq_Echo_Server.sdk/Echo_Server/Debug/Echo_Server.elf' is downloaded to processor 'ps7_cortexa9_0'.
20:49:04 INFO  : 'configparams force-mem-access 0' command is executed.
20:49:04 INFO  : ----------------XSDB Script----------------
connect -url tcp:127.0.0.1:3121
source /home/benjamin/Pynq_Echo_Server/Pynq_Echo_Server.sdk/Echo_Server_wrapper_hw_platform_0/ps7_init.tcl
targets -set -nocase -filter {name =~"APU*" && jtag_cable_name =~ "Xilinx PYNQ-Z1 003017A6E103A"} -index 0
loadhw -hw /home/benjamin/Pynq_Echo_Server/Pynq_Echo_Server.sdk/Echo_Server_wrapper_hw_platform_0/system.hdf -mem-ranges [list {0x40000000 0xbfffffff}]
configparams force-mem-access 1
targets -set -nocase -filter {name =~"APU*" && jtag_cable_name =~ "Xilinx PYNQ-Z1 003017A6E103A"} -index 0
stop
ps7_init
ps7_post_config
targets -set -nocase -filter {name =~ "ARM*#0" && jtag_cable_name =~ "Xilinx PYNQ-Z1 003017A6E103A"} -index 0
rst -processor
targets -set -nocase -filter {name =~ "ARM*#0" && jtag_cable_name =~ "Xilinx PYNQ-Z1 003017A6E103A"} -index 0
dow /home/benjamin/Pynq_Echo_Server/Pynq_Echo_Server.sdk/Echo_Server/Debug/Echo_Server.elf
configparams force-mem-access 0
----------------End of Script----------------

20:49:04 INFO  : Context for processor 'ps7_cortexa9_0' is selected.
20:49:04 INFO  : 'con' command is executed.
20:49:04 INFO  : ----------------XSDB Script (After Launch)----------------
targets -set -nocase -filter {name =~ "ARM*#0" && jtag_cable_name =~ "Xilinx PYNQ-Z1 003017A6E103A"} -index 0
con
----------------End of Script----------------

20:49:04 INFO  : Disconnected from the channel tcfchan#2.
20:59:02 INFO  : 'targets -set -filter {jtag_cable_name =~ "Xilinx PYNQ-Z1 003017A6E103A" && level==0} -index 1' command is executed.
20:59:02 INFO  : 'fpga -state' command is executed.
20:59:02 INFO  : Connected to target on host '127.0.0.1' and port '3121'.
20:59:02 INFO  : Jtag cable 'Xilinx PYNQ-Z1 003017A6E103A' is selected.
20:59:02 INFO  : 'jtag frequency' command is executed.
20:59:02 INFO  : Sourcing of '/home/benjamin/Pynq_Echo_Server/Pynq_Echo_Server.sdk/Echo_Server_wrapper_hw_platform_0/ps7_init.tcl' is done.
20:59:02 INFO  : Context for 'APU' is selected.
20:59:02 INFO  : Hardware design information is loaded from '/home/benjamin/Pynq_Echo_Server/Pynq_Echo_Server.sdk/Echo_Server_wrapper_hw_platform_0/system.hdf'.
20:59:02 INFO  : 'configparams force-mem-access 1' command is executed.
20:59:02 INFO  : Context for 'APU' is selected.
20:59:02 INFO  : 'stop' command is executed.
20:59:03 INFO  : 'ps7_init' command is executed.
20:59:03 INFO  : 'ps7_post_config' command is executed.
20:59:03 INFO  : Context for processor 'ps7_cortexa9_0' is selected.
20:59:03 INFO  : Processor reset is completed for 'ps7_cortexa9_0'.
20:59:03 INFO  : Context for processor 'ps7_cortexa9_0' is selected.
20:59:03 INFO  : The application '/home/benjamin/Pynq_Echo_Server/Pynq_Echo_Server.sdk/Echo_Server/Debug/Echo_Server.elf' is downloaded to processor 'ps7_cortexa9_0'.
20:59:03 INFO  : 'configparams force-mem-access 0' command is executed.
20:59:03 INFO  : ----------------XSDB Script----------------
connect -url tcp:127.0.0.1:3121
source /home/benjamin/Pynq_Echo_Server/Pynq_Echo_Server.sdk/Echo_Server_wrapper_hw_platform_0/ps7_init.tcl
targets -set -nocase -filter {name =~"APU*" && jtag_cable_name =~ "Xilinx PYNQ-Z1 003017A6E103A"} -index 0
loadhw -hw /home/benjamin/Pynq_Echo_Server/Pynq_Echo_Server.sdk/Echo_Server_wrapper_hw_platform_0/system.hdf -mem-ranges [list {0x40000000 0xbfffffff}]
configparams force-mem-access 1
targets -set -nocase -filter {name =~"APU*" && jtag_cable_name =~ "Xilinx PYNQ-Z1 003017A6E103A"} -index 0
stop
ps7_init
ps7_post_config
targets -set -nocase -filter {name =~ "ARM*#0" && jtag_cable_name =~ "Xilinx PYNQ-Z1 003017A6E103A"} -index 0
rst -processor
targets -set -nocase -filter {name =~ "ARM*#0" && jtag_cable_name =~ "Xilinx PYNQ-Z1 003017A6E103A"} -index 0
dow /home/benjamin/Pynq_Echo_Server/Pynq_Echo_Server.sdk/Echo_Server/Debug/Echo_Server.elf
configparams force-mem-access 0
----------------End of Script----------------

20:59:03 INFO  : Context for processor 'ps7_cortexa9_0' is selected.
20:59:03 INFO  : 'con' command is executed.
20:59:03 INFO  : ----------------XSDB Script (After Launch)----------------
targets -set -nocase -filter {name =~ "ARM*#0" && jtag_cable_name =~ "Xilinx PYNQ-Z1 003017A6E103A"} -index 0
con
----------------End of Script----------------

20:59:03 INFO  : Disconnected from the channel tcfchan#3.
21:00:21 INFO  : Refreshed build settings on project Echo_Server
21:00:45 INFO  : Connected to target on host '127.0.0.1' and port '3121'.
21:00:45 INFO  : 'targets -set -filter {jtag_cable_name =~ "Xilinx PYNQ-Z1 003017A6E103A" && level==0} -index 1' command is executed.
21:00:47 INFO  : FPGA configured successfully with bitstream "/home/benjamin/Pynq_Echo_Server/Pynq_Echo_Server.sdk/Echo_Server_wrapper_hw_platform_0/Echo_Server_wrapper.bit"
21:01:12 INFO  : 'targets -set -filter {jtag_cable_name =~ "Xilinx PYNQ-Z1 003017A6E103A" && level==0} -index 1' command is executed.
21:01:12 INFO  : 'fpga -state' command is executed.
21:01:12 INFO  : Connected to target on host '127.0.0.1' and port '3121'.
21:01:12 INFO  : Jtag cable 'Xilinx PYNQ-Z1 003017A6E103A' is selected.
21:01:12 INFO  : 'jtag frequency' command is executed.
21:01:12 INFO  : Sourcing of '/home/benjamin/Pynq_Echo_Server/Pynq_Echo_Server.sdk/Echo_Server_wrapper_hw_platform_0/ps7_init.tcl' is done.
21:01:12 INFO  : Context for 'APU' is selected.
21:01:12 INFO  : Hardware design information is loaded from '/home/benjamin/Pynq_Echo_Server/Pynq_Echo_Server.sdk/Echo_Server_wrapper_hw_platform_0/system.hdf'.
21:01:12 INFO  : 'configparams force-mem-access 1' command is executed.
21:01:12 INFO  : Context for 'APU' is selected.
21:01:12 INFO  : 'stop' command is executed.
21:01:12 INFO  : 'ps7_init' command is executed.
21:01:12 INFO  : 'ps7_post_config' command is executed.
21:01:12 INFO  : Context for processor 'ps7_cortexa9_0' is selected.
21:01:13 INFO  : Processor reset is completed for 'ps7_cortexa9_0'.
21:01:13 INFO  : Context for processor 'ps7_cortexa9_0' is selected.
21:01:13 INFO  : The application '/home/benjamin/Pynq_Echo_Server/Pynq_Echo_Server.sdk/Echo_Server/Debug/Echo_Server.elf' is downloaded to processor 'ps7_cortexa9_0'.
21:01:13 INFO  : 'configparams force-mem-access 0' command is executed.
21:01:13 INFO  : ----------------XSDB Script----------------
connect -url tcp:127.0.0.1:3121
source /home/benjamin/Pynq_Echo_Server/Pynq_Echo_Server.sdk/Echo_Server_wrapper_hw_platform_0/ps7_init.tcl
targets -set -nocase -filter {name =~"APU*" && jtag_cable_name =~ "Xilinx PYNQ-Z1 003017A6E103A"} -index 0
loadhw -hw /home/benjamin/Pynq_Echo_Server/Pynq_Echo_Server.sdk/Echo_Server_wrapper_hw_platform_0/system.hdf -mem-ranges [list {0x40000000 0xbfffffff}]
configparams force-mem-access 1
targets -set -nocase -filter {name =~"APU*" && jtag_cable_name =~ "Xilinx PYNQ-Z1 003017A6E103A"} -index 0
stop
ps7_init
ps7_post_config
targets -set -nocase -filter {name =~ "ARM*#0" && jtag_cable_name =~ "Xilinx PYNQ-Z1 003017A6E103A"} -index 0
rst -processor
targets -set -nocase -filter {name =~ "ARM*#0" && jtag_cable_name =~ "Xilinx PYNQ-Z1 003017A6E103A"} -index 0
dow /home/benjamin/Pynq_Echo_Server/Pynq_Echo_Server.sdk/Echo_Server/Debug/Echo_Server.elf
configparams force-mem-access 0
----------------End of Script----------------

21:01:13 INFO  : Context for processor 'ps7_cortexa9_0' is selected.
21:01:13 INFO  : 'con' command is executed.
21:01:13 INFO  : ----------------XSDB Script (After Launch)----------------
targets -set -nocase -filter {name =~ "ARM*#0" && jtag_cable_name =~ "Xilinx PYNQ-Z1 003017A6E103A"} -index 0
con
----------------End of Script----------------

21:01:13 INFO  : Disconnected from the channel tcfchan#4.
21:09:20 INFO  : 'targets -set -filter {jtag_cable_name =~ "Xilinx PYNQ-Z1 003017A6E103A" && level==0} -index 1' command is executed.
21:09:20 INFO  : 'fpga -state' command is executed.
21:09:20 INFO  : Connected to target on host '127.0.0.1' and port '3121'.
21:09:20 INFO  : Jtag cable 'Xilinx PYNQ-Z1 003017A6E103A' is selected.
21:09:20 INFO  : 'jtag frequency' command is executed.
21:09:20 INFO  : Sourcing of '/home/benjamin/Pynq_Echo_Server/Pynq_Echo_Server.sdk/Echo_Server_wrapper_hw_platform_0/ps7_init.tcl' is done.
21:09:20 INFO  : Context for 'APU' is selected.
21:09:22 INFO  : Hardware design information is loaded from '/home/benjamin/Pynq_Echo_Server/Pynq_Echo_Server.sdk/Echo_Server_wrapper_hw_platform_0/system.hdf'.
21:09:22 INFO  : 'configparams force-mem-access 1' command is executed.
21:09:22 INFO  : Context for 'APU' is selected.
21:09:22 INFO  : 'stop' command is executed.
21:09:22 INFO  : 'ps7_init' command is executed.
21:09:22 INFO  : 'ps7_post_config' command is executed.
21:09:22 INFO  : Context for processor 'ps7_cortexa9_0' is selected.
21:09:22 INFO  : Processor reset is completed for 'ps7_cortexa9_0'.
21:09:22 INFO  : Context for processor 'ps7_cortexa9_0' is selected.
21:09:22 INFO  : The application '/home/benjamin/Pynq_Echo_Server/Pynq_Echo_Server.sdk/Echo_Server/Debug/Echo_Server.elf' is downloaded to processor 'ps7_cortexa9_0'.
21:09:22 INFO  : 'configparams force-mem-access 0' command is executed.
21:09:22 INFO  : ----------------XSDB Script----------------
connect -url tcp:127.0.0.1:3121
source /home/benjamin/Pynq_Echo_Server/Pynq_Echo_Server.sdk/Echo_Server_wrapper_hw_platform_0/ps7_init.tcl
targets -set -nocase -filter {name =~"APU*" && jtag_cable_name =~ "Xilinx PYNQ-Z1 003017A6E103A"} -index 0
loadhw -hw /home/benjamin/Pynq_Echo_Server/Pynq_Echo_Server.sdk/Echo_Server_wrapper_hw_platform_0/system.hdf -mem-ranges [list {0x40000000 0xbfffffff}]
configparams force-mem-access 1
targets -set -nocase -filter {name =~"APU*" && jtag_cable_name =~ "Xilinx PYNQ-Z1 003017A6E103A"} -index 0
stop
ps7_init
ps7_post_config
targets -set -nocase -filter {name =~ "ARM*#0" && jtag_cable_name =~ "Xilinx PYNQ-Z1 003017A6E103A"} -index 0
rst -processor
targets -set -nocase -filter {name =~ "ARM*#0" && jtag_cable_name =~ "Xilinx PYNQ-Z1 003017A6E103A"} -index 0
dow /home/benjamin/Pynq_Echo_Server/Pynq_Echo_Server.sdk/Echo_Server/Debug/Echo_Server.elf
configparams force-mem-access 0
----------------End of Script----------------

21:09:23 INFO  : Context for processor 'ps7_cortexa9_0' is selected.
21:09:23 INFO  : 'con' command is executed.
21:09:23 INFO  : ----------------XSDB Script (After Launch)----------------
targets -set -nocase -filter {name =~ "ARM*#0" && jtag_cable_name =~ "Xilinx PYNQ-Z1 003017A6E103A"} -index 0
con
----------------End of Script----------------

21:09:23 INFO  : Disconnected from the channel tcfchan#5.
21:30:15 INFO  : 'targets -set -filter {jtag_cable_name =~ "Xilinx PYNQ-Z1 003017A6E103A" && level==0} -index 1' command is executed.
21:30:15 INFO  : 'fpga -state' command is executed.
21:30:15 INFO  : Connected to target on host '127.0.0.1' and port '3121'.
21:30:15 INFO  : Jtag cable 'Xilinx PYNQ-Z1 003017A6E103A' is selected.
21:30:15 INFO  : 'jtag frequency' command is executed.
21:30:15 INFO  : Sourcing of '/home/benjamin/Pynq_Echo_Server/Pynq_Echo_Server.sdk/Echo_Server_wrapper_hw_platform_0/ps7_init.tcl' is done.
21:30:15 INFO  : Context for 'APU' is selected.
21:30:17 INFO  : Hardware design information is loaded from '/home/benjamin/Pynq_Echo_Server/Pynq_Echo_Server.sdk/Echo_Server_wrapper_hw_platform_0/system.hdf'.
21:30:17 INFO  : 'configparams force-mem-access 1' command is executed.
21:30:17 INFO  : Context for 'APU' is selected.
21:30:17 INFO  : 'stop' command is executed.
21:30:17 INFO  : 'ps7_init' command is executed.
21:30:17 INFO  : 'ps7_post_config' command is executed.
21:30:17 INFO  : Context for processor 'ps7_cortexa9_0' is selected.
21:30:17 INFO  : Processor reset is completed for 'ps7_cortexa9_0'.
21:30:17 INFO  : Context for processor 'ps7_cortexa9_0' is selected.
21:30:17 INFO  : The application '/home/benjamin/Pynq_Echo_Server/Pynq_Echo_Server.sdk/Echo_Server/Debug/Echo_Server.elf' is downloaded to processor 'ps7_cortexa9_0'.
21:30:17 INFO  : 'configparams force-mem-access 0' command is executed.
21:30:17 INFO  : ----------------XSDB Script----------------
connect -url tcp:127.0.0.1:3121
source /home/benjamin/Pynq_Echo_Server/Pynq_Echo_Server.sdk/Echo_Server_wrapper_hw_platform_0/ps7_init.tcl
targets -set -nocase -filter {name =~"APU*" && jtag_cable_name =~ "Xilinx PYNQ-Z1 003017A6E103A"} -index 0
loadhw -hw /home/benjamin/Pynq_Echo_Server/Pynq_Echo_Server.sdk/Echo_Server_wrapper_hw_platform_0/system.hdf -mem-ranges [list {0x40000000 0xbfffffff}]
configparams force-mem-access 1
targets -set -nocase -filter {name =~"APU*" && jtag_cable_name =~ "Xilinx PYNQ-Z1 003017A6E103A"} -index 0
stop
ps7_init
ps7_post_config
targets -set -nocase -filter {name =~ "ARM*#0" && jtag_cable_name =~ "Xilinx PYNQ-Z1 003017A6E103A"} -index 0
rst -processor
targets -set -nocase -filter {name =~ "ARM*#0" && jtag_cable_name =~ "Xilinx PYNQ-Z1 003017A6E103A"} -index 0
dow /home/benjamin/Pynq_Echo_Server/Pynq_Echo_Server.sdk/Echo_Server/Debug/Echo_Server.elf
configparams force-mem-access 0
----------------End of Script----------------

21:30:17 INFO  : Context for processor 'ps7_cortexa9_0' is selected.
21:30:18 INFO  : 'con' command is executed.
21:30:18 INFO  : ----------------XSDB Script (After Launch)----------------
targets -set -nocase -filter {name =~ "ARM*#0" && jtag_cable_name =~ "Xilinx PYNQ-Z1 003017A6E103A"} -index 0
con
----------------End of Script----------------

21:30:18 INFO  : Disconnected from the channel tcfchan#6.
21:49:24 INFO  : 'targets -set -filter {jtag_cable_name =~ "Xilinx PYNQ-Z1 003017A6E103A" && level==0} -index 1' command is executed.
21:49:24 INFO  : 'fpga -state' command is executed.
21:49:24 INFO  : Connected to target on host '127.0.0.1' and port '3121'.
21:49:24 INFO  : Jtag cable 'Xilinx PYNQ-Z1 003017A6E103A' is selected.
21:49:24 INFO  : 'jtag frequency' command is executed.
21:49:24 INFO  : Sourcing of '/home/benjamin/Pynq_Echo_Server/Pynq_Echo_Server.sdk/Echo_Server_wrapper_hw_platform_0/ps7_init.tcl' is done.
21:49:24 INFO  : Context for 'APU' is selected.
21:49:26 INFO  : Hardware design information is loaded from '/home/benjamin/Pynq_Echo_Server/Pynq_Echo_Server.sdk/Echo_Server_wrapper_hw_platform_0/system.hdf'.
21:49:26 INFO  : 'configparams force-mem-access 1' command is executed.
21:49:26 INFO  : Context for 'APU' is selected.
21:49:26 INFO  : 'stop' command is executed.
21:49:26 INFO  : 'ps7_init' command is executed.
21:49:26 INFO  : 'ps7_post_config' command is executed.
21:49:26 INFO  : Context for processor 'ps7_cortexa9_0' is selected.
21:49:26 INFO  : Processor reset is completed for 'ps7_cortexa9_0'.
21:49:26 INFO  : Context for processor 'ps7_cortexa9_0' is selected.
21:49:26 INFO  : The application '/home/benjamin/Pynq_Echo_Server/Pynq_Echo_Server.sdk/Echo_Server/Debug/Echo_Server.elf' is downloaded to processor 'ps7_cortexa9_0'.
21:49:26 INFO  : 'configparams force-mem-access 0' command is executed.
21:49:26 INFO  : ----------------XSDB Script----------------
connect -url tcp:127.0.0.1:3121
source /home/benjamin/Pynq_Echo_Server/Pynq_Echo_Server.sdk/Echo_Server_wrapper_hw_platform_0/ps7_init.tcl
targets -set -nocase -filter {name =~"APU*" && jtag_cable_name =~ "Xilinx PYNQ-Z1 003017A6E103A"} -index 0
loadhw -hw /home/benjamin/Pynq_Echo_Server/Pynq_Echo_Server.sdk/Echo_Server_wrapper_hw_platform_0/system.hdf -mem-ranges [list {0x40000000 0xbfffffff}]
configparams force-mem-access 1
targets -set -nocase -filter {name =~"APU*" && jtag_cable_name =~ "Xilinx PYNQ-Z1 003017A6E103A"} -index 0
stop
ps7_init
ps7_post_config
targets -set -nocase -filter {name =~ "ARM*#0" && jtag_cable_name =~ "Xilinx PYNQ-Z1 003017A6E103A"} -index 0
rst -processor
targets -set -nocase -filter {name =~ "ARM*#0" && jtag_cable_name =~ "Xilinx PYNQ-Z1 003017A6E103A"} -index 0
dow /home/benjamin/Pynq_Echo_Server/Pynq_Echo_Server.sdk/Echo_Server/Debug/Echo_Server.elf
configparams force-mem-access 0
----------------End of Script----------------

21:49:26 INFO  : Context for processor 'ps7_cortexa9_0' is selected.
21:49:26 INFO  : 'con' command is executed.
21:49:26 INFO  : ----------------XSDB Script (After Launch)----------------
targets -set -nocase -filter {name =~ "ARM*#0" && jtag_cable_name =~ "Xilinx PYNQ-Z1 003017A6E103A"} -index 0
con
----------------End of Script----------------

21:49:26 INFO  : Disconnected from the channel tcfchan#7.
22:25:33 INFO  : Invoking Bootgen: bootgen -image output.bif -arch zynq -o /home/benjamin/Repositories/PynqNet/PynqPS_ENet/BOOT.bin
22:25:33 INFO  : Creating new bif file /home/benjamin/Repositories/PynqNet/PynqPS_ENet/output.bif
22:25:34 INFO  : Bootgen command execution is done.
22:29:51 INFO  : Invoking Bootgen: bootgen -image output.bif -arch zynq -o /home/benjamin/Pynq_Echo_Server/BOOT.bin
22:29:51 INFO  : Creating new bif file /home/benjamin/Pynq_Echo_Server/output.bif
22:29:53 INFO  : Bootgen command execution is done.
