16:46:21 **** Incremental Build of configuration Debug for project standalone_bsp_0_xemacps_example_intr_dma_1 ****
make pre-build main-build 
a9-linaro-pre-build-step
 
Building file: ../src/xemacps_example_util.c
Invoking: ARM v7 gcc compiler
arm-none-eabi-gcc -Wall -O0 -g3 -c -fmessage-length=0 -MT"src/xemacps_example_util.o" -mcpu=cortex-a9 -mfpu=vfpv3 -mfloat-abi=hard -I../../standalone_bsp_0/ps7_cortexa9_0/include -MMD -MP -MF"src/xemacps_example_util.d" -MT"src/xemacps_example_util.o" -o "src/xemacps_example_util.o" "../src/xemacps_example_util.c"
../src/xemacps_example_util.c: In function 'EmacPsUtilMarvellPhyLoopback':
../src/xemacps_example_util.c:511:6: warning: unused variable 'PhyReg22' [-Wunused-variable]
  u16 PhyReg22  = 0;
      ^~~~~~~~
Finished building: ../src/xemacps_example_util.c
 
Building target: standalone_bsp_0_xemacps_example_intr_dma_1.elf
Invoking: ARM v7 gcc linker
arm-none-eabi-gcc -mcpu=cortex-a9 -mfpu=vfpv3 -mfloat-abi=hard -Wl,-build-id=none -specs=Xilinx.spec -Wl,-T -Wl,../src/lscript.ld -L../../standalone_bsp_0/ps7_cortexa9_0/lib -o "standalone_bsp_0_xemacps_example_intr_dma_1.elf"  ./src/xemacps_example_intr_dma.o ./src/xemacps_example_util.o   -Wl,--start-group,-lxil,-lgcc,-lc,--end-group
Finished building target: standalone_bsp_0_xemacps_example_intr_dma_1.elf
 
Invoking: ARM v7 Print Size
arm-none-eabi-size standalone_bsp_0_xemacps_example_intr_dma_1.elf  |tee "standalone_bsp_0_xemacps_example_intr_dma_1.elf.size"
   text	   data	    bss	    dec	    hex	filename
  57588	   2336	3168560	3228484	 314344	standalone_bsp_0_xemacps_example_intr_dma_1.elf
Finished building: standalone_bsp_0_xemacps_example_intr_dma_1.elf.size
 

16:46:22 Build Finished (took 435ms)

