Copyright 1986-2019 Xilinx, Inc. All Rights Reserved.
------------------------------------------------------------------------------------
| Tool Version : Vivado v.2019.1 (lin64) Build 2552052 Fri May 24 14:47:09 MDT 2019
| Date         : Tue Feb 11 11:06:28 2020
| Host         : Laptop running 64-bit Ubuntu 18.04.3 LTS
| Command      : upgrade_ip
| Device       : xc7z020clg400-1
------------------------------------------------------------------------------------

Upgrade Log for IP 'Echo_Server_ManInput_0_0'

1. Summary
----------

SUCCESS in the upgrade of Echo_Server_ManInput_0_0 (user.org:user:ManInput:1.0) from (Rev. 3) to (Rev. 4)






Copyright 1986-2019 Xilinx, Inc. All Rights Reserved.
------------------------------------------------------------------------------------
| Tool Version : Vivado v.2019.1 (lin64) Build 2552052 Fri May 24 14:47:09 MDT 2019
| Date         : Tue Feb 11 10:49:43 2020
| Host         : Laptop running 64-bit Ubuntu 18.04.3 LTS
| Command      : upgrade_ip
| Device       : xc7z020clg400-1
------------------------------------------------------------------------------------

Upgrade Log for IP 'Echo_Server_ManInput_0_0'

1. Summary
----------

SUCCESS in the upgrade of Echo_Server_ManInput_0_0 (user.org:user:ManInput:1.0) from (Rev. 2) to (Rev. 3)






Copyright 1986-2019 Xilinx, Inc. All Rights Reserved.
------------------------------------------------------------------------------------
| Tool Version : Vivado v.2019.1 (lin64) Build 2552052 Fri May 24 14:47:09 MDT 2019
| Date         : Mon Feb 10 17:52:35 2020
| Host         : Laptop running 64-bit Ubuntu 18.04.3 LTS
| Command      : upgrade_ip
| Device       : xc7z020clg400-1
------------------------------------------------------------------------------------

Upgrade Log for IP 'Echo_Server_SixDigitHexDisplay_0_0'

1. Summary
----------

SUCCESS in the upgrade of Echo_Server_SixDigitHexDisplay_0_0 (user.org:user:SixDigitHexDisplay:1.0) from (Rev. 4) to (Rev. 5)






Copyright 1986-2019 Xilinx, Inc. All Rights Reserved.
------------------------------------------------------------------------------------
| Tool Version : Vivado v.2019.1 (lin64) Build 2552052 Fri May 24 14:47:09 MDT 2019
| Date         : Mon Feb 10 16:39:04 2020
| Host         : Laptop running 64-bit Ubuntu 18.04.3 LTS
| Command      : upgrade_ip
| Device       : xc7z020clg400-1
------------------------------------------------------------------------------------

Upgrade Log for IP 'Echo_Server_SixDigitHexDisplay_0_0'

1. Summary
----------

CAUTION (success, with warnings) in the upgrade of Echo_Server_SixDigitHexDisplay_0_0 (user.org:user:SixDigitHexDisplay:1.0) from (Rev. 3) to (Rev. 4)

After upgrade, an IP may have parameter and port differences compared to the original customization. Please review the parameters within the IP customization GUI to ensure proper functionality. Also, please review the updated IP instantiation template to ensure proper connectivity, and update your design if required.

2. Connection Warnings
----------------------

Detected external port differences while upgrading 'Echo_Server_SixDigitHexDisplay_0_0'. These changes may impact your design.


-Upgraded port 'digit_o' width 8 differs from original width 6







Copyright 1986-2019 Xilinx, Inc. All Rights Reserved.
------------------------------------------------------------------------------------
| Tool Version : Vivado v.2019.1 (lin64) Build 2552052 Fri May 24 14:47:09 MDT 2019
| Date         : Sat Feb  8 12:28:50 2020
| Host         : Laptop running 64-bit Ubuntu 18.04.3 LTS
| Command      : upgrade_ip
| Device       : xc7z020clg400-1
------------------------------------------------------------------------------------

Upgrade Log for IP 'Echo_Server_SixDigitHexDisplay_0_0'

1. Summary
----------

SUCCESS in the upgrade of Echo_Server_SixDigitHexDisplay_0_0 (user.org:user:SixDigitHexDisplay:1.0) from (Rev. 2) to (Rev. 3)

