12:58:23 INFO  : Registering command handlers for SDK TCF services
12:58:24 INFO  : Launching XSCT server: xsct.bat -interactive Z:\Repositories\PynqNet\MinimalEmioExample\MinimalEmioExample.sdk\temp_xsdb_launch_script.tcl
12:58:31 INFO  : XSCT server has started successfully.
12:58:43 INFO  : Successfully done setting XSCT server connection channel  
12:58:43 INFO  : Processing command line option -hwspec Z:/Repositories/PynqNet/MinimalEmioExample/MinimalEmioExample.sdk/design_1_wrapper.hdf.
12:58:43 INFO  : Successfully done setting SDK workspace  
13:06:31 INFO  : Launching XSCT server: xsct.bat -interactive Z:\Repositories\PynqNet\MinimalEmioExample\MinimalEmioExample.sdk\temp_xsdb_launch_script.tcl
13:06:33 INFO  : XSCT server has started successfully.
13:06:33 INFO  : Successfully done setting XSCT server connection channel  
13:06:37 INFO  : Successfully done setting SDK workspace  
13:06:39 INFO  : Registering command handlers for SDK TCF services
13:06:40 INFO  : Processing command line option -hwspec Z:/Repositories/PynqNet/MinimalEmioExample/MinimalEmioExample.sdk/design_1_wrapper.hdf.
13:06:40 INFO  : Checking for hwspec changes in the project design_1_wrapper_hw_platform_0.
13:06:40 INFO  : SDK has detected change in the last modified timestamps for source hardware specification file Source:1568286357234,  Project:1568285767288
13:06:40 INFO  : The hardware specification for project 'design_1_wrapper_hw_platform_0' is different from Z:/Repositories/PynqNet/MinimalEmioExample/MinimalEmioExample.sdk/design_1_wrapper.hdf.
13:06:41 INFO  : Copied contents of Z:/Repositories/PynqNet/MinimalEmioExample/MinimalEmioExample.sdk/design_1_wrapper.hdf into \design_1_wrapper_hw_platform_0\system.hdf.
13:06:45 INFO  : Synchronizing projects in the workspace with the hardware platform specification changes.
13:06:46 INFO  : Clearing existing target manager status.
13:06:46 INFO  : Workspace synchronized with the new hardware specification file. Cleaning dependent projects...
13:06:46 WARN  : Linker script will not be updated automatically. Users need to update it manually.
13:11:05 INFO  : 'targets -set -filter {jtag_cable_name =~ "Xilinx PYNQ-Z1 003017A9395DA" && level==0} -index 1' command is executed.
13:11:05 INFO  : 'fpga -state' command is executed.
13:11:13 INFO  : Connected to target on host '127.0.0.1' and port '3121'.
13:11:14 INFO  : 'targets -set -filter {jtag_cable_name =~ "Xilinx PYNQ-Z1 003017A9395DA" && level==0} -index 1' command is executed.
13:11:16 INFO  : FPGA configured successfully with bitstream "Z:/Repositories/PynqNet/MinimalEmioExample/MinimalEmioExample.sdk/design_1_wrapper_hw_platform_0/design_1_wrapper.bit"
13:11:23 INFO  : 'targets -set -filter {jtag_cable_name =~ "Xilinx PYNQ-Z1 003017A9395DA" && level==0} -index 1' command is executed.
13:11:23 INFO  : 'fpga -state' command is executed.
13:11:23 INFO  : Connected to target on host '127.0.0.1' and port '3121'.
13:11:23 INFO  : Jtag cable 'Xilinx PYNQ-Z1 003017A9395DA' is selected.
13:11:23 INFO  : 'jtag frequency' command is executed.
13:11:23 INFO  : Sourcing of 'Z:/Repositories/PynqNet/MinimalEmioExample/MinimalEmioExample.sdk/design_1_wrapper_hw_platform_0/ps7_init.tcl' is done.
13:11:23 INFO  : Context for 'APU' is selected.
13:11:23 INFO  : Hardware design information is loaded from 'Z:/Repositories/PynqNet/MinimalEmioExample/MinimalEmioExample.sdk/design_1_wrapper_hw_platform_0/system.hdf'.
13:11:23 INFO  : 'configparams force-mem-access 1' command is executed.
13:11:23 INFO  : Context for 'APU' is selected.
13:11:24 INFO  : 'stop' command is executed.
13:11:24 INFO  : 'ps7_init' command is executed.
13:11:24 INFO  : 'ps7_post_config' command is executed.
13:11:24 INFO  : Context for processor 'ps7_cortexa9_0' is selected.
13:11:24 INFO  : Processor reset is completed for 'ps7_cortexa9_0'.
13:11:24 INFO  : Context for processor 'ps7_cortexa9_0' is selected.
13:11:24 INFO  : The application 'Z:/Repositories/PynqNet/MinimalEmioExample/MinimalEmioExample.sdk/LEDexample/Debug/LEDexample.elf' is downloaded to processor 'ps7_cortexa9_0'.
13:11:24 INFO  : 'configparams force-mem-access 0' command is executed.
13:11:24 INFO  : ----------------XSDB Script----------------
connect -url tcp:127.0.0.1:3121
source Z:/Repositories/PynqNet/MinimalEmioExample/MinimalEmioExample.sdk/design_1_wrapper_hw_platform_0/ps7_init.tcl
targets -set -nocase -filter {name =~"APU*" && jtag_cable_name =~ "Xilinx PYNQ-Z1 003017A9395DA"} -index 0
loadhw -hw Z:/Repositories/PynqNet/MinimalEmioExample/MinimalEmioExample.sdk/design_1_wrapper_hw_platform_0/system.hdf -mem-ranges [list {0x40000000 0xbfffffff}]
configparams force-mem-access 1
targets -set -nocase -filter {name =~"APU*" && jtag_cable_name =~ "Xilinx PYNQ-Z1 003017A9395DA"} -index 0
stop
ps7_init
ps7_post_config
targets -set -nocase -filter {name =~ "ARM*#0" && jtag_cable_name =~ "Xilinx PYNQ-Z1 003017A9395DA"} -index 0
rst -processor
targets -set -nocase -filter {name =~ "ARM*#0" && jtag_cable_name =~ "Xilinx PYNQ-Z1 003017A9395DA"} -index 0
dow Z:/Repositories/PynqNet/MinimalEmioExample/MinimalEmioExample.sdk/LEDexample/Debug/LEDexample.elf
configparams force-mem-access 0
----------------End of Script----------------

13:11:24 INFO  : Context for processor 'ps7_cortexa9_0' is selected.
13:11:24 INFO  : 'con' command is executed.
13:11:24 INFO  : ----------------XSDB Script (After Launch)----------------
targets -set -nocase -filter {name =~ "ARM*#0" && jtag_cable_name =~ "Xilinx PYNQ-Z1 003017A9395DA"} -index 0
con
----------------End of Script----------------

13:11:24 INFO  : Disconnected from the channel tcfchan#1.
13:12:33 INFO  : 'targets -set -filter {jtag_cable_name =~ "Xilinx PYNQ-Z1 003017A9395DA" && level==0} -index 1' command is executed.
13:12:33 INFO  : 'fpga -state' command is executed.
13:12:33 INFO  : Connected to target on host '127.0.0.1' and port '3121'.
13:12:33 INFO  : Jtag cable 'Xilinx PYNQ-Z1 003017A9395DA' is selected.
13:12:33 INFO  : 'jtag frequency' command is executed.
13:12:33 INFO  : Sourcing of 'Z:/Repositories/PynqNet/MinimalEmioExample/MinimalEmioExample.sdk/design_1_wrapper_hw_platform_0/ps7_init.tcl' is done.
13:12:34 INFO  : Context for 'APU' is selected.
13:12:34 INFO  : Hardware design information is loaded from 'Z:/Repositories/PynqNet/MinimalEmioExample/MinimalEmioExample.sdk/design_1_wrapper_hw_platform_0/system.hdf'.
13:12:34 INFO  : 'configparams force-mem-access 1' command is executed.
13:12:35 INFO  : Context for 'APU' is selected.
13:12:35 INFO  : 'stop' command is executed.
13:12:35 INFO  : 'ps7_init' command is executed.
13:12:35 INFO  : 'ps7_post_config' command is executed.
13:12:36 INFO  : Context for processor 'ps7_cortexa9_0' is selected.
13:12:36 INFO  : Processor reset is completed for 'ps7_cortexa9_0'.
13:12:36 INFO  : Context for processor 'ps7_cortexa9_0' is selected.
13:12:37 INFO  : The application 'Z:/Repositories/PynqNet/MinimalEmioExample/MinimalEmioExample.sdk/LEDexample/Debug/LEDexample.elf' is downloaded to processor 'ps7_cortexa9_0'.
13:12:37 INFO  : 'configparams force-mem-access 0' command is executed.
13:12:37 INFO  : ----------------XSDB Script----------------
connect -url tcp:127.0.0.1:3121
source Z:/Repositories/PynqNet/MinimalEmioExample/MinimalEmioExample.sdk/design_1_wrapper_hw_platform_0/ps7_init.tcl
targets -set -nocase -filter {name =~"APU*" && jtag_cable_name =~ "Xilinx PYNQ-Z1 003017A9395DA"} -index 0
loadhw -hw Z:/Repositories/PynqNet/MinimalEmioExample/MinimalEmioExample.sdk/design_1_wrapper_hw_platform_0/system.hdf -mem-ranges [list {0x40000000 0xbfffffff}]
configparams force-mem-access 1
targets -set -nocase -filter {name =~"APU*" && jtag_cable_name =~ "Xilinx PYNQ-Z1 003017A9395DA"} -index 0
stop
ps7_init
ps7_post_config
targets -set -nocase -filter {name =~ "ARM*#0" && jtag_cable_name =~ "Xilinx PYNQ-Z1 003017A9395DA"} -index 0
rst -processor
targets -set -nocase -filter {name =~ "ARM*#0" && jtag_cable_name =~ "Xilinx PYNQ-Z1 003017A9395DA"} -index 0
dow Z:/Repositories/PynqNet/MinimalEmioExample/MinimalEmioExample.sdk/LEDexample/Debug/LEDexample.elf
configparams force-mem-access 0
----------------End of Script----------------

13:12:37 INFO  : Context for processor 'ps7_cortexa9_0' is selected.
13:12:37 INFO  : 'con' command is executed.
13:12:37 INFO  : ----------------XSDB Script (After Launch)----------------
targets -set -nocase -filter {name =~ "ARM*#0" && jtag_cable_name =~ "Xilinx PYNQ-Z1 003017A9395DA"} -index 0
con
----------------End of Script----------------

13:12:38 INFO  : Disconnected from the channel tcfchan#2.
13:13:59 INFO  : 'targets -set -filter {jtag_cable_name =~ "Xilinx PYNQ-Z1 003017A9395DA" && level==0} -index 1' command is executed.
13:13:59 INFO  : 'fpga -state' command is executed.
13:13:59 INFO  : Connected to target on host '127.0.0.1' and port '3121'.
13:14:00 INFO  : Jtag cable 'Xilinx PYNQ-Z1 003017A9395DA' is selected.
13:14:00 INFO  : 'jtag frequency' command is executed.
13:14:00 INFO  : Sourcing of 'Z:/Repositories/PynqNet/MinimalEmioExample/MinimalEmioExample.sdk/design_1_wrapper_hw_platform_0/ps7_init.tcl' is done.
13:14:00 INFO  : Context for 'APU' is selected.
13:14:00 INFO  : Hardware design information is loaded from 'Z:/Repositories/PynqNet/MinimalEmioExample/MinimalEmioExample.sdk/design_1_wrapper_hw_platform_0/system.hdf'.
13:14:00 INFO  : 'configparams force-mem-access 1' command is executed.
13:14:01 INFO  : Context for 'APU' is selected.
13:14:01 INFO  : 'stop' command is executed.
13:14:01 INFO  : 'ps7_init' command is executed.
13:14:01 INFO  : 'ps7_post_config' command is executed.
13:14:02 INFO  : Context for processor 'ps7_cortexa9_0' is selected.
13:14:02 INFO  : Processor reset is completed for 'ps7_cortexa9_0'.
13:14:02 INFO  : Context for processor 'ps7_cortexa9_0' is selected.
13:14:03 INFO  : The application 'Z:/Repositories/PynqNet/MinimalEmioExample/MinimalEmioExample.sdk/LEDexample/Debug/LEDexample.elf' is downloaded to processor 'ps7_cortexa9_0'.
13:14:03 INFO  : 'configparams force-mem-access 0' command is executed.
13:14:03 INFO  : ----------------XSDB Script----------------
connect -url tcp:127.0.0.1:3121
source Z:/Repositories/PynqNet/MinimalEmioExample/MinimalEmioExample.sdk/design_1_wrapper_hw_platform_0/ps7_init.tcl
targets -set -nocase -filter {name =~"APU*" && jtag_cable_name =~ "Xilinx PYNQ-Z1 003017A9395DA"} -index 0
loadhw -hw Z:/Repositories/PynqNet/MinimalEmioExample/MinimalEmioExample.sdk/design_1_wrapper_hw_platform_0/system.hdf -mem-ranges [list {0x40000000 0xbfffffff}]
configparams force-mem-access 1
targets -set -nocase -filter {name =~"APU*" && jtag_cable_name =~ "Xilinx PYNQ-Z1 003017A9395DA"} -index 0
stop
ps7_init
ps7_post_config
targets -set -nocase -filter {name =~ "ARM*#0" && jtag_cable_name =~ "Xilinx PYNQ-Z1 003017A9395DA"} -index 0
rst -processor
targets -set -nocase -filter {name =~ "ARM*#0" && jtag_cable_name =~ "Xilinx PYNQ-Z1 003017A9395DA"} -index 0
dow Z:/Repositories/PynqNet/MinimalEmioExample/MinimalEmioExample.sdk/LEDexample/Debug/LEDexample.elf
configparams force-mem-access 0
----------------End of Script----------------

13:14:03 INFO  : Context for processor 'ps7_cortexa9_0' is selected.
13:14:03 INFO  : 'con' command is executed.
13:14:03 INFO  : ----------------XSDB Script (After Launch)----------------
targets -set -nocase -filter {name =~ "ARM*#0" && jtag_cable_name =~ "Xilinx PYNQ-Z1 003017A9395DA"} -index 0
con
----------------End of Script----------------

13:14:03 INFO  : Disconnected from the channel tcfchan#3.
13:16:05 INFO  : 'targets -set -filter {jtag_cable_name =~ "Xilinx PYNQ-Z1 003017A9395DA" && level==0} -index 1' command is executed.
13:16:05 INFO  : 'fpga -state' command is executed.
13:16:05 INFO  : Connected to target on host '127.0.0.1' and port '3121'.
13:16:06 INFO  : Jtag cable 'Xilinx PYNQ-Z1 003017A9395DA' is selected.
13:16:06 INFO  : 'jtag frequency' command is executed.
13:16:06 INFO  : Sourcing of 'Z:/Repositories/PynqNet/MinimalEmioExample/MinimalEmioExample.sdk/design_1_wrapper_hw_platform_0/ps7_init.tcl' is done.
13:16:06 INFO  : Context for 'APU' is selected.
13:16:06 INFO  : Hardware design information is loaded from 'Z:/Repositories/PynqNet/MinimalEmioExample/MinimalEmioExample.sdk/design_1_wrapper_hw_platform_0/system.hdf'.
13:16:06 INFO  : 'configparams force-mem-access 1' command is executed.
13:16:06 INFO  : Context for 'APU' is selected.
13:16:06 INFO  : 'stop' command is executed.
13:16:07 INFO  : 'ps7_init' command is executed.
13:16:07 INFO  : 'ps7_post_config' command is executed.
13:16:08 INFO  : Context for processor 'ps7_cortexa9_0' is selected.
13:16:08 INFO  : Processor reset is completed for 'ps7_cortexa9_0'.
13:16:08 INFO  : Context for processor 'ps7_cortexa9_0' is selected.
13:16:09 INFO  : The application 'Z:/Repositories/PynqNet/MinimalEmioExample/MinimalEmioExample.sdk/LEDexample/Debug/LEDexample.elf' is downloaded to processor 'ps7_cortexa9_0'.
13:16:09 INFO  : 'configparams force-mem-access 0' command is executed.
13:16:09 INFO  : ----------------XSDB Script----------------
connect -url tcp:127.0.0.1:3121
source Z:/Repositories/PynqNet/MinimalEmioExample/MinimalEmioExample.sdk/design_1_wrapper_hw_platform_0/ps7_init.tcl
targets -set -nocase -filter {name =~"APU*" && jtag_cable_name =~ "Xilinx PYNQ-Z1 003017A9395DA"} -index 0
loadhw -hw Z:/Repositories/PynqNet/MinimalEmioExample/MinimalEmioExample.sdk/design_1_wrapper_hw_platform_0/system.hdf -mem-ranges [list {0x40000000 0xbfffffff}]
configparams force-mem-access 1
targets -set -nocase -filter {name =~"APU*" && jtag_cable_name =~ "Xilinx PYNQ-Z1 003017A9395DA"} -index 0
stop
ps7_init
ps7_post_config
targets -set -nocase -filter {name =~ "ARM*#0" && jtag_cable_name =~ "Xilinx PYNQ-Z1 003017A9395DA"} -index 0
rst -processor
targets -set -nocase -filter {name =~ "ARM*#0" && jtag_cable_name =~ "Xilinx PYNQ-Z1 003017A9395DA"} -index 0
dow Z:/Repositories/PynqNet/MinimalEmioExample/MinimalEmioExample.sdk/LEDexample/Debug/LEDexample.elf
configparams force-mem-access 0
----------------End of Script----------------

13:16:09 INFO  : Context for processor 'ps7_cortexa9_0' is selected.
13:16:09 INFO  : 'con' command is executed.
13:16:09 INFO  : ----------------XSDB Script (After Launch)----------------
targets -set -nocase -filter {name =~ "ARM*#0" && jtag_cable_name =~ "Xilinx PYNQ-Z1 003017A9395DA"} -index 0
con
----------------End of Script----------------

13:16:09 INFO  : Disconnected from the channel tcfchan#4.
13:37:30 INFO  : Connected to target on host '127.0.0.1' and port '3121'.
13:37:32 INFO  : 'targets -set -filter {jtag_cable_name =~ "Xilinx PYNQ-Z1 003017A9395DA" && level==0} -index 1' command is executed.
13:37:35 INFO  : FPGA configured successfully with bitstream "Z:/Repositories/PynqNet/MinimalEmioExample/MinimalEmioExample.sdk/design_1_wrapper_hw_platform_0/design_1_wrapper.bit"
13:37:50 INFO  : 'targets -set -filter {jtag_cable_name =~ "Xilinx PYNQ-Z1 003017A9395DA" && level==0} -index 1' command is executed.
13:37:50 INFO  : 'fpga -state' command is executed.
13:37:50 INFO  : Connected to target on host '127.0.0.1' and port '3121'.
13:37:50 INFO  : Jtag cable 'Xilinx PYNQ-Z1 003017A9395DA' is selected.
13:37:50 INFO  : 'jtag frequency' command is executed.
13:37:50 INFO  : Sourcing of 'Z:/Repositories/PynqNet/MinimalEmioExample/MinimalEmioExample.sdk/design_1_wrapper_hw_platform_0/ps7_init.tcl' is done.
13:37:50 INFO  : Context for 'APU' is selected.
13:37:50 INFO  : Hardware design information is loaded from 'Z:/Repositories/PynqNet/MinimalEmioExample/MinimalEmioExample.sdk/design_1_wrapper_hw_platform_0/system.hdf'.
13:37:50 INFO  : 'configparams force-mem-access 1' command is executed.
13:37:50 INFO  : Context for 'APU' is selected.
13:37:51 INFO  : 'stop' command is executed.
13:37:51 INFO  : 'ps7_init' command is executed.
13:37:51 INFO  : 'ps7_post_config' command is executed.
13:37:51 INFO  : Context for processor 'ps7_cortexa9_0' is selected.
13:37:51 INFO  : Processor reset is completed for 'ps7_cortexa9_0'.
13:37:51 INFO  : Context for processor 'ps7_cortexa9_0' is selected.
13:37:51 INFO  : The application 'Z:/Repositories/PynqNet/MinimalEmioExample/MinimalEmioExample.sdk/LEDexample/Debug/LEDexample.elf' is downloaded to processor 'ps7_cortexa9_0'.
13:37:51 INFO  : 'configparams force-mem-access 0' command is executed.
13:37:51 INFO  : ----------------XSDB Script----------------
connect -url tcp:127.0.0.1:3121
source Z:/Repositories/PynqNet/MinimalEmioExample/MinimalEmioExample.sdk/design_1_wrapper_hw_platform_0/ps7_init.tcl
targets -set -nocase -filter {name =~"APU*" && jtag_cable_name =~ "Xilinx PYNQ-Z1 003017A9395DA"} -index 0
loadhw -hw Z:/Repositories/PynqNet/MinimalEmioExample/MinimalEmioExample.sdk/design_1_wrapper_hw_platform_0/system.hdf -mem-ranges [list {0x40000000 0xbfffffff}]
configparams force-mem-access 1
targets -set -nocase -filter {name =~"APU*" && jtag_cable_name =~ "Xilinx PYNQ-Z1 003017A9395DA"} -index 0
stop
ps7_init
ps7_post_config
targets -set -nocase -filter {name =~ "ARM*#0" && jtag_cable_name =~ "Xilinx PYNQ-Z1 003017A9395DA"} -index 0
rst -processor
targets -set -nocase -filter {name =~ "ARM*#0" && jtag_cable_name =~ "Xilinx PYNQ-Z1 003017A9395DA"} -index 0
dow Z:/Repositories/PynqNet/MinimalEmioExample/MinimalEmioExample.sdk/LEDexample/Debug/LEDexample.elf
configparams force-mem-access 0
----------------End of Script----------------

13:37:51 INFO  : Context for processor 'ps7_cortexa9_0' is selected.
13:37:51 INFO  : 'con' command is executed.
13:37:51 INFO  : ----------------XSDB Script (After Launch)----------------
targets -set -nocase -filter {name =~ "ARM*#0" && jtag_cable_name =~ "Xilinx PYNQ-Z1 003017A9395DA"} -index 0
con
----------------End of Script----------------

13:37:51 INFO  : Disconnected from the channel tcfchan#5.
13:38:54 INFO  : 'targets -set -filter {jtag_cable_name =~ "Xilinx PYNQ-Z1 003017A9395DA" && level==0} -index 1' command is executed.
13:38:54 INFO  : 'fpga -state' command is executed.
13:38:54 INFO  : Connected to target on host '127.0.0.1' and port '3121'.
13:38:54 INFO  : Jtag cable 'Xilinx PYNQ-Z1 003017A9395DA' is selected.
13:38:54 INFO  : 'jtag frequency' command is executed.
13:38:54 INFO  : Sourcing of 'Z:/Repositories/PynqNet/MinimalEmioExample/MinimalEmioExample.sdk/design_1_wrapper_hw_platform_0/ps7_init.tcl' is done.
13:38:55 INFO  : Context for 'APU' is selected.
13:38:55 INFO  : Hardware design information is loaded from 'Z:/Repositories/PynqNet/MinimalEmioExample/MinimalEmioExample.sdk/design_1_wrapper_hw_platform_0/system.hdf'.
13:38:55 INFO  : 'configparams force-mem-access 1' command is executed.
13:38:56 INFO  : Context for 'APU' is selected.
13:38:56 INFO  : 'stop' command is executed.
13:38:56 ERROR : Memory write error at 0xF8000100. Cannot flush JTAG server queue. FT_Read failed: io error
13:38:56 INFO  : ----------------XSDB Script----------------
connect -url tcp:127.0.0.1:3121
source Z:/Repositories/PynqNet/MinimalEmioExample/MinimalEmioExample.sdk/design_1_wrapper_hw_platform_0/ps7_init.tcl
targets -set -nocase -filter {name =~"APU*" && jtag_cable_name =~ "Xilinx PYNQ-Z1 003017A9395DA"} -index 0
loadhw -hw Z:/Repositories/PynqNet/MinimalEmioExample/MinimalEmioExample.sdk/design_1_wrapper_hw_platform_0/system.hdf -mem-ranges [list {0x40000000 0xbfffffff}]
configparams force-mem-access 1
targets -set -nocase -filter {name =~"APU*" && jtag_cable_name =~ "Xilinx PYNQ-Z1 003017A9395DA"} -index 0
stop
ps7_init
----------------End of Script----------------

13:39:05 INFO  : Connected to target on host '127.0.0.1' and port '3121'.
13:39:06 INFO  : 'targets -set -filter {jtag_cable_name =~ "Xilinx PYNQ-Z1 003017A9395DA" && level==0} -index 1' command is executed.
13:39:09 INFO  : FPGA configured successfully with bitstream "Z:/Repositories/PynqNet/MinimalEmioExample/MinimalEmioExample.sdk/design_1_wrapper_hw_platform_0/design_1_wrapper.bit"
13:39:15 INFO  : 'targets -set -filter {jtag_cable_name =~ "Xilinx PYNQ-Z1 003017A9395DA" && level==0} -index 1' command is executed.
13:39:15 INFO  : 'fpga -state' command is executed.
13:39:15 INFO  : Connected to target on host '127.0.0.1' and port '3121'.
13:39:16 INFO  : Jtag cable 'Xilinx PYNQ-Z1 003017A9395DA' is selected.
13:39:16 INFO  : 'jtag frequency' command is executed.
13:39:16 INFO  : Sourcing of 'Z:/Repositories/PynqNet/MinimalEmioExample/MinimalEmioExample.sdk/design_1_wrapper_hw_platform_0/ps7_init.tcl' is done.
13:39:16 INFO  : Context for 'APU' is selected.
13:39:16 INFO  : Hardware design information is loaded from 'Z:/Repositories/PynqNet/MinimalEmioExample/MinimalEmioExample.sdk/design_1_wrapper_hw_platform_0/system.hdf'.
13:39:16 INFO  : 'configparams force-mem-access 1' command is executed.
13:39:16 INFO  : Context for 'APU' is selected.
13:39:16 INFO  : 'stop' command is executed.
13:39:16 INFO  : 'ps7_init' command is executed.
13:39:16 INFO  : 'ps7_post_config' command is executed.
13:39:16 INFO  : Context for processor 'ps7_cortexa9_0' is selected.
13:39:16 INFO  : Processor reset is completed for 'ps7_cortexa9_0'.
13:39:16 INFO  : Context for processor 'ps7_cortexa9_0' is selected.
13:39:16 INFO  : The application 'Z:/Repositories/PynqNet/MinimalEmioExample/MinimalEmioExample.sdk/LEDexample/Debug/LEDexample.elf' is downloaded to processor 'ps7_cortexa9_0'.
13:39:16 INFO  : 'configparams force-mem-access 0' command is executed.
13:39:16 INFO  : ----------------XSDB Script----------------
connect -url tcp:127.0.0.1:3121
source Z:/Repositories/PynqNet/MinimalEmioExample/MinimalEmioExample.sdk/design_1_wrapper_hw_platform_0/ps7_init.tcl
targets -set -nocase -filter {name =~"APU*" && jtag_cable_name =~ "Xilinx PYNQ-Z1 003017A9395DA"} -index 0
loadhw -hw Z:/Repositories/PynqNet/MinimalEmioExample/MinimalEmioExample.sdk/design_1_wrapper_hw_platform_0/system.hdf -mem-ranges [list {0x40000000 0xbfffffff}]
configparams force-mem-access 1
targets -set -nocase -filter {name =~"APU*" && jtag_cable_name =~ "Xilinx PYNQ-Z1 003017A9395DA"} -index 0
stop
ps7_init
ps7_post_config
targets -set -nocase -filter {name =~ "ARM*#0" && jtag_cable_name =~ "Xilinx PYNQ-Z1 003017A9395DA"} -index 0
rst -processor
targets -set -nocase -filter {name =~ "ARM*#0" && jtag_cable_name =~ "Xilinx PYNQ-Z1 003017A9395DA"} -index 0
dow Z:/Repositories/PynqNet/MinimalEmioExample/MinimalEmioExample.sdk/LEDexample/Debug/LEDexample.elf
configparams force-mem-access 0
----------------End of Script----------------

13:39:17 INFO  : Context for processor 'ps7_cortexa9_0' is selected.
13:39:17 INFO  : 'con' command is executed.
13:39:17 INFO  : ----------------XSDB Script (After Launch)----------------
targets -set -nocase -filter {name =~ "ARM*#0" && jtag_cable_name =~ "Xilinx PYNQ-Z1 003017A9395DA"} -index 0
con
----------------End of Script----------------

13:39:17 INFO  : Disconnected from the channel tcfchan#6.
13:40:07 INFO  : 'targets -set -filter {jtag_cable_name =~ "Xilinx PYNQ-Z1 003017A9395DA" && level==0} -index 1' command is executed.
13:40:07 INFO  : 'fpga -state' command is executed.
13:40:07 INFO  : Connected to target on host '127.0.0.1' and port '3121'.
13:40:07 INFO  : Jtag cable 'Xilinx PYNQ-Z1 003017A9395DA' is selected.
13:40:07 INFO  : 'jtag frequency' command is executed.
13:40:07 INFO  : Sourcing of 'Z:/Repositories/PynqNet/MinimalEmioExample/MinimalEmioExample.sdk/design_1_wrapper_hw_platform_0/ps7_init.tcl' is done.
13:40:08 INFO  : Context for 'APU' is selected.
13:40:08 INFO  : Hardware design information is loaded from 'Z:/Repositories/PynqNet/MinimalEmioExample/MinimalEmioExample.sdk/design_1_wrapper_hw_platform_0/system.hdf'.
13:40:08 INFO  : 'configparams force-mem-access 1' command is executed.
13:40:08 INFO  : Context for 'APU' is selected.
13:40:09 INFO  : 'stop' command is executed.
13:40:09 ERROR : Memory read error at 0xF8000740. Cannot flush JTAG server queue. FT_Write failed: io error
13:40:09 INFO  : ----------------XSDB Script----------------
connect -url tcp:127.0.0.1:3121
source Z:/Repositories/PynqNet/MinimalEmioExample/MinimalEmioExample.sdk/design_1_wrapper_hw_platform_0/ps7_init.tcl
targets -set -nocase -filter {name =~"APU*" && jtag_cable_name =~ "Xilinx PYNQ-Z1 003017A9395DA"} -index 0
loadhw -hw Z:/Repositories/PynqNet/MinimalEmioExample/MinimalEmioExample.sdk/design_1_wrapper_hw_platform_0/system.hdf -mem-ranges [list {0x40000000 0xbfffffff}]
configparams force-mem-access 1
targets -set -nocase -filter {name =~"APU*" && jtag_cable_name =~ "Xilinx PYNQ-Z1 003017A9395DA"} -index 0
stop
ps7_init
----------------End of Script----------------

13:40:31 INFO  : Connected to target on host '127.0.0.1' and port '3121'.
13:40:31 INFO  : Jtag cable 'Xilinx PYNQ-Z1 003017A9395DA' is selected.
13:40:31 INFO  : 'jtag frequency' command is executed.
13:40:31 INFO  : Sourcing of 'Z:/Repositories/PynqNet/MinimalEmioExample/MinimalEmioExample.sdk/design_1_wrapper_hw_platform_0/ps7_init.tcl' is done.
13:40:31 INFO  : Context for 'APU' is selected.
13:40:32 INFO  : System reset is completed.
13:40:35 INFO  : 'after 3000' command is executed.
13:40:35 INFO  : 'targets -set -filter {jtag_cable_name =~ "Xilinx PYNQ-Z1 003017A9395DA" && level==0} -index 1' command is executed.
13:40:37 INFO  : FPGA configured successfully with bitstream "Z:/Repositories/PynqNet/MinimalEmioExample/MinimalEmioExample.sdk/design_1_wrapper_hw_platform_0/design_1_wrapper.bit"
13:40:37 INFO  : Context for 'APU' is selected.
13:40:37 INFO  : Hardware design information is loaded from 'Z:/Repositories/PynqNet/MinimalEmioExample/MinimalEmioExample.sdk/design_1_wrapper_hw_platform_0/system.hdf'.
13:40:37 INFO  : 'configparams force-mem-access 1' command is executed.
13:40:37 INFO  : Context for 'APU' is selected.
13:40:38 INFO  : 'ps7_init' command is executed.
13:40:38 INFO  : 'ps7_post_config' command is executed.
13:40:38 INFO  : Context for processor 'ps7_cortexa9_0' is selected.
13:40:38 INFO  : The application 'Z:/Repositories/PynqNet/MinimalEmioExample/MinimalEmioExample.sdk/LEDexample/Debug/LEDexample.elf' is downloaded to processor 'ps7_cortexa9_0'.
13:40:38 INFO  : 'configparams force-mem-access 0' command is executed.
13:40:38 INFO  : ----------------XSDB Script----------------
connect -url tcp:127.0.0.1:3121
source Z:/Repositories/PynqNet/MinimalEmioExample/MinimalEmioExample.sdk/design_1_wrapper_hw_platform_0/ps7_init.tcl
targets -set -nocase -filter {name =~"APU*" && jtag_cable_name =~ "Xilinx PYNQ-Z1 003017A9395DA"} -index 0
rst -system
after 3000
targets -set -filter {jtag_cable_name =~ "Xilinx PYNQ-Z1 003017A9395DA" && level==0} -index 1
fpga -file Z:/Repositories/PynqNet/MinimalEmioExample/MinimalEmioExample.sdk/design_1_wrapper_hw_platform_0/design_1_wrapper.bit
targets -set -nocase -filter {name =~"APU*" && jtag_cable_name =~ "Xilinx PYNQ-Z1 003017A9395DA"} -index 0
loadhw -hw Z:/Repositories/PynqNet/MinimalEmioExample/MinimalEmioExample.sdk/design_1_wrapper_hw_platform_0/system.hdf -mem-ranges [list {0x40000000 0xbfffffff}]
configparams force-mem-access 1
targets -set -nocase -filter {name =~"APU*" && jtag_cable_name =~ "Xilinx PYNQ-Z1 003017A9395DA"} -index 0
ps7_init
ps7_post_config
targets -set -nocase -filter {name =~ "ARM*#0" && jtag_cable_name =~ "Xilinx PYNQ-Z1 003017A9395DA"} -index 0
dow Z:/Repositories/PynqNet/MinimalEmioExample/MinimalEmioExample.sdk/LEDexample/Debug/LEDexample.elf
configparams force-mem-access 0
----------------End of Script----------------

13:40:38 INFO  : Context for processor 'ps7_cortexa9_0' is selected.
13:40:38 INFO  : 'con' command is executed.
13:40:38 INFO  : ----------------XSDB Script (After Launch)----------------
targets -set -nocase -filter {name =~ "ARM*#0" && jtag_cable_name =~ "Xilinx PYNQ-Z1 003017A9395DA"} -index 0
con
----------------End of Script----------------

13:40:38 INFO  : Disconnected from the channel tcfchan#7.
13:41:17 INFO  : Connected to target on host '127.0.0.1' and port '3121'.
13:41:18 INFO  : Jtag cable 'Xilinx PYNQ-Z1 003017A9395DA' is selected.
13:41:18 INFO  : 'jtag frequency' command is executed.
13:41:18 INFO  : Sourcing of 'Z:/Repositories/PynqNet/MinimalEmioExample/MinimalEmioExample.sdk/design_1_wrapper_hw_platform_0/ps7_init.tcl' is done.
13:41:19 INFO  : Context for 'APU' is selected.
13:41:19 INFO  : System reset is completed.
13:41:22 INFO  : 'after 3000' command is executed.
13:41:24 INFO  : 'targets -set -filter {jtag_cable_name =~ "Xilinx PYNQ-Z1 003017A9395DA" && level==0} -index 1' command is executed.
13:41:27 INFO  : FPGA configured successfully with bitstream "Z:/Repositories/PynqNet/MinimalEmioExample/MinimalEmioExample.sdk/design_1_wrapper_hw_platform_0/design_1_wrapper.bit"
13:41:28 INFO  : Context for 'APU' is selected.
13:41:28 INFO  : Hardware design information is loaded from 'Z:/Repositories/PynqNet/MinimalEmioExample/MinimalEmioExample.sdk/design_1_wrapper_hw_platform_0/system.hdf'.
13:41:28 INFO  : 'configparams force-mem-access 1' command is executed.
13:41:28 INFO  : Context for 'APU' is selected.
13:41:28 INFO  : 'ps7_init' command is executed.
13:41:28 INFO  : 'ps7_post_config' command is executed.
13:41:28 INFO  : Context for processor 'ps7_cortexa9_0' is selected.
13:41:28 INFO  : The application 'Z:/Repositories/PynqNet/MinimalEmioExample/MinimalEmioExample.sdk/LEDexample/Debug/LEDexample.elf' is downloaded to processor 'ps7_cortexa9_0'.
13:41:28 INFO  : 'configparams force-mem-access 0' command is executed.
13:41:28 INFO  : ----------------XSDB Script----------------
connect -url tcp:127.0.0.1:3121
source Z:/Repositories/PynqNet/MinimalEmioExample/MinimalEmioExample.sdk/design_1_wrapper_hw_platform_0/ps7_init.tcl
targets -set -nocase -filter {name =~"APU*" && jtag_cable_name =~ "Xilinx PYNQ-Z1 003017A9395DA"} -index 0
rst -system
after 3000
targets -set -filter {jtag_cable_name =~ "Xilinx PYNQ-Z1 003017A9395DA" && level==0} -index 1
fpga -file Z:/Repositories/PynqNet/MinimalEmioExample/MinimalEmioExample.sdk/design_1_wrapper_hw_platform_0/design_1_wrapper.bit
targets -set -nocase -filter {name =~"APU*" && jtag_cable_name =~ "Xilinx PYNQ-Z1 003017A9395DA"} -index 0
loadhw -hw Z:/Repositories/PynqNet/MinimalEmioExample/MinimalEmioExample.sdk/design_1_wrapper_hw_platform_0/system.hdf -mem-ranges [list {0x40000000 0xbfffffff}]
configparams force-mem-access 1
targets -set -nocase -filter {name =~"APU*" && jtag_cable_name =~ "Xilinx PYNQ-Z1 003017A9395DA"} -index 0
ps7_init
ps7_post_config
targets -set -nocase -filter {name =~ "ARM*#0" && jtag_cable_name =~ "Xilinx PYNQ-Z1 003017A9395DA"} -index 0
dow Z:/Repositories/PynqNet/MinimalEmioExample/MinimalEmioExample.sdk/LEDexample/Debug/LEDexample.elf
configparams force-mem-access 0
----------------End of Script----------------

13:41:31 INFO  : Disconnected from the channel tcfchan#8.
13:41:50 INFO  : Connected to target on host '127.0.0.1' and port '3121'.
13:41:52 INFO  : Jtag cable 'Xilinx PYNQ-Z1 003017A9395DA' is selected.
13:41:52 INFO  : 'jtag frequency' command is executed.
13:41:52 INFO  : Sourcing of 'Z:/Repositories/PynqNet/MinimalEmioExample/MinimalEmioExample.sdk/design_1_wrapper_hw_platform_0/ps7_init.tcl' is done.
13:41:52 INFO  : Context for 'APU' is selected.
13:41:53 INFO  : System reset is completed.
13:41:56 INFO  : 'after 3000' command is executed.
13:41:56 INFO  : 'targets -set -filter {jtag_cable_name =~ "Xilinx PYNQ-Z1 003017A9395DA" && level==0} -index 1' command is executed.
13:41:59 INFO  : FPGA configured successfully with bitstream "Z:/Repositories/PynqNet/MinimalEmioExample/MinimalEmioExample.sdk/design_1_wrapper_hw_platform_0/design_1_wrapper.bit"
13:42:00 INFO  : Context for 'APU' is selected.
13:42:00 INFO  : Hardware design information is loaded from 'Z:/Repositories/PynqNet/MinimalEmioExample/MinimalEmioExample.sdk/design_1_wrapper_hw_platform_0/system.hdf'.
13:42:00 INFO  : 'configparams force-mem-access 1' command is executed.
13:42:01 INFO  : Context for 'APU' is selected.
13:42:01 INFO  : 'ps7_init' command is executed.
13:42:01 INFO  : 'ps7_post_config' command is executed.
13:42:01 INFO  : Context for processor 'ps7_cortexa9_0' is selected.
13:42:01 INFO  : The application 'Z:/Repositories/PynqNet/MinimalEmioExample/MinimalEmioExample.sdk/LEDexample/Debug/LEDexample.elf' is downloaded to processor 'ps7_cortexa9_0'.
13:42:01 INFO  : 'configparams force-mem-access 0' command is executed.
13:42:01 INFO  : ----------------XSDB Script----------------
connect -url tcp:127.0.0.1:3121
source Z:/Repositories/PynqNet/MinimalEmioExample/MinimalEmioExample.sdk/design_1_wrapper_hw_platform_0/ps7_init.tcl
targets -set -nocase -filter {name =~"APU*" && jtag_cable_name =~ "Xilinx PYNQ-Z1 003017A9395DA"} -index 0
rst -system
after 3000
targets -set -filter {jtag_cable_name =~ "Xilinx PYNQ-Z1 003017A9395DA" && level==0} -index 1
fpga -file Z:/Repositories/PynqNet/MinimalEmioExample/MinimalEmioExample.sdk/design_1_wrapper_hw_platform_0/design_1_wrapper.bit
targets -set -nocase -filter {name =~"APU*" && jtag_cable_name =~ "Xilinx PYNQ-Z1 003017A9395DA"} -index 0
loadhw -hw Z:/Repositories/PynqNet/MinimalEmioExample/MinimalEmioExample.sdk/design_1_wrapper_hw_platform_0/system.hdf -mem-ranges [list {0x40000000 0xbfffffff}]
configparams force-mem-access 1
targets -set -nocase -filter {name =~"APU*" && jtag_cable_name =~ "Xilinx PYNQ-Z1 003017A9395DA"} -index 0
ps7_init
ps7_post_config
targets -set -nocase -filter {name =~ "ARM*#0" && jtag_cable_name =~ "Xilinx PYNQ-Z1 003017A9395DA"} -index 0
dow Z:/Repositories/PynqNet/MinimalEmioExample/MinimalEmioExample.sdk/LEDexample/Debug/LEDexample.elf
configparams force-mem-access 0
----------------End of Script----------------

13:42:02 INFO  : Disconnected from the channel tcfchan#9.
13:42:32 INFO  : 'targets -set -filter {jtag_cable_name =~ "Xilinx PYNQ-Z1 003017A9395DA" && level==0} -index 1' command is executed.
13:42:32 INFO  : 'fpga -state' command is executed.
13:42:32 INFO  : Connected to target on host '127.0.0.1' and port '3121'.
13:42:32 INFO  : Jtag cable 'Xilinx PYNQ-Z1 003017A9395DA' is selected.
13:42:32 INFO  : 'jtag frequency' command is executed.
13:42:32 INFO  : Sourcing of 'Z:/Repositories/PynqNet/MinimalEmioExample/MinimalEmioExample.sdk/design_1_wrapper_hw_platform_0/ps7_init.tcl' is done.
13:42:33 INFO  : Context for 'APU' is selected.
13:42:33 INFO  : Hardware design information is loaded from 'Z:/Repositories/PynqNet/MinimalEmioExample/MinimalEmioExample.sdk/design_1_wrapper_hw_platform_0/system.hdf'.
13:42:33 INFO  : 'configparams force-mem-access 1' command is executed.
13:42:34 INFO  : Context for 'APU' is selected.
13:42:34 INFO  : 'stop' command is executed.
13:42:34 INFO  : 'ps7_init' command is executed.
13:42:34 INFO  : 'ps7_post_config' command is executed.
13:42:35 INFO  : Context for processor 'ps7_cortexa9_0' is selected.
13:42:35 INFO  : Processor reset is completed for 'ps7_cortexa9_0'.
13:42:36 INFO  : Context for processor 'ps7_cortexa9_0' is selected.
13:42:36 INFO  : The application 'Z:/Repositories/PynqNet/MinimalEmioExample/MinimalEmioExample.sdk/LEDexample/Debug/LEDexample.elf' is downloaded to processor 'ps7_cortexa9_0'.
13:42:36 INFO  : 'configparams force-mem-access 0' command is executed.
13:42:36 INFO  : ----------------XSDB Script----------------
connect -url tcp:127.0.0.1:3121
source Z:/Repositories/PynqNet/MinimalEmioExample/MinimalEmioExample.sdk/design_1_wrapper_hw_platform_0/ps7_init.tcl
targets -set -nocase -filter {name =~"APU*" && jtag_cable_name =~ "Xilinx PYNQ-Z1 003017A9395DA"} -index 0
loadhw -hw Z:/Repositories/PynqNet/MinimalEmioExample/MinimalEmioExample.sdk/design_1_wrapper_hw_platform_0/system.hdf -mem-ranges [list {0x40000000 0xbfffffff}]
configparams force-mem-access 1
targets -set -nocase -filter {name =~"APU*" && jtag_cable_name =~ "Xilinx PYNQ-Z1 003017A9395DA"} -index 0
stop
ps7_init
ps7_post_config
targets -set -nocase -filter {name =~ "ARM*#0" && jtag_cable_name =~ "Xilinx PYNQ-Z1 003017A9395DA"} -index 0
rst -processor
targets -set -nocase -filter {name =~ "ARM*#0" && jtag_cable_name =~ "Xilinx PYNQ-Z1 003017A9395DA"} -index 0
dow Z:/Repositories/PynqNet/MinimalEmioExample/MinimalEmioExample.sdk/LEDexample/Debug/LEDexample.elf
configparams force-mem-access 0
----------------End of Script----------------

13:42:36 INFO  : Memory regions updated for context APU
13:42:37 INFO  : Context for processor 'ps7_cortexa9_0' is selected.
13:42:38 INFO  : 'con' command is executed.
13:42:38 INFO  : ----------------XSDB Script (After Launch)----------------
targets -set -nocase -filter {name =~ "ARM*#0" && jtag_cable_name =~ "Xilinx PYNQ-Z1 003017A9395DA"} -index 0
con
----------------End of Script----------------

13:42:38 INFO  : Launch script is exported to file 'Z:\Repositories\PynqNet\MinimalEmioExample\MinimalEmioExample.sdk\.sdk\launch_scripts\xilinx_c-c++_application_(system_debugger)\system_debugger_using_debug_ledexample.elf_on_local.tcl'
13:44:23 INFO  : Disconnected from the channel tcfchan#10.
13:44:24 INFO  : 'targets -set -filter {jtag_cable_name =~ "Xilinx PYNQ-Z1 003017A9395DA" && level==0} -index 1' command is executed.
13:44:24 INFO  : 'fpga -state' command is executed.
13:44:24 INFO  : Connected to target on host '127.0.0.1' and port '3121'.
13:44:24 INFO  : Jtag cable 'Xilinx PYNQ-Z1 003017A9395DA' is selected.
13:44:24 INFO  : 'jtag frequency' command is executed.
13:44:25 INFO  : Sourcing of 'Z:/Repositories/PynqNet/MinimalEmioExample/MinimalEmioExample.sdk/design_1_wrapper_hw_platform_0/ps7_init.tcl' is done.
13:44:25 INFO  : Context for 'APU' is selected.
13:44:25 INFO  : Hardware design information is loaded from 'Z:/Repositories/PynqNet/MinimalEmioExample/MinimalEmioExample.sdk/design_1_wrapper_hw_platform_0/system.hdf'.
13:44:25 INFO  : 'configparams force-mem-access 1' command is executed.
13:44:25 INFO  : Context for 'APU' is selected.
13:44:25 INFO  : 'stop' command is executed.
13:44:25 INFO  : 'ps7_init' command is executed.
13:44:25 INFO  : 'ps7_post_config' command is executed.
13:44:25 INFO  : Context for processor 'ps7_cortexa9_0' is selected.
13:44:25 INFO  : Processor reset is completed for 'ps7_cortexa9_0'.
13:44:25 INFO  : Context for processor 'ps7_cortexa9_0' is selected.
13:44:25 INFO  : The application 'Z:/Repositories/PynqNet/MinimalEmioExample/MinimalEmioExample.sdk/LEDexample/Debug/LEDexample.elf' is downloaded to processor 'ps7_cortexa9_0'.
13:44:25 INFO  : 'configparams force-mem-access 0' command is executed.
13:44:25 INFO  : ----------------XSDB Script----------------
connect -url tcp:127.0.0.1:3121
source Z:/Repositories/PynqNet/MinimalEmioExample/MinimalEmioExample.sdk/design_1_wrapper_hw_platform_0/ps7_init.tcl
targets -set -nocase -filter {name =~"APU*" && jtag_cable_name =~ "Xilinx PYNQ-Z1 003017A9395DA"} -index 0
loadhw -hw Z:/Repositories/PynqNet/MinimalEmioExample/MinimalEmioExample.sdk/design_1_wrapper_hw_platform_0/system.hdf -mem-ranges [list {0x40000000 0xbfffffff}]
configparams force-mem-access 1
targets -set -nocase -filter {name =~"APU*" && jtag_cable_name =~ "Xilinx PYNQ-Z1 003017A9395DA"} -index 0
stop
ps7_init
ps7_post_config
targets -set -nocase -filter {name =~ "ARM*#0" && jtag_cable_name =~ "Xilinx PYNQ-Z1 003017A9395DA"} -index 0
rst -processor
targets -set -nocase -filter {name =~ "ARM*#0" && jtag_cable_name =~ "Xilinx PYNQ-Z1 003017A9395DA"} -index 0
dow Z:/Repositories/PynqNet/MinimalEmioExample/MinimalEmioExample.sdk/LEDexample/Debug/LEDexample.elf
configparams force-mem-access 0
----------------End of Script----------------

13:44:25 INFO  : Memory regions updated for context APU
13:44:26 INFO  : Context for processor 'ps7_cortexa9_0' is selected.
13:44:26 INFO  : 'con' command is executed.
13:44:26 INFO  : ----------------XSDB Script (After Launch)----------------
targets -set -nocase -filter {name =~ "ARM*#0" && jtag_cable_name =~ "Xilinx PYNQ-Z1 003017A9395DA"} -index 0
con
----------------End of Script----------------

13:44:26 INFO  : Launch script is exported to file 'Z:\Repositories\PynqNet\MinimalEmioExample\MinimalEmioExample.sdk\.sdk\launch_scripts\xilinx_c-c++_application_(system_debugger)\system_debugger_using_debug_ledexample.elf_on_local.tcl'
13:45:25 INFO  : Connected to target on host '127.0.0.1' and port '3121'.
13:45:25 INFO  : Jtag cable 'Xilinx PYNQ-Z1 003017A9395DA' is selected.
13:45:25 INFO  : 'jtag frequency' command is executed.
13:45:25 INFO  : Sourcing of 'Z:/Repositories/PynqNet/MinimalEmioExample/MinimalEmioExample.sdk/design_1_wrapper_hw_platform_0/ps7_init.tcl' is done.
13:45:25 INFO  : Context for 'APU' is selected.
13:45:26 INFO  : System reset is completed.
13:45:29 INFO  : 'after 3000' command is executed.
13:45:29 INFO  : 'targets -set -filter {jtag_cable_name =~ "Xilinx PYNQ-Z1 003017A9395DA" && level==0} -index 1' command is executed.
13:45:31 INFO  : FPGA configured successfully with bitstream "Z:/Repositories/PynqNet/MinimalEmioExample/MinimalEmioExample.sdk/design_1_wrapper_hw_platform_0/design_1_wrapper.bit"
13:45:31 INFO  : Context for 'APU' is selected.
13:45:31 INFO  : Hardware design information is loaded from 'Z:/Repositories/PynqNet/MinimalEmioExample/MinimalEmioExample.sdk/design_1_wrapper_hw_platform_0/system.hdf'.
13:45:31 INFO  : 'configparams force-mem-access 1' command is executed.
13:45:31 INFO  : Context for 'APU' is selected.
13:45:32 INFO  : 'ps7_init' command is executed.
13:45:32 INFO  : 'ps7_post_config' command is executed.
13:45:32 INFO  : Context for processor 'ps7_cortexa9_0' is selected.
13:45:32 INFO  : The application 'Z:/Repositories/PynqNet/MinimalEmioExample/MinimalEmioExample.sdk/LEDexample/Debug/LEDexample.elf' is downloaded to processor 'ps7_cortexa9_0'.
13:45:32 INFO  : 'configparams force-mem-access 0' command is executed.
13:45:32 INFO  : ----------------XSDB Script----------------
connect -url tcp:127.0.0.1:3121
source Z:/Repositories/PynqNet/MinimalEmioExample/MinimalEmioExample.sdk/design_1_wrapper_hw_platform_0/ps7_init.tcl
targets -set -nocase -filter {name =~"APU*" && jtag_cable_name =~ "Xilinx PYNQ-Z1 003017A9395DA"} -index 0
rst -system
after 3000
targets -set -filter {jtag_cable_name =~ "Xilinx PYNQ-Z1 003017A9395DA" && level==0} -index 1
fpga -file Z:/Repositories/PynqNet/MinimalEmioExample/MinimalEmioExample.sdk/design_1_wrapper_hw_platform_0/design_1_wrapper.bit
targets -set -nocase -filter {name =~"APU*" && jtag_cable_name =~ "Xilinx PYNQ-Z1 003017A9395DA"} -index 0
loadhw -hw Z:/Repositories/PynqNet/MinimalEmioExample/MinimalEmioExample.sdk/design_1_wrapper_hw_platform_0/system.hdf -mem-ranges [list {0x40000000 0xbfffffff}]
configparams force-mem-access 1
targets -set -nocase -filter {name =~"APU*" && jtag_cable_name =~ "Xilinx PYNQ-Z1 003017A9395DA"} -index 0
ps7_init
ps7_post_config
targets -set -nocase -filter {name =~ "ARM*#0" && jtag_cable_name =~ "Xilinx PYNQ-Z1 003017A9395DA"} -index 0
dow Z:/Repositories/PynqNet/MinimalEmioExample/MinimalEmioExample.sdk/LEDexample/Debug/LEDexample.elf
configparams force-mem-access 0
----------------End of Script----------------

13:45:32 INFO  : Context for processor 'ps7_cortexa9_0' is selected.
13:45:32 INFO  : 'con' command is executed.
13:45:32 INFO  : ----------------XSDB Script (After Launch)----------------
targets -set -nocase -filter {name =~ "ARM*#0" && jtag_cable_name =~ "Xilinx PYNQ-Z1 003017A9395DA"} -index 0
con
----------------End of Script----------------

13:45:32 INFO  : Disconnected from the channel tcfchan#11.
13:45:59 WARN  : channel "tcfchan#11" closed
13:46:14 INFO  : Connected to target on host '127.0.0.1' and port '3121'.
13:46:15 INFO  : Jtag cable 'Xilinx PYNQ-Z1 003017A9395DA' is selected.
13:46:15 INFO  : 'jtag frequency' command is executed.
13:46:15 INFO  : Sourcing of 'Z:/Repositories/PynqNet/MinimalEmioExample/MinimalEmioExample.sdk/design_1_wrapper_hw_platform_0/ps7_init.tcl' is done.
13:46:16 INFO  : Context for 'APU' is selected.
13:46:16 INFO  : System reset is completed.
13:46:19 INFO  : 'after 3000' command is executed.
13:46:20 INFO  : 'targets -set -filter {jtag_cable_name =~ "Xilinx PYNQ-Z1 003017A9395DA" && level==0} -index 1' command is executed.
13:46:23 INFO  : FPGA configured successfully with bitstream "Z:/Repositories/PynqNet/MinimalEmioExample/MinimalEmioExample.sdk/design_1_wrapper_hw_platform_0/design_1_wrapper.bit"
13:46:24 INFO  : Context for 'APU' is selected.
13:46:24 INFO  : Hardware design information is loaded from 'Z:/Repositories/PynqNet/MinimalEmioExample/MinimalEmioExample.sdk/design_1_wrapper_hw_platform_0/system.hdf'.
13:46:24 INFO  : 'configparams force-mem-access 1' command is executed.
13:46:24 INFO  : Context for 'APU' is selected.
13:46:25 INFO  : 'ps7_init' command is executed.
13:46:25 INFO  : 'ps7_post_config' command is executed.
13:46:25 INFO  : Context for processor 'ps7_cortexa9_0' is selected.
13:46:25 INFO  : The application 'Z:/Repositories/PynqNet/MinimalEmioExample/MinimalEmioExample.sdk/LEDexample/Debug/LEDexample.elf' is downloaded to processor 'ps7_cortexa9_0'.
13:46:25 INFO  : 'configparams force-mem-access 0' command is executed.
13:46:25 INFO  : ----------------XSDB Script----------------
connect -url tcp:127.0.0.1:3121
source Z:/Repositories/PynqNet/MinimalEmioExample/MinimalEmioExample.sdk/design_1_wrapper_hw_platform_0/ps7_init.tcl
targets -set -nocase -filter {name =~"APU*" && jtag_cable_name =~ "Xilinx PYNQ-Z1 003017A9395DA"} -index 0
rst -system
after 3000
targets -set -filter {jtag_cable_name =~ "Xilinx PYNQ-Z1 003017A9395DA" && level==0} -index 1
fpga -file Z:/Repositories/PynqNet/MinimalEmioExample/MinimalEmioExample.sdk/design_1_wrapper_hw_platform_0/design_1_wrapper.bit
targets -set -nocase -filter {name =~"APU*" && jtag_cable_name =~ "Xilinx PYNQ-Z1 003017A9395DA"} -index 0
loadhw -hw Z:/Repositories/PynqNet/MinimalEmioExample/MinimalEmioExample.sdk/design_1_wrapper_hw_platform_0/system.hdf -mem-ranges [list {0x40000000 0xbfffffff}]
configparams force-mem-access 1
targets -set -nocase -filter {name =~"APU*" && jtag_cable_name =~ "Xilinx PYNQ-Z1 003017A9395DA"} -index 0
ps7_init
ps7_post_config
targets -set -nocase -filter {name =~ "ARM*#0" && jtag_cable_name =~ "Xilinx PYNQ-Z1 003017A9395DA"} -index 0
dow Z:/Repositories/PynqNet/MinimalEmioExample/MinimalEmioExample.sdk/LEDexample/Debug/LEDexample.elf
configparams force-mem-access 0
----------------End of Script----------------

13:46:25 INFO  : Context for processor 'ps7_cortexa9_0' is selected.
13:46:25 INFO  : 'con' command is executed.
13:46:25 INFO  : ----------------XSDB Script (After Launch)----------------
targets -set -nocase -filter {name =~ "ARM*#0" && jtag_cable_name =~ "Xilinx PYNQ-Z1 003017A9395DA"} -index 0
con
----------------End of Script----------------

13:46:25 INFO  : Disconnected from the channel tcfchan#12.
13:47:30 INFO  : Connected to target on host '127.0.0.1' and port '3121'.
13:47:31 INFO  : Jtag cable 'Xilinx PYNQ-Z1 003017A9395DA' is selected.
13:47:31 INFO  : 'jtag frequency' command is executed.
13:47:31 INFO  : Sourcing of 'Z:/Repositories/PynqNet/MinimalEmioExample/MinimalEmioExample.sdk/design_1_wrapper_hw_platform_0/ps7_init.tcl' is done.
13:47:32 INFO  : Context for 'APU' is selected.
13:47:32 INFO  : System reset is completed.
13:47:35 INFO  : 'after 3000' command is executed.
13:47:36 INFO  : 'targets -set -filter {jtag_cable_name =~ "Xilinx PYNQ-Z1 003017A9395DA" && level==0} -index 1' command is executed.
13:47:39 INFO  : FPGA configured successfully with bitstream "Z:/Repositories/PynqNet/MinimalEmioExample/MinimalEmioExample.sdk/design_1_wrapper_hw_platform_0/design_1_wrapper.bit"
13:47:40 INFO  : Context for 'APU' is selected.
13:47:40 INFO  : Hardware design information is loaded from 'Z:/Repositories/PynqNet/MinimalEmioExample/MinimalEmioExample.sdk/design_1_wrapper_hw_platform_0/system.hdf'.
13:47:40 INFO  : 'configparams force-mem-access 1' command is executed.
13:47:40 INFO  : Context for 'APU' is selected.
13:47:41 INFO  : 'ps7_init' command is executed.
13:47:41 INFO  : 'ps7_post_config' command is executed.
13:47:41 INFO  : Context for processor 'ps7_cortexa9_0' is selected.
13:47:41 INFO  : The application 'Z:/Repositories/PynqNet/MinimalEmioExample/MinimalEmioExample.sdk/LEDexample/Debug/LEDexample.elf' is downloaded to processor 'ps7_cortexa9_0'.
13:47:41 INFO  : 'configparams force-mem-access 0' command is executed.
13:47:41 INFO  : ----------------XSDB Script----------------
connect -url tcp:127.0.0.1:3121
source Z:/Repositories/PynqNet/MinimalEmioExample/MinimalEmioExample.sdk/design_1_wrapper_hw_platform_0/ps7_init.tcl
targets -set -nocase -filter {name =~"APU*" && jtag_cable_name =~ "Xilinx PYNQ-Z1 003017A9395DA"} -index 0
rst -system
after 3000
targets -set -filter {jtag_cable_name =~ "Xilinx PYNQ-Z1 003017A9395DA" && level==0} -index 1
fpga -file Z:/Repositories/PynqNet/MinimalEmioExample/MinimalEmioExample.sdk/design_1_wrapper_hw_platform_0/design_1_wrapper.bit
targets -set -nocase -filter {name =~"APU*" && jtag_cable_name =~ "Xilinx PYNQ-Z1 003017A9395DA"} -index 0
loadhw -hw Z:/Repositories/PynqNet/MinimalEmioExample/MinimalEmioExample.sdk/design_1_wrapper_hw_platform_0/system.hdf -mem-ranges [list {0x40000000 0xbfffffff}]
configparams force-mem-access 1
targets -set -nocase -filter {name =~"APU*" && jtag_cable_name =~ "Xilinx PYNQ-Z1 003017A9395DA"} -index 0
ps7_init
ps7_post_config
targets -set -nocase -filter {name =~ "ARM*#0" && jtag_cable_name =~ "Xilinx PYNQ-Z1 003017A9395DA"} -index 0
dow Z:/Repositories/PynqNet/MinimalEmioExample/MinimalEmioExample.sdk/LEDexample/Debug/LEDexample.elf
configparams force-mem-access 0
----------------End of Script----------------

13:47:41 INFO  : Context for processor 'ps7_cortexa9_0' is selected.
13:47:41 INFO  : 'con' command is executed.
13:47:41 INFO  : ----------------XSDB Script (After Launch)----------------
targets -set -nocase -filter {name =~ "ARM*#0" && jtag_cable_name =~ "Xilinx PYNQ-Z1 003017A9395DA"} -index 0
con
----------------End of Script----------------

13:47:41 INFO  : Disconnected from the channel tcfchan#13.
13:52:13 INFO  : Connected to target on host '127.0.0.1' and port '3121'.
13:52:14 INFO  : Jtag cable 'Xilinx PYNQ-Z1 003017A9395DA' is selected.
13:52:14 INFO  : 'jtag frequency' command is executed.
13:52:14 INFO  : Sourcing of 'Z:/Repositories/PynqNet/MinimalEmioExample/MinimalEmioExample.sdk/design_1_wrapper_hw_platform_0/ps7_init.tcl' is done.
13:52:15 INFO  : Context for 'APU' is selected.
13:52:15 INFO  : System reset is completed.
13:52:18 INFO  : 'after 3000' command is executed.
13:52:19 INFO  : 'targets -set -filter {jtag_cable_name =~ "Xilinx PYNQ-Z1 003017A9395DA" && level==0} -index 1' command is executed.
13:52:22 INFO  : FPGA configured successfully with bitstream "Z:/Repositories/PynqNet/MinimalEmioExample/MinimalEmioExample.sdk/design_1_wrapper_hw_platform_0/design_1_wrapper.bit"
13:52:22 INFO  : Context for 'APU' is selected.
13:52:23 INFO  : Hardware design information is loaded from 'Z:/Repositories/PynqNet/MinimalEmioExample/MinimalEmioExample.sdk/design_1_wrapper_hw_platform_0/system.hdf'.
13:52:23 INFO  : 'configparams force-mem-access 1' command is executed.
13:52:23 INFO  : Context for 'APU' is selected.
13:52:24 INFO  : 'ps7_init' command is executed.
13:52:24 INFO  : 'ps7_post_config' command is executed.
13:52:24 INFO  : Context for processor 'ps7_cortexa9_0' is selected.
13:52:24 INFO  : The application 'Z:/Repositories/PynqNet/MinimalEmioExample/MinimalEmioExample.sdk/LEDexample/Debug/LEDexample.elf' is downloaded to processor 'ps7_cortexa9_0'.
13:52:24 INFO  : 'configparams force-mem-access 0' command is executed.
13:52:24 INFO  : ----------------XSDB Script----------------
connect -url tcp:127.0.0.1:3121
source Z:/Repositories/PynqNet/MinimalEmioExample/MinimalEmioExample.sdk/design_1_wrapper_hw_platform_0/ps7_init.tcl
targets -set -nocase -filter {name =~"APU*" && jtag_cable_name =~ "Xilinx PYNQ-Z1 003017A9395DA"} -index 0
rst -system
after 3000
targets -set -filter {jtag_cable_name =~ "Xilinx PYNQ-Z1 003017A9395DA" && level==0} -index 1
fpga -file Z:/Repositories/PynqNet/MinimalEmioExample/MinimalEmioExample.sdk/design_1_wrapper_hw_platform_0/design_1_wrapper.bit
targets -set -nocase -filter {name =~"APU*" && jtag_cable_name =~ "Xilinx PYNQ-Z1 003017A9395DA"} -index 0
loadhw -hw Z:/Repositories/PynqNet/MinimalEmioExample/MinimalEmioExample.sdk/design_1_wrapper_hw_platform_0/system.hdf -mem-ranges [list {0x40000000 0xbfffffff}]
configparams force-mem-access 1
targets -set -nocase -filter {name =~"APU*" && jtag_cable_name =~ "Xilinx PYNQ-Z1 003017A9395DA"} -index 0
ps7_init
ps7_post_config
targets -set -nocase -filter {name =~ "ARM*#0" && jtag_cable_name =~ "Xilinx PYNQ-Z1 003017A9395DA"} -index 0
dow Z:/Repositories/PynqNet/MinimalEmioExample/MinimalEmioExample.sdk/LEDexample/Debug/LEDexample.elf
configparams force-mem-access 0
----------------End of Script----------------

13:52:24 INFO  : Context for processor 'ps7_cortexa9_0' is selected.
13:52:24 INFO  : 'con' command is executed.
13:52:24 INFO  : ----------------XSDB Script (After Launch)----------------
targets -set -nocase -filter {name =~ "ARM*#0" && jtag_cable_name =~ "Xilinx PYNQ-Z1 003017A9395DA"} -index 0
con
----------------End of Script----------------

13:52:24 INFO  : Disconnected from the channel tcfchan#14.
13:54:32 INFO  : Connected to target on host '127.0.0.1' and port '3121'.
13:54:34 INFO  : Jtag cable 'Xilinx PYNQ-Z1 003017A9395DA' is selected.
13:54:34 INFO  : 'jtag frequency' command is executed.
13:54:34 INFO  : Sourcing of 'Z:/Repositories/PynqNet/MinimalEmioExample/MinimalEmioExample.sdk/design_1_wrapper_hw_platform_0/ps7_init.tcl' is done.
13:54:35 INFO  : Context for 'APU' is selected.
13:54:35 INFO  : System reset is completed.
13:54:38 INFO  : 'after 3000' command is executed.
13:54:39 INFO  : 'targets -set -filter {jtag_cable_name =~ "Xilinx PYNQ-Z1 003017A9395DA" && level==0} -index 1' command is executed.
13:54:42 INFO  : FPGA configured successfully with bitstream "Z:/Repositories/PynqNet/MinimalEmioExample/MinimalEmioExample.sdk/design_1_wrapper_hw_platform_0/design_1_wrapper.bit"
13:54:42 INFO  : Context for 'APU' is selected.
13:54:43 INFO  : Hardware design information is loaded from 'Z:/Repositories/PynqNet/MinimalEmioExample/MinimalEmioExample.sdk/design_1_wrapper_hw_platform_0/system.hdf'.
13:54:43 INFO  : 'configparams force-mem-access 1' command is executed.
13:54:43 INFO  : Context for 'APU' is selected.
13:54:43 INFO  : 'ps7_init' command is executed.
13:54:43 INFO  : 'ps7_post_config' command is executed.
13:54:43 INFO  : Context for processor 'ps7_cortexa9_0' is selected.
13:54:43 INFO  : The application 'Z:/Repositories/PynqNet/MinimalEmioExample/MinimalEmioExample.sdk/LEDexample/Debug/LEDexample.elf' is downloaded to processor 'ps7_cortexa9_0'.
13:54:43 INFO  : 'configparams force-mem-access 0' command is executed.
13:54:43 INFO  : ----------------XSDB Script----------------
connect -url tcp:127.0.0.1:3121
source Z:/Repositories/PynqNet/MinimalEmioExample/MinimalEmioExample.sdk/design_1_wrapper_hw_platform_0/ps7_init.tcl
targets -set -nocase -filter {name =~"APU*" && jtag_cable_name =~ "Xilinx PYNQ-Z1 003017A9395DA"} -index 0
rst -system
after 3000
targets -set -filter {jtag_cable_name =~ "Xilinx PYNQ-Z1 003017A9395DA" && level==0} -index 1
fpga -file Z:/Repositories/PynqNet/MinimalEmioExample/MinimalEmioExample.sdk/design_1_wrapper_hw_platform_0/design_1_wrapper.bit
targets -set -nocase -filter {name =~"APU*" && jtag_cable_name =~ "Xilinx PYNQ-Z1 003017A9395DA"} -index 0
loadhw -hw Z:/Repositories/PynqNet/MinimalEmioExample/MinimalEmioExample.sdk/design_1_wrapper_hw_platform_0/system.hdf -mem-ranges [list {0x40000000 0xbfffffff}]
configparams force-mem-access 1
targets -set -nocase -filter {name =~"APU*" && jtag_cable_name =~ "Xilinx PYNQ-Z1 003017A9395DA"} -index 0
ps7_init
ps7_post_config
targets -set -nocase -filter {name =~ "ARM*#0" && jtag_cable_name =~ "Xilinx PYNQ-Z1 003017A9395DA"} -index 0
dow Z:/Repositories/PynqNet/MinimalEmioExample/MinimalEmioExample.sdk/LEDexample/Debug/LEDexample.elf
configparams force-mem-access 0
----------------End of Script----------------

13:54:43 INFO  : Context for processor 'ps7_cortexa9_0' is selected.
13:54:43 INFO  : 'con' command is executed.
13:54:43 INFO  : ----------------XSDB Script (After Launch)----------------
targets -set -nocase -filter {name =~ "ARM*#0" && jtag_cable_name =~ "Xilinx PYNQ-Z1 003017A9395DA"} -index 0
con
----------------End of Script----------------

13:54:43 INFO  : Disconnected from the channel tcfchan#15.
13:54:58 INFO  : Connected to target on host '127.0.0.1' and port '3121'.
13:55:00 INFO  : Jtag cable 'Xilinx PYNQ-Z1 003017A9395DA' is selected.
13:55:00 INFO  : 'jtag frequency' command is executed.
13:55:00 INFO  : Sourcing of 'Z:/Repositories/PynqNet/MinimalEmioExample/MinimalEmioExample.sdk/design_1_wrapper_hw_platform_0/ps7_init.tcl' is done.
13:55:00 INFO  : Context for 'APU' is selected.
13:55:01 INFO  : System reset is completed.
13:55:04 INFO  : 'after 3000' command is executed.
13:55:04 INFO  : 'targets -set -filter {jtag_cable_name =~ "Xilinx PYNQ-Z1 003017A9395DA" && level==0} -index 1' command is executed.
13:55:07 INFO  : FPGA configured successfully with bitstream "Z:/Repositories/PynqNet/MinimalEmioExample/MinimalEmioExample.sdk/design_1_wrapper_hw_platform_0/design_1_wrapper.bit"
13:55:08 INFO  : Context for 'APU' is selected.
13:55:08 INFO  : Hardware design information is loaded from 'Z:/Repositories/PynqNet/MinimalEmioExample/MinimalEmioExample.sdk/design_1_wrapper_hw_platform_0/system.hdf'.
13:55:08 INFO  : 'configparams force-mem-access 1' command is executed.
13:55:09 INFO  : Context for 'APU' is selected.
13:55:09 INFO  : 'ps7_init' command is executed.
13:55:09 INFO  : 'ps7_post_config' command is executed.
13:55:09 INFO  : Context for processor 'ps7_cortexa9_0' is selected.
13:55:09 INFO  : The application 'Z:/Repositories/PynqNet/MinimalEmioExample/MinimalEmioExample.sdk/LEDexample/Debug/LEDexample.elf' is downloaded to processor 'ps7_cortexa9_0'.
13:55:09 INFO  : 'configparams force-mem-access 0' command is executed.
13:55:09 INFO  : ----------------XSDB Script----------------
connect -url tcp:127.0.0.1:3121
source Z:/Repositories/PynqNet/MinimalEmioExample/MinimalEmioExample.sdk/design_1_wrapper_hw_platform_0/ps7_init.tcl
targets -set -nocase -filter {name =~"APU*" && jtag_cable_name =~ "Xilinx PYNQ-Z1 003017A9395DA"} -index 0
rst -system
after 3000
targets -set -filter {jtag_cable_name =~ "Xilinx PYNQ-Z1 003017A9395DA" && level==0} -index 1
fpga -file Z:/Repositories/PynqNet/MinimalEmioExample/MinimalEmioExample.sdk/design_1_wrapper_hw_platform_0/design_1_wrapper.bit
targets -set -nocase -filter {name =~"APU*" && jtag_cable_name =~ "Xilinx PYNQ-Z1 003017A9395DA"} -index 0
loadhw -hw Z:/Repositories/PynqNet/MinimalEmioExample/MinimalEmioExample.sdk/design_1_wrapper_hw_platform_0/system.hdf -mem-ranges [list {0x40000000 0xbfffffff}]
configparams force-mem-access 1
targets -set -nocase -filter {name =~"APU*" && jtag_cable_name =~ "Xilinx PYNQ-Z1 003017A9395DA"} -index 0
ps7_init
ps7_post_config
targets -set -nocase -filter {name =~ "ARM*#0" && jtag_cable_name =~ "Xilinx PYNQ-Z1 003017A9395DA"} -index 0
dow Z:/Repositories/PynqNet/MinimalEmioExample/MinimalEmioExample.sdk/LEDexample/Debug/LEDexample.elf
configparams force-mem-access 0
----------------End of Script----------------

13:55:09 INFO  : Context for processor 'ps7_cortexa9_0' is selected.
13:55:09 INFO  : 'con' command is executed.
13:55:09 INFO  : ----------------XSDB Script (After Launch)----------------
targets -set -nocase -filter {name =~ "ARM*#0" && jtag_cable_name =~ "Xilinx PYNQ-Z1 003017A9395DA"} -index 0
con
----------------End of Script----------------

13:55:09 INFO  : Disconnected from the channel tcfchan#16.
13:55:26 INFO  : Connected to target on host '127.0.0.1' and port '3121'.
13:55:27 INFO  : Jtag cable 'Xilinx PYNQ-Z1 003017A9395DA' is selected.
13:55:27 INFO  : 'jtag frequency' command is executed.
13:55:27 INFO  : Sourcing of 'Z:/Repositories/PynqNet/MinimalEmioExample/MinimalEmioExample.sdk/design_1_wrapper_hw_platform_0/ps7_init.tcl' is done.
13:55:28 INFO  : Context for 'APU' is selected.
13:55:28 INFO  : System reset is completed.
13:55:31 INFO  : 'after 3000' command is executed.
13:55:32 INFO  : 'targets -set -filter {jtag_cable_name =~ "Xilinx PYNQ-Z1 003017A9395DA" && level==0} -index 1' command is executed.
13:55:35 INFO  : FPGA configured successfully with bitstream "Z:/Repositories/PynqNet/MinimalEmioExample/MinimalEmioExample.sdk/design_1_wrapper_hw_platform_0/design_1_wrapper.bit"
13:55:36 INFO  : Context for 'APU' is selected.
13:55:36 INFO  : Hardware design information is loaded from 'Z:/Repositories/PynqNet/MinimalEmioExample/MinimalEmioExample.sdk/design_1_wrapper_hw_platform_0/system.hdf'.
13:55:36 INFO  : 'configparams force-mem-access 1' command is executed.
13:55:37 INFO  : Context for 'APU' is selected.
13:55:37 INFO  : 'ps7_init' command is executed.
13:55:37 INFO  : 'ps7_post_config' command is executed.
13:55:37 INFO  : Context for processor 'ps7_cortexa9_0' is selected.
13:55:37 INFO  : The application 'Z:/Repositories/PynqNet/MinimalEmioExample/MinimalEmioExample.sdk/LEDexample/Debug/LEDexample.elf' is downloaded to processor 'ps7_cortexa9_0'.
13:55:37 INFO  : 'configparams force-mem-access 0' command is executed.
13:55:37 INFO  : ----------------XSDB Script----------------
connect -url tcp:127.0.0.1:3121
source Z:/Repositories/PynqNet/MinimalEmioExample/MinimalEmioExample.sdk/design_1_wrapper_hw_platform_0/ps7_init.tcl
targets -set -nocase -filter {name =~"APU*" && jtag_cable_name =~ "Xilinx PYNQ-Z1 003017A9395DA"} -index 0
rst -system
after 3000
targets -set -filter {jtag_cable_name =~ "Xilinx PYNQ-Z1 003017A9395DA" && level==0} -index 1
fpga -file Z:/Repositories/PynqNet/MinimalEmioExample/MinimalEmioExample.sdk/design_1_wrapper_hw_platform_0/design_1_wrapper.bit
targets -set -nocase -filter {name =~"APU*" && jtag_cable_name =~ "Xilinx PYNQ-Z1 003017A9395DA"} -index 0
loadhw -hw Z:/Repositories/PynqNet/MinimalEmioExample/MinimalEmioExample.sdk/design_1_wrapper_hw_platform_0/system.hdf -mem-ranges [list {0x40000000 0xbfffffff}]
configparams force-mem-access 1
targets -set -nocase -filter {name =~"APU*" && jtag_cable_name =~ "Xilinx PYNQ-Z1 003017A9395DA"} -index 0
ps7_init
ps7_post_config
targets -set -nocase -filter {name =~ "ARM*#0" && jtag_cable_name =~ "Xilinx PYNQ-Z1 003017A9395DA"} -index 0
dow Z:/Repositories/PynqNet/MinimalEmioExample/MinimalEmioExample.sdk/LEDexample/Debug/LEDexample.elf
configparams force-mem-access 0
----------------End of Script----------------

13:55:37 INFO  : Context for processor 'ps7_cortexa9_0' is selected.
13:55:37 INFO  : 'con' command is executed.
13:55:37 INFO  : ----------------XSDB Script (After Launch)----------------
targets -set -nocase -filter {name =~ "ARM*#0" && jtag_cable_name =~ "Xilinx PYNQ-Z1 003017A9395DA"} -index 0
con
----------------End of Script----------------

13:55:37 INFO  : Disconnected from the channel tcfchan#17.
13:55:52 INFO  : Connected to target on host '127.0.0.1' and port '3121'.
13:55:53 INFO  : Jtag cable 'Xilinx PYNQ-Z1 003017A9395DA' is selected.
13:55:53 INFO  : 'jtag frequency' command is executed.
13:55:53 INFO  : Sourcing of 'Z:/Repositories/PynqNet/MinimalEmioExample/MinimalEmioExample.sdk/design_1_wrapper_hw_platform_0/ps7_init.tcl' is done.
13:55:54 INFO  : Context for 'APU' is selected.
13:55:54 INFO  : System reset is completed.
13:55:57 INFO  : 'after 3000' command is executed.
13:55:58 INFO  : 'targets -set -filter {jtag_cable_name =~ "Xilinx PYNQ-Z1 003017A9395DA" && level==0} -index 1' command is executed.
13:56:01 INFO  : FPGA configured successfully with bitstream "Z:/Repositories/PynqNet/MinimalEmioExample/MinimalEmioExample.sdk/design_1_wrapper_hw_platform_0/design_1_wrapper.bit"
13:56:02 INFO  : Context for 'APU' is selected.
13:56:02 INFO  : Hardware design information is loaded from 'Z:/Repositories/PynqNet/MinimalEmioExample/MinimalEmioExample.sdk/design_1_wrapper_hw_platform_0/system.hdf'.
13:56:02 INFO  : 'configparams force-mem-access 1' command is executed.
13:56:03 INFO  : Context for 'APU' is selected.
13:56:03 INFO  : 'ps7_init' command is executed.
13:56:03 INFO  : 'ps7_post_config' command is executed.
13:56:03 INFO  : Context for processor 'ps7_cortexa9_0' is selected.
13:56:03 INFO  : The application 'Z:/Repositories/PynqNet/MinimalEmioExample/MinimalEmioExample.sdk/LEDexample/Debug/LEDexample.elf' is downloaded to processor 'ps7_cortexa9_0'.
13:56:03 INFO  : 'configparams force-mem-access 0' command is executed.
13:56:03 INFO  : ----------------XSDB Script----------------
connect -url tcp:127.0.0.1:3121
source Z:/Repositories/PynqNet/MinimalEmioExample/MinimalEmioExample.sdk/design_1_wrapper_hw_platform_0/ps7_init.tcl
targets -set -nocase -filter {name =~"APU*" && jtag_cable_name =~ "Xilinx PYNQ-Z1 003017A9395DA"} -index 0
rst -system
after 3000
targets -set -filter {jtag_cable_name =~ "Xilinx PYNQ-Z1 003017A9395DA" && level==0} -index 1
fpga -file Z:/Repositories/PynqNet/MinimalEmioExample/MinimalEmioExample.sdk/design_1_wrapper_hw_platform_0/design_1_wrapper.bit
targets -set -nocase -filter {name =~"APU*" && jtag_cable_name =~ "Xilinx PYNQ-Z1 003017A9395DA"} -index 0
loadhw -hw Z:/Repositories/PynqNet/MinimalEmioExample/MinimalEmioExample.sdk/design_1_wrapper_hw_platform_0/system.hdf -mem-ranges [list {0x40000000 0xbfffffff}]
configparams force-mem-access 1
targets -set -nocase -filter {name =~"APU*" && jtag_cable_name =~ "Xilinx PYNQ-Z1 003017A9395DA"} -index 0
ps7_init
ps7_post_config
targets -set -nocase -filter {name =~ "ARM*#0" && jtag_cable_name =~ "Xilinx PYNQ-Z1 003017A9395DA"} -index 0
dow Z:/Repositories/PynqNet/MinimalEmioExample/MinimalEmioExample.sdk/LEDexample/Debug/LEDexample.elf
configparams force-mem-access 0
----------------End of Script----------------

13:56:03 INFO  : Context for processor 'ps7_cortexa9_0' is selected.
13:56:03 INFO  : 'con' command is executed.
13:56:03 INFO  : ----------------XSDB Script (After Launch)----------------
targets -set -nocase -filter {name =~ "ARM*#0" && jtag_cable_name =~ "Xilinx PYNQ-Z1 003017A9395DA"} -index 0
con
----------------End of Script----------------

13:56:03 INFO  : Disconnected from the channel tcfchan#18.
13:56:35 INFO  : Connected to target on host '127.0.0.1' and port '3121'.
13:56:36 INFO  : Jtag cable 'Xilinx PYNQ-Z1 003017A9395DA' is selected.
13:56:36 INFO  : 'jtag frequency' command is executed.
13:56:36 INFO  : Sourcing of 'Z:/Repositories/PynqNet/MinimalEmioExample/MinimalEmioExample.sdk/design_1_wrapper_hw_platform_0/ps7_init.tcl' is done.
13:56:37 INFO  : Context for 'APU' is selected.
13:56:37 INFO  : System reset is completed.
13:56:40 INFO  : 'after 3000' command is executed.
13:56:41 INFO  : 'targets -set -filter {jtag_cable_name =~ "Xilinx PYNQ-Z1 003017A9395DA" && level==0} -index 1' command is executed.
13:56:44 INFO  : FPGA configured successfully with bitstream "Z:/Repositories/PynqNet/MinimalEmioExample/MinimalEmioExample.sdk/design_1_wrapper_hw_platform_0/design_1_wrapper.bit"
13:56:45 INFO  : Context for 'APU' is selected.
13:56:45 INFO  : Hardware design information is loaded from 'Z:/Repositories/PynqNet/MinimalEmioExample/MinimalEmioExample.sdk/design_1_wrapper_hw_platform_0/system.hdf'.
13:56:45 INFO  : 'configparams force-mem-access 1' command is executed.
13:56:46 INFO  : Context for 'APU' is selected.
13:56:46 INFO  : 'ps7_init' command is executed.
13:56:46 INFO  : 'ps7_post_config' command is executed.
13:56:46 INFO  : Context for processor 'ps7_cortexa9_0' is selected.
13:56:46 INFO  : The application 'Z:/Repositories/PynqNet/MinimalEmioExample/MinimalEmioExample.sdk/LEDexample/Debug/LEDexample.elf' is downloaded to processor 'ps7_cortexa9_0'.
13:56:46 INFO  : 'configparams force-mem-access 0' command is executed.
13:56:46 INFO  : ----------------XSDB Script----------------
connect -url tcp:127.0.0.1:3121
source Z:/Repositories/PynqNet/MinimalEmioExample/MinimalEmioExample.sdk/design_1_wrapper_hw_platform_0/ps7_init.tcl
targets -set -nocase -filter {name =~"APU*" && jtag_cable_name =~ "Xilinx PYNQ-Z1 003017A9395DA"} -index 0
rst -system
after 3000
targets -set -filter {jtag_cable_name =~ "Xilinx PYNQ-Z1 003017A9395DA" && level==0} -index 1
fpga -file Z:/Repositories/PynqNet/MinimalEmioExample/MinimalEmioExample.sdk/design_1_wrapper_hw_platform_0/design_1_wrapper.bit
targets -set -nocase -filter {name =~"APU*" && jtag_cable_name =~ "Xilinx PYNQ-Z1 003017A9395DA"} -index 0
loadhw -hw Z:/Repositories/PynqNet/MinimalEmioExample/MinimalEmioExample.sdk/design_1_wrapper_hw_platform_0/system.hdf -mem-ranges [list {0x40000000 0xbfffffff}]
configparams force-mem-access 1
targets -set -nocase -filter {name =~"APU*" && jtag_cable_name =~ "Xilinx PYNQ-Z1 003017A9395DA"} -index 0
ps7_init
ps7_post_config
targets -set -nocase -filter {name =~ "ARM*#0" && jtag_cable_name =~ "Xilinx PYNQ-Z1 003017A9395DA"} -index 0
dow Z:/Repositories/PynqNet/MinimalEmioExample/MinimalEmioExample.sdk/LEDexample/Debug/LEDexample.elf
configparams force-mem-access 0
----------------End of Script----------------

13:56:46 INFO  : Context for processor 'ps7_cortexa9_0' is selected.
13:56:46 INFO  : 'con' command is executed.
13:56:46 INFO  : ----------------XSDB Script (After Launch)----------------
targets -set -nocase -filter {name =~ "ARM*#0" && jtag_cable_name =~ "Xilinx PYNQ-Z1 003017A9395DA"} -index 0
con
----------------End of Script----------------

13:56:46 INFO  : Disconnected from the channel tcfchan#19.
13:57:21 INFO  : Connected to target on host '127.0.0.1' and port '3121'.
13:57:22 INFO  : Jtag cable 'Xilinx PYNQ-Z1 003017A9395DA' is selected.
13:57:22 INFO  : 'jtag frequency' command is executed.
13:57:22 INFO  : Sourcing of 'Z:/Repositories/PynqNet/MinimalEmioExample/MinimalEmioExample.sdk/design_1_wrapper_hw_platform_0/ps7_init.tcl' is done.
13:57:23 INFO  : Context for 'APU' is selected.
13:57:23 INFO  : System reset is completed.
13:57:26 INFO  : 'after 3000' command is executed.
13:57:27 INFO  : 'targets -set -filter {jtag_cable_name =~ "Xilinx PYNQ-Z1 003017A9395DA" && level==0} -index 1' command is executed.
13:57:30 INFO  : FPGA configured successfully with bitstream "Z:/Repositories/PynqNet/MinimalEmioExample/MinimalEmioExample.sdk/design_1_wrapper_hw_platform_0/design_1_wrapper.bit"
13:57:31 INFO  : Context for 'APU' is selected.
13:57:31 INFO  : Hardware design information is loaded from 'Z:/Repositories/PynqNet/MinimalEmioExample/MinimalEmioExample.sdk/design_1_wrapper_hw_platform_0/system.hdf'.
13:57:31 INFO  : 'configparams force-mem-access 1' command is executed.
13:57:32 INFO  : Context for 'APU' is selected.
13:57:32 INFO  : 'ps7_init' command is executed.
13:57:32 INFO  : 'ps7_post_config' command is executed.
13:57:32 INFO  : Context for processor 'ps7_cortexa9_0' is selected.
13:57:32 INFO  : The application 'Z:/Repositories/PynqNet/MinimalEmioExample/MinimalEmioExample.sdk/LEDexample/Debug/LEDexample.elf' is downloaded to processor 'ps7_cortexa9_0'.
13:57:32 INFO  : 'configparams force-mem-access 0' command is executed.
13:57:32 INFO  : ----------------XSDB Script----------------
connect -url tcp:127.0.0.1:3121
source Z:/Repositories/PynqNet/MinimalEmioExample/MinimalEmioExample.sdk/design_1_wrapper_hw_platform_0/ps7_init.tcl
targets -set -nocase -filter {name =~"APU*" && jtag_cable_name =~ "Xilinx PYNQ-Z1 003017A9395DA"} -index 0
rst -system
after 3000
targets -set -filter {jtag_cable_name =~ "Xilinx PYNQ-Z1 003017A9395DA" && level==0} -index 1
fpga -file Z:/Repositories/PynqNet/MinimalEmioExample/MinimalEmioExample.sdk/design_1_wrapper_hw_platform_0/design_1_wrapper.bit
targets -set -nocase -filter {name =~"APU*" && jtag_cable_name =~ "Xilinx PYNQ-Z1 003017A9395DA"} -index 0
loadhw -hw Z:/Repositories/PynqNet/MinimalEmioExample/MinimalEmioExample.sdk/design_1_wrapper_hw_platform_0/system.hdf -mem-ranges [list {0x40000000 0xbfffffff}]
configparams force-mem-access 1
targets -set -nocase -filter {name =~"APU*" && jtag_cable_name =~ "Xilinx PYNQ-Z1 003017A9395DA"} -index 0
ps7_init
ps7_post_config
targets -set -nocase -filter {name =~ "ARM*#0" && jtag_cable_name =~ "Xilinx PYNQ-Z1 003017A9395DA"} -index 0
dow Z:/Repositories/PynqNet/MinimalEmioExample/MinimalEmioExample.sdk/LEDexample/Debug/LEDexample.elf
configparams force-mem-access 0
----------------End of Script----------------

13:57:32 INFO  : Context for processor 'ps7_cortexa9_0' is selected.
13:57:32 INFO  : 'con' command is executed.
13:57:32 INFO  : ----------------XSDB Script (After Launch)----------------
targets -set -nocase -filter {name =~ "ARM*#0" && jtag_cable_name =~ "Xilinx PYNQ-Z1 003017A9395DA"} -index 0
con
----------------End of Script----------------

13:57:32 INFO  : Disconnected from the channel tcfchan#20.
13:59:30 INFO  : Connected to target on host '127.0.0.1' and port '3121'.
13:59:32 INFO  : Jtag cable 'Xilinx PYNQ-Z1 003017A9395DA' is selected.
13:59:32 INFO  : 'jtag frequency' command is executed.
13:59:32 INFO  : Sourcing of 'Z:/Repositories/PynqNet/MinimalEmioExample/MinimalEmioExample.sdk/design_1_wrapper_hw_platform_0/ps7_init.tcl' is done.
13:59:33 INFO  : Context for 'APU' is selected.
13:59:33 INFO  : System reset is completed.
13:59:36 INFO  : 'after 3000' command is executed.
13:59:37 INFO  : 'targets -set -filter {jtag_cable_name =~ "Xilinx PYNQ-Z1 003017A9395DA" && level==0} -index 1' command is executed.
13:59:40 INFO  : FPGA configured successfully with bitstream "Z:/Repositories/PynqNet/MinimalEmioExample/MinimalEmioExample.sdk/design_1_wrapper_hw_platform_0/design_1_wrapper.bit"
13:59:40 INFO  : Context for 'APU' is selected.
13:59:40 INFO  : Hardware design information is loaded from 'Z:/Repositories/PynqNet/MinimalEmioExample/MinimalEmioExample.sdk/design_1_wrapper_hw_platform_0/system.hdf'.
13:59:40 INFO  : 'configparams force-mem-access 1' command is executed.
13:59:41 INFO  : Context for 'APU' is selected.
13:59:41 INFO  : 'ps7_init' command is executed.
13:59:41 INFO  : 'ps7_post_config' command is executed.
13:59:41 INFO  : Context for processor 'ps7_cortexa9_0' is selected.
13:59:41 INFO  : The application 'Z:/Repositories/PynqNet/MinimalEmioExample/MinimalEmioExample.sdk/LEDexample/Debug/LEDexample.elf' is downloaded to processor 'ps7_cortexa9_0'.
13:59:41 INFO  : 'configparams force-mem-access 0' command is executed.
13:59:41 INFO  : ----------------XSDB Script----------------
connect -url tcp:127.0.0.1:3121
source Z:/Repositories/PynqNet/MinimalEmioExample/MinimalEmioExample.sdk/design_1_wrapper_hw_platform_0/ps7_init.tcl
targets -set -nocase -filter {name =~"APU*" && jtag_cable_name =~ "Xilinx PYNQ-Z1 003017A9395DA"} -index 0
rst -system
after 3000
targets -set -filter {jtag_cable_name =~ "Xilinx PYNQ-Z1 003017A9395DA" && level==0} -index 1
fpga -file Z:/Repositories/PynqNet/MinimalEmioExample/MinimalEmioExample.sdk/design_1_wrapper_hw_platform_0/design_1_wrapper.bit
targets -set -nocase -filter {name =~"APU*" && jtag_cable_name =~ "Xilinx PYNQ-Z1 003017A9395DA"} -index 0
loadhw -hw Z:/Repositories/PynqNet/MinimalEmioExample/MinimalEmioExample.sdk/design_1_wrapper_hw_platform_0/system.hdf -mem-ranges [list {0x40000000 0xbfffffff}]
configparams force-mem-access 1
targets -set -nocase -filter {name =~"APU*" && jtag_cable_name =~ "Xilinx PYNQ-Z1 003017A9395DA"} -index 0
ps7_init
ps7_post_config
targets -set -nocase -filter {name =~ "ARM*#0" && jtag_cable_name =~ "Xilinx PYNQ-Z1 003017A9395DA"} -index 0
dow Z:/Repositories/PynqNet/MinimalEmioExample/MinimalEmioExample.sdk/LEDexample/Debug/LEDexample.elf
configparams force-mem-access 0
----------------End of Script----------------

13:59:41 INFO  : Context for processor 'ps7_cortexa9_0' is selected.
13:59:41 INFO  : 'con' command is executed.
13:59:41 INFO  : ----------------XSDB Script (After Launch)----------------
targets -set -nocase -filter {name =~ "ARM*#0" && jtag_cable_name =~ "Xilinx PYNQ-Z1 003017A9395DA"} -index 0
con
----------------End of Script----------------

13:59:41 INFO  : Disconnected from the channel tcfchan#21.
14:00:45 INFO  : Connected to target on host '127.0.0.1' and port '3121'.
14:00:46 INFO  : Jtag cable 'Xilinx PYNQ-Z1 003017A9395DA' is selected.
14:00:46 INFO  : 'jtag frequency' command is executed.
14:00:46 INFO  : Sourcing of 'Z:/Repositories/PynqNet/MinimalEmioExample/MinimalEmioExample.sdk/design_1_wrapper_hw_platform_0/ps7_init.tcl' is done.
14:00:47 INFO  : Context for 'APU' is selected.
14:00:47 INFO  : System reset is completed.
14:00:50 INFO  : 'after 3000' command is executed.
14:00:51 INFO  : 'targets -set -filter {jtag_cable_name =~ "Xilinx PYNQ-Z1 003017A9395DA" && level==0} -index 1' command is executed.
14:00:54 INFO  : FPGA configured successfully with bitstream "Z:/Repositories/PynqNet/MinimalEmioExample/MinimalEmioExample.sdk/design_1_wrapper_hw_platform_0/design_1_wrapper.bit"
14:00:55 INFO  : Context for 'APU' is selected.
14:00:55 INFO  : Hardware design information is loaded from 'Z:/Repositories/PynqNet/MinimalEmioExample/MinimalEmioExample.sdk/design_1_wrapper_hw_platform_0/system.hdf'.
14:00:55 INFO  : 'configparams force-mem-access 1' command is executed.
14:00:56 INFO  : Context for 'APU' is selected.
14:00:56 INFO  : 'ps7_init' command is executed.
14:00:56 INFO  : 'ps7_post_config' command is executed.
14:00:56 INFO  : Context for processor 'ps7_cortexa9_0' is selected.
14:00:56 INFO  : The application 'Z:/Repositories/PynqNet/MinimalEmioExample/MinimalEmioExample.sdk/LEDexample/Debug/LEDexample.elf' is downloaded to processor 'ps7_cortexa9_0'.
14:00:56 INFO  : 'configparams force-mem-access 0' command is executed.
14:00:56 INFO  : ----------------XSDB Script----------------
connect -url tcp:127.0.0.1:3121
source Z:/Repositories/PynqNet/MinimalEmioExample/MinimalEmioExample.sdk/design_1_wrapper_hw_platform_0/ps7_init.tcl
targets -set -nocase -filter {name =~"APU*" && jtag_cable_name =~ "Xilinx PYNQ-Z1 003017A9395DA"} -index 0
rst -system
after 3000
targets -set -filter {jtag_cable_name =~ "Xilinx PYNQ-Z1 003017A9395DA" && level==0} -index 1
fpga -file Z:/Repositories/PynqNet/MinimalEmioExample/MinimalEmioExample.sdk/design_1_wrapper_hw_platform_0/design_1_wrapper.bit
targets -set -nocase -filter {name =~"APU*" && jtag_cable_name =~ "Xilinx PYNQ-Z1 003017A9395DA"} -index 0
loadhw -hw Z:/Repositories/PynqNet/MinimalEmioExample/MinimalEmioExample.sdk/design_1_wrapper_hw_platform_0/system.hdf -mem-ranges [list {0x40000000 0xbfffffff}]
configparams force-mem-access 1
targets -set -nocase -filter {name =~"APU*" && jtag_cable_name =~ "Xilinx PYNQ-Z1 003017A9395DA"} -index 0
ps7_init
ps7_post_config
targets -set -nocase -filter {name =~ "ARM*#0" && jtag_cable_name =~ "Xilinx PYNQ-Z1 003017A9395DA"} -index 0
dow Z:/Repositories/PynqNet/MinimalEmioExample/MinimalEmioExample.sdk/LEDexample/Debug/LEDexample.elf
configparams force-mem-access 0
----------------End of Script----------------

14:00:56 INFO  : Context for processor 'ps7_cortexa9_0' is selected.
14:00:56 INFO  : 'con' command is executed.
14:00:56 INFO  : ----------------XSDB Script (After Launch)----------------
targets -set -nocase -filter {name =~ "ARM*#0" && jtag_cable_name =~ "Xilinx PYNQ-Z1 003017A9395DA"} -index 0
con
----------------End of Script----------------

14:00:56 INFO  : Disconnected from the channel tcfchan#22.
14:07:08 INFO  : SDK has detected change in the last modified timestamps for source hardware specification file Source:1568290012240,  Project:1568286357234
14:07:08 INFO  : Project design_1_wrapper_hw_platform_0's source hardware specification located at Z:/Repositories/PynqNet/MinimalEmioExample/MinimalEmioExample.sdk/design_1_wrapper.hdf is now different from the local copy.
		 The local copy will be replaced with the source specification and your workspace will be updated.
14:07:13 INFO  : Copied contents of Z:/Repositories/PynqNet/MinimalEmioExample/MinimalEmioExample.sdk/design_1_wrapper.hdf into \design_1_wrapper_hw_platform_0\system.hdf.
14:07:19 INFO  : Synchronizing projects in the workspace with the hardware platform specification changes.
14:07:33 INFO  : 
14:07:33 INFO  : Updating hardware inferred compiler options for LEDexample.
14:07:34 INFO  : Clearing existing target manager status.
14:07:34 INFO  : Closing and re-opening the MSS file of ther project LEDexample_bsp
14:07:34 INFO  : Closing and re-opening the MSS file of ther project LEDexample_bsp
14:07:34 INFO  : Workspace synchronized with the new hardware specification file. Cleaning dependent projects...
14:07:36 WARN  : Linker script will not be updated automatically. Users need to update it manually.
14:08:49 INFO  : Connected to target on host '127.0.0.1' and port '3121'.
14:08:50 INFO  : 'targets -set -filter {jtag_cable_name =~ "Xilinx PYNQ-Z1 003017A9395DA" && level==0} -index 1' command is executed.
14:08:54 INFO  : FPGA configured successfully with bitstream "Z:/Repositories/PynqNet/MinimalEmioExample/MinimalEmioExample.sdk/design_1_wrapper_hw_platform_0/design_1_wrapper.bit"
14:09:57 INFO  : Connected to target on host '127.0.0.1' and port '3121'.
14:09:58 INFO  : 'targets -set -filter {jtag_cable_name =~ "Xilinx PYNQ-Z1 003017A9395DA" && level==0} -index 1' command is executed.
14:10:01 INFO  : FPGA configured successfully with bitstream "Z:/Repositories/PynqNet/MinimalEmioExample/MinimalEmioExample.sdk/design_1_wrapper_hw_platform_0/design_1_wrapper.bit"
14:10:38 INFO  : Connected to target on host '127.0.0.1' and port '3121'.
14:10:39 INFO  : Jtag cable 'Xilinx PYNQ-Z1 003017A9395DA' is selected.
14:10:39 INFO  : 'jtag frequency' command is executed.
14:10:39 INFO  : Sourcing of 'Z:/Repositories/PynqNet/MinimalEmioExample/MinimalEmioExample.sdk/design_1_wrapper_hw_platform_0/ps7_init.tcl' is done.
14:10:39 INFO  : Context for 'APU' is selected.
14:10:39 INFO  : System reset is completed.
14:10:42 INFO  : 'after 3000' command is executed.
14:10:42 INFO  : 'targets -set -filter {jtag_cable_name =~ "Xilinx PYNQ-Z1 003017A9395DA" && level==0} -index 1' command is executed.
14:10:44 INFO  : FPGA configured successfully with bitstream "Z:/Repositories/PynqNet/MinimalEmioExample/MinimalEmioExample.sdk/design_1_wrapper_hw_platform_0/design_1_wrapper.bit"
14:10:45 INFO  : Context for 'APU' is selected.
14:10:45 INFO  : Hardware design information is loaded from 'Z:/Repositories/PynqNet/MinimalEmioExample/MinimalEmioExample.sdk/design_1_wrapper_hw_platform_0/system.hdf'.
14:10:45 INFO  : 'configparams force-mem-access 1' command is executed.
14:10:45 INFO  : Context for 'APU' is selected.
14:10:45 ERROR : Memory read error at 0xF8006054. Cannot flush JTAG server queue. FT_Read failed: io error
14:10:45 INFO  : ----------------XSDB Script----------------
connect -url tcp:127.0.0.1:3121
source Z:/Repositories/PynqNet/MinimalEmioExample/MinimalEmioExample.sdk/design_1_wrapper_hw_platform_0/ps7_init.tcl
targets -set -nocase -filter {name =~"APU*" && jtag_cable_name =~ "Xilinx PYNQ-Z1 003017A9395DA"} -index 0
rst -system
after 3000
targets -set -filter {jtag_cable_name =~ "Xilinx PYNQ-Z1 003017A9395DA" && level==0} -index 1
fpga -file Z:/Repositories/PynqNet/MinimalEmioExample/MinimalEmioExample.sdk/design_1_wrapper_hw_platform_0/design_1_wrapper.bit
targets -set -nocase -filter {name =~"APU*" && jtag_cable_name =~ "Xilinx PYNQ-Z1 003017A9395DA"} -index 0
loadhw -hw Z:/Repositories/PynqNet/MinimalEmioExample/MinimalEmioExample.sdk/design_1_wrapper_hw_platform_0/system.hdf -mem-ranges [list {0x40000000 0xbfffffff}]
configparams force-mem-access 1
targets -set -nocase -filter {name =~"APU*" && jtag_cable_name =~ "Xilinx PYNQ-Z1 003017A9395DA"} -index 0
ps7_init
----------------End of Script----------------

14:10:58 INFO  : Connected to target on host '127.0.0.1' and port '3121'.
14:10:58 INFO  : Jtag cable 'Xilinx PYNQ-Z1 003017A9395DA' is selected.
14:10:58 INFO  : 'jtag frequency' command is executed.
14:10:58 INFO  : Sourcing of 'Z:/Repositories/PynqNet/MinimalEmioExample/MinimalEmioExample.sdk/design_1_wrapper_hw_platform_0/ps7_init.tcl' is done.
14:10:59 INFO  : Context for 'APU' is selected.
14:10:59 INFO  : System reset is completed.
14:11:02 INFO  : 'after 3000' command is executed.
14:11:03 INFO  : 'targets -set -filter {jtag_cable_name =~ "Xilinx PYNQ-Z1 003017A9395DA" && level==0} -index 1' command is executed.
14:11:06 INFO  : FPGA configured successfully with bitstream "Z:/Repositories/PynqNet/MinimalEmioExample/MinimalEmioExample.sdk/design_1_wrapper_hw_platform_0/design_1_wrapper.bit"
14:11:07 INFO  : Context for 'APU' is selected.
14:11:07 INFO  : Hardware design information is loaded from 'Z:/Repositories/PynqNet/MinimalEmioExample/MinimalEmioExample.sdk/design_1_wrapper_hw_platform_0/system.hdf'.
14:11:07 INFO  : 'configparams force-mem-access 1' command is executed.
14:11:07 INFO  : Context for 'APU' is selected.
14:11:07 INFO  : 'ps7_init' command is executed.
14:11:07 INFO  : 'ps7_post_config' command is executed.
14:11:07 INFO  : Context for processor 'ps7_cortexa9_0' is selected.
14:11:07 INFO  : The application 'Z:/Repositories/PynqNet/MinimalEmioExample/MinimalEmioExample.sdk/LEDexample/Debug/LEDexample.elf' is downloaded to processor 'ps7_cortexa9_0'.
14:11:07 INFO  : 'configparams force-mem-access 0' command is executed.
14:11:07 INFO  : ----------------XSDB Script----------------
connect -url tcp:127.0.0.1:3121
source Z:/Repositories/PynqNet/MinimalEmioExample/MinimalEmioExample.sdk/design_1_wrapper_hw_platform_0/ps7_init.tcl
targets -set -nocase -filter {name =~"APU*" && jtag_cable_name =~ "Xilinx PYNQ-Z1 003017A9395DA"} -index 0
rst -system
after 3000
targets -set -filter {jtag_cable_name =~ "Xilinx PYNQ-Z1 003017A9395DA" && level==0} -index 1
fpga -file Z:/Repositories/PynqNet/MinimalEmioExample/MinimalEmioExample.sdk/design_1_wrapper_hw_platform_0/design_1_wrapper.bit
targets -set -nocase -filter {name =~"APU*" && jtag_cable_name =~ "Xilinx PYNQ-Z1 003017A9395DA"} -index 0
loadhw -hw Z:/Repositories/PynqNet/MinimalEmioExample/MinimalEmioExample.sdk/design_1_wrapper_hw_platform_0/system.hdf -mem-ranges [list {0x40000000 0xbfffffff}]
configparams force-mem-access 1
targets -set -nocase -filter {name =~"APU*" && jtag_cable_name =~ "Xilinx PYNQ-Z1 003017A9395DA"} -index 0
ps7_init
ps7_post_config
targets -set -nocase -filter {name =~ "ARM*#0" && jtag_cable_name =~ "Xilinx PYNQ-Z1 003017A9395DA"} -index 0
dow Z:/Repositories/PynqNet/MinimalEmioExample/MinimalEmioExample.sdk/LEDexample/Debug/LEDexample.elf
configparams force-mem-access 0
----------------End of Script----------------

14:11:07 INFO  : Context for processor 'ps7_cortexa9_0' is selected.
14:11:07 INFO  : 'con' command is executed.
14:11:07 INFO  : ----------------XSDB Script (After Launch)----------------
targets -set -nocase -filter {name =~ "ARM*#0" && jtag_cable_name =~ "Xilinx PYNQ-Z1 003017A9395DA"} -index 0
con
----------------End of Script----------------

14:11:07 INFO  : Disconnected from the channel tcfchan#23.
14:11:50 INFO  : 'targets -set -filter {jtag_cable_name =~ "Xilinx PYNQ-Z1 003017A9395DA" && level==0} -index 1' command is executed.
14:11:50 INFO  : 'fpga -state' command is executed.
14:11:50 INFO  : Connected to target on host '127.0.0.1' and port '3121'.
14:11:51 INFO  : Jtag cable 'Xilinx PYNQ-Z1 003017A9395DA' is selected.
14:11:51 INFO  : 'jtag frequency' command is executed.
14:11:51 INFO  : Sourcing of 'Z:/Repositories/PynqNet/MinimalEmioExample/MinimalEmioExample.sdk/design_1_wrapper_hw_platform_0/ps7_init.tcl' is done.
14:11:51 INFO  : Context for 'APU' is selected.
14:11:51 INFO  : Hardware design information is loaded from 'Z:/Repositories/PynqNet/MinimalEmioExample/MinimalEmioExample.sdk/design_1_wrapper_hw_platform_0/system.hdf'.
14:11:51 INFO  : 'configparams force-mem-access 1' command is executed.
14:11:51 INFO  : Context for 'APU' is selected.
14:11:51 INFO  : 'stop' command is executed.
14:11:52 ERROR : Memory write error at 0xF8000104. Cannot flush JTAG server queue. FT_Read failed: io error
14:11:52 INFO  : ----------------XSDB Script----------------
connect -url tcp:127.0.0.1:3121
source Z:/Repositories/PynqNet/MinimalEmioExample/MinimalEmioExample.sdk/design_1_wrapper_hw_platform_0/ps7_init.tcl
targets -set -nocase -filter {name =~"APU*" && jtag_cable_name =~ "Xilinx PYNQ-Z1 003017A9395DA"} -index 0
loadhw -hw Z:/Repositories/PynqNet/MinimalEmioExample/MinimalEmioExample.sdk/design_1_wrapper_hw_platform_0/system.hdf -mem-ranges [list {0x40000000 0xbfffffff}]
configparams force-mem-access 1
targets -set -nocase -filter {name =~"APU*" && jtag_cable_name =~ "Xilinx PYNQ-Z1 003017A9395DA"} -index 0
stop
ps7_init
----------------End of Script----------------

14:12:02 INFO  : 'targets -set -filter {jtag_cable_name =~ "Xilinx PYNQ-Z1 003017A9395DA" && level==0} -index 1' command is executed.
14:12:02 INFO  : 'fpga -state' command is executed.
14:12:06 INFO  : Memory regions updated for context APU
14:12:09 INFO  : 'targets -set -filter {jtag_cable_name =~ "Xilinx PYNQ-Z1 003017A9395DA" && level==0} -index 1' command is executed.
14:12:09 INFO  : 'fpga -state' command is executed.
14:12:16 INFO  : Connected to target on host '127.0.0.1' and port '3121'.
14:12:17 INFO  : Jtag cable 'Xilinx PYNQ-Z1 003017A9395DA' is selected.
14:12:17 INFO  : 'jtag frequency' command is executed.
14:12:17 INFO  : Sourcing of 'Z:/Repositories/PynqNet/MinimalEmioExample/MinimalEmioExample.sdk/design_1_wrapper_hw_platform_0/ps7_init.tcl' is done.
14:12:17 INFO  : Context for 'APU' is selected.
14:12:17 INFO  : Hardware design information is loaded from 'Z:/Repositories/PynqNet/MinimalEmioExample/MinimalEmioExample.sdk/design_1_wrapper_hw_platform_0/system.hdf'.
14:12:17 INFO  : 'configparams force-mem-access 1' command is executed.
14:12:17 INFO  : Context for 'APU' is selected.
14:12:17 INFO  : 'stop' command is executed.
14:12:17 ERROR : Memory read error at 0xF8000118. Cannot flush JTAG server queue. FT_Write failed: io error
14:12:17 INFO  : ----------------XSDB Script----------------
connect -url tcp:127.0.0.1:3121
source Z:/Repositories/PynqNet/MinimalEmioExample/MinimalEmioExample.sdk/design_1_wrapper_hw_platform_0/ps7_init.tcl
targets -set -nocase -filter {name =~"APU*" && jtag_cable_name =~ "Xilinx PYNQ-Z1 003017A9395DA"} -index 0
loadhw -hw Z:/Repositories/PynqNet/MinimalEmioExample/MinimalEmioExample.sdk/design_1_wrapper_hw_platform_0/system.hdf -mem-ranges [list {0x40000000 0xbfffffff}]
configparams force-mem-access 1
targets -set -nocase -filter {name =~"APU*" && jtag_cable_name =~ "Xilinx PYNQ-Z1 003017A9395DA"} -index 0
stop
ps7_init
----------------End of Script----------------

14:12:47 INFO  : Connected to target on host '127.0.0.1' and port '3121'.
14:12:48 INFO  : Jtag cable 'Xilinx PYNQ-Z1 003017A9395DA' is selected.
14:12:48 INFO  : 'jtag frequency' command is executed.
14:12:48 INFO  : Sourcing of 'Z:/Repositories/PynqNet/MinimalEmioExample/MinimalEmioExample.sdk/design_1_wrapper_hw_platform_0/ps7_init.tcl' is done.
14:12:48 INFO  : Context for 'APU' is selected.
14:12:48 INFO  : System reset is completed.
14:12:51 INFO  : 'after 3000' command is executed.
14:12:51 INFO  : 'targets -set -filter {jtag_cable_name =~ "Xilinx PYNQ-Z1 003017A9395DA" && level==0} -index 1' command is executed.
14:12:53 INFO  : FPGA configured successfully with bitstream "Z:/Repositories/PynqNet/MinimalEmioExample/MinimalEmioExample.sdk/design_1_wrapper_hw_platform_0/design_1_wrapper.bit"
14:12:53 INFO  : Context for 'APU' is selected.
14:12:53 INFO  : Hardware design information is loaded from 'Z:/Repositories/PynqNet/MinimalEmioExample/MinimalEmioExample.sdk/design_1_wrapper_hw_platform_0/system.hdf'.
14:12:53 INFO  : 'configparams force-mem-access 1' command is executed.
14:12:53 INFO  : Context for 'APU' is selected.
14:12:54 INFO  : 'ps7_init' command is executed.
14:12:54 INFO  : 'ps7_post_config' command is executed.
14:12:54 INFO  : Context for processor 'ps7_cortexa9_0' is selected.
14:12:54 INFO  : The application 'Z:/Repositories/PynqNet/MinimalEmioExample/MinimalEmioExample.sdk/LEDexample/Debug/LEDexample.elf' is downloaded to processor 'ps7_cortexa9_0'.
14:12:54 INFO  : 'configparams force-mem-access 0' command is executed.
14:12:54 INFO  : ----------------XSDB Script----------------
connect -url tcp:127.0.0.1:3121
source Z:/Repositories/PynqNet/MinimalEmioExample/MinimalEmioExample.sdk/design_1_wrapper_hw_platform_0/ps7_init.tcl
targets -set -nocase -filter {name =~"APU*" && jtag_cable_name =~ "Xilinx PYNQ-Z1 003017A9395DA"} -index 0
rst -system
after 3000
targets -set -filter {jtag_cable_name =~ "Xilinx PYNQ-Z1 003017A9395DA" && level==0} -index 1
fpga -file Z:/Repositories/PynqNet/MinimalEmioExample/MinimalEmioExample.sdk/design_1_wrapper_hw_platform_0/design_1_wrapper.bit
targets -set -nocase -filter {name =~"APU*" && jtag_cable_name =~ "Xilinx PYNQ-Z1 003017A9395DA"} -index 0
loadhw -hw Z:/Repositories/PynqNet/MinimalEmioExample/MinimalEmioExample.sdk/design_1_wrapper_hw_platform_0/system.hdf -mem-ranges [list {0x40000000 0xbfffffff}]
configparams force-mem-access 1
targets -set -nocase -filter {name =~"APU*" && jtag_cable_name =~ "Xilinx PYNQ-Z1 003017A9395DA"} -index 0
ps7_init
ps7_post_config
targets -set -nocase -filter {name =~ "ARM*#0" && jtag_cable_name =~ "Xilinx PYNQ-Z1 003017A9395DA"} -index 0
dow Z:/Repositories/PynqNet/MinimalEmioExample/MinimalEmioExample.sdk/LEDexample/Debug/LEDexample.elf
configparams force-mem-access 0
----------------End of Script----------------

14:12:54 INFO  : Context for processor 'ps7_cortexa9_0' is selected.
14:12:54 INFO  : 'con' command is executed.
14:12:54 INFO  : ----------------XSDB Script (After Launch)----------------
targets -set -nocase -filter {name =~ "ARM*#0" && jtag_cable_name =~ "Xilinx PYNQ-Z1 003017A9395DA"} -index 0
con
----------------End of Script----------------

14:12:54 INFO  : Disconnected from the channel tcfchan#24.
